#
# There is insufficient memory for the Java Runtime Environment to continue.
# Native memory allocation (mmap) failed to map 51380224 bytes for Failed to commit area from 0x000000008b600000 to 0x000000008e700000 of length 51380224.
# Possible reasons:
#   The system is out of physical RAM or swap space
#   The process is running with CompressedOops enabled, and the Java Heap may be blocking the growth of the native heap
# Possible solutions:
#   Reduce memory load on the system
#   Increase physical memory or swap space
#   Check if swap backing store is full
#   Decrease Java heap size (-Xmx/-Xms)
#   Decrease number of Java threads
#   Decrease Java thread stack sizes (-Xss)
#   Set larger code cache with -XX:ReservedCodeCacheSize=
#   JVM is running with Unscaled Compressed Oops mode in which the Java heap is
#     placed in the first 4GB address space. The Java Heap base address is the
#     maximum limit for the native heap growth. Please use -XX:HeapBaseMinAddress
#     to set the Java Heap base and to place the Java Heap above 4GB virtual address.
# This output file may be truncated or incomplete.
#
#  Out of Memory Error (./src/hotspot/os/windows/os_windows.cpp:3619), pid=13352, tid=21892
#
# JRE version: OpenJDK Runtime Environment (11.0.13) (build 11.0.13+0-b1751.21-8125866)
# Java VM: OpenJDK 64-Bit Server VM (11.0.13+0-b1751.21-8125866, mixed mode, tiered, compressed oops, g1 gc, windows-amd64)
# No core dump will be written. Minidumps are not enabled by default on client versions of Windows
#

---------------  S U M M A R Y ------------

Command Line: org.jetbrains.kotlin.cli.jvm.K2JVMCompiler @E:\RoyalStoreOnline\app\build\20240108_15925018798787890875.compiler.options

Host: Intel(R) Core(TM) i5-8265U CPU @ 1.60GHz, 8 cores, 7G,  Windows 10 , 64 bit Build 19041 (10.0.19041.3570)
Time: Mon Jan  8 11:10:00 2024 India Standard Time elapsed time: 13.854800 seconds (0d 0h 0m 13s)

---------------  T H R E A D  ---------------

Current thread (0x000001b7ff62e800):  VMThread "VM Thread" [stack: 0x000000a9d7900000,0x000000a9d7a00000] [id=21892]

Stack: [0x000000a9d7900000,0x000000a9d7a00000]
[error occurred during error reporting (printing stack bounds), id 0xc0000005, EXCEPTION_ACCESS_VIOLATION (0xc0000005) at pc=0x000001b7ead9112d]

Native frames: (J=compiled Java code, j=interpreted, Vv=VM code, C=native code)
V  [jvm.dll+0x6100fa]
V  [jvm.dll+0x747090]
V  [jvm.dll+0x7486ad]
V  [jvm.dll+0x748ce5]
V  [jvm.dll+0x748c9b]
V  [jvm.dll+0x60f224]
V  [jvm.dll+0x60f9b8]
C  [ntdll.dll+0xa23af]
C  [ntdll.dll+0x514b4]
C  [ntdll.dll+0xa0ebe]
C  0x000001b7ead9112d

VM_Operation (0x000000a9d73fd9a0): G1CollectForAllocation, mode: safepoint, requested by thread 0x000001b7e7271800


---------------  P R O C E S S  ---------------

Threads class SMR info:
_java_thread_list=0x000001b7878aee40, length=10, elements={
0x000001b7e7271800, 0x000001b7ff630000, 0x000001b7ff631000, 0x000001b7ff64d000,
0x000001b7ff64f800, 0x000001b7ff651000, 0x000001b782043000, 0x000001b782046000,
0x000001b782051800, 0x000001b78219d800
}

Java Threads: ( => current thread )
  0x000001b7e7271800 JavaThread "main" [_thread_blocked, id=5652, stack(0x000000a9d7300000,0x000000a9d7400000)]
  0x000001b7ff630000 JavaThread "Reference Handler" daemon [_thread_blocked, id=24268, stack(0x000000a9d7a00000,0x000000a9d7b00000)]
  0x000001b7ff631000 JavaThread "Finalizer" daemon [_thread_blocked, id=1844, stack(0x000000a9d7b00000,0x000000a9d7c00000)]
  0x000001b7ff64d000 JavaThread "Signal Dispatcher" daemon [_thread_blocked, id=7504, stack(0x000000a9d7c00000,0x000000a9d7d00000)]
  0x000001b7ff64f800 JavaThread "Attach Listener" daemon [_thread_blocked, id=17956, stack(0x000000a9d7d00000,0x000000a9d7e00000)]
  0x000001b7ff651000 JavaThread "Service Thread" daemon [_thread_blocked, id=8524, stack(0x000000a9d7e00000,0x000000a9d7f00000)]
  0x000001b782043000 JavaThread "C2 CompilerThread0" daemon [_thread_blocked, id=15036, stack(0x000000a9d7f00000,0x000000a9d8000000)]
  0x000001b782046000 JavaThread "C1 CompilerThread0" daemon [_thread_blocked, id=1500, stack(0x000000a9d8000000,0x000000a9d8100000)]
  0x000001b782051800 JavaThread "Sweeper thread" daemon [_thread_blocked, id=13828, stack(0x000000a9d8100000,0x000000a9d8200000)]
  0x000001b78219d800 JavaThread "Common-Cleaner" daemon [_thread_blocked, id=8512, stack(0x000000a9d8300000,0x000000a9d8400000)]

Other Threads:
=>0x000001b7ff62e800 VMThread "VM Thread" [stack: 0x000000a9d7900000,0x000000a9d7a00000] [id=21892]
  0x000001b7821b0000 WatcherThread [stack: 0x000000a9d8200000,0x000000a9d8300000] [id=12052]
  0x000001b7e7288800 GCTaskThread "GC Thread#0" [stack: 0x000000a9d7400000,0x000000a9d7500000] [id=8148]
  0x000001b782769000 GCTaskThread "GC Thread#1" [stack: 0x000000a9d8500000,0x000000a9d8600000] [id=12128]
  0x000001b782354800 GCTaskThread "GC Thread#2" [stack: 0x000000a9d8600000,0x000000a9d8700000] [id=22876]
  0x000001b7e72b9800 ConcurrentGCThread "G1 Main Marker" [stack: 0x000000a9d7500000,0x000000a9d7600000] [id=10156]
  0x000001b7e72bc000 ConcurrentGCThread "G1 Conc#0" [stack: 0x000000a9d7600000,0x000000a9d7700000] [id=24092]
  0x000001b78380e800 ConcurrentGCThread "G1 Conc#1" [stack: 0x000000a9d8400000,0x000000a9d8500000] [id=18032]
  0x000001b7e734e000 ConcurrentGCThread "G1 Refine#0" [stack: 0x000000a9d7700000,0x000000a9d7800000] [id=10552]
  0x000001b78329f800 ConcurrentGCThread "G1 Refine#1" [stack: 0x000000a9d8700000,0x000000a9d8800000] [id=11004]
  0x000001b7ff470800 ConcurrentGCThread "G1 Young RemSet Sampling" [stack: 0x000000a9d7800000,0x000000a9d7900000] [id=18940]

Threads with active compile tasks:
C2 CompilerThread0  13867 8779       4       org.jetbrains.org.objectweb.asm.ClassReader::accept (1380 bytes)
C1 CompilerThread0  13867 9070       3       java.util.regex.Pattern$BmpCharPropertyGreedy::match (89 bytes)

VM state:at safepoint (normal execution)

VM Mutex/Monitor currently owned by a thread:  ([mutex/lock_event])
[0x000001b7e726d4c0] Threads_lock - owner thread: 0x000001b7ff62e800
[0x000001b7e726ce00] Heap_lock - owner thread: 0x000001b7e7271800

Heap address: 0x0000000081c00000, size: 2020 MB, Compressed Oops mode: 32-bit
Narrow klass base: 0x0000000000000000, Narrow klass shift: 3
Compressed class space size: 1073741824 Address: 0x0000000100000000

Heap:
 garbage-first heap   total 207872K, used 61440K [0x0000000081c00000, 0x0000000100000000)
  region size 1024K, 3 young (3072K), 3 survivors (3072K)
 Metaspace       used 74082K, capacity 75050K, committed 75216K, reserved 1116160K
  class space    used 8343K, capacity 8722K, committed 8832K, reserved 1048576K
Heap Regions: E=young(eden), S=young(survivor), O=old, HS=humongous(starts), HC=humongous(continues), CS=collection set, F=free, A=archive, TAMS=top-at-mark-start (previous, next)
|   0|0x0000000081c00000, 0x0000000081d00000, 0x0000000081d00000|100%|HS|  |TAMS 0x0000000081d00000, 0x0000000081c00000| Complete 
|   1|0x0000000081d00000, 0x0000000081e00000, 0x0000000081e00000|100%|HC|  |TAMS 0x0000000081e00000, 0x0000000081d00000| Complete 
|   2|0x0000000081e00000, 0x0000000081f00000, 0x0000000081f00000|100%|HC|  |TAMS 0x0000000081f00000, 0x0000000081e00000| Complete 
|   3|0x0000000081f00000, 0x0000000082000000, 0x0000000082000000|100%| O|  |TAMS 0x0000000082000000, 0x0000000081f00000| Untracked 
|   4|0x0000000082000000, 0x0000000082100000, 0x0000000082100000|100%| O|  |TAMS 0x0000000082100000, 0x0000000082000000| Untracked 
|   5|0x0000000082100000, 0x0000000082200000, 0x0000000082200000|100%|HS|  |TAMS 0x0000000082200000, 0x0000000082100000| Complete 
|   6|0x0000000082200000, 0x0000000082300000, 0x0000000082300000|100%|HC|  |TAMS 0x0000000082300000, 0x0000000082200000| Complete 
|   7|0x0000000082300000, 0x0000000082400000, 0x0000000082400000|100%|HC|  |TAMS 0x0000000082400000, 0x0000000082300000| Complete 
|   8|0x0000000082400000, 0x0000000082500000, 0x0000000082500000|100%|HS|  |TAMS 0x0000000082500000, 0x0000000082400000| Complete 
|   9|0x0000000082500000, 0x0000000082600000, 0x0000000082600000|100%|HC|  |TAMS 0x0000000082600000, 0x0000000082500000| Complete 
|  10|0x0000000082600000, 0x0000000082700000, 0x0000000082700000|100%| O|  |TAMS 0x0000000082700000, 0x0000000082600000| Untracked 
|  11|0x0000000082700000, 0x0000000082800000, 0x0000000082800000|100%| O|  |TAMS 0x0000000082800000, 0x0000000082700000| Untracked 
|  12|0x0000000082800000, 0x0000000082900000, 0x0000000082900000|100%| O|  |TAMS 0x0000000082900000, 0x0000000082800000| Untracked 
|  13|0x0000000082900000, 0x0000000082a00000, 0x0000000082a00000|100%| O|  |TAMS 0x0000000082a00000, 0x0000000082900000| Untracked 
|  14|0x0000000082a00000, 0x0000000082b00000, 0x0000000082b00000|100%| O|  |TAMS 0x0000000082b00000, 0x0000000082a00000| Untracked 
|  15|0x0000000082b00000, 0x0000000082c00000, 0x0000000082c00000|100%| O|  |TAMS 0x0000000082c00000, 0x0000000082b00000| Untracked 
|  16|0x0000000082c00000, 0x0000000082d00000, 0x0000000082d00000|100%| O|  |TAMS 0x0000000082d00000, 0x0000000082c00000| Untracked 
|  17|0x0000000082d00000, 0x0000000082e00000, 0x0000000082e00000|100%| O|  |TAMS 0x0000000082e00000, 0x0000000082d00000| Untracked 
|  18|0x0000000082e00000, 0x0000000082f00000, 0x0000000082f00000|100%| O|  |TAMS 0x0000000082f00000, 0x0000000082e00000| Untracked 
|  19|0x0000000082f00000, 0x0000000083000000, 0x0000000083000000|100%| O|  |TAMS 0x0000000083000000, 0x0000000082f00000| Untracked 
|  20|0x0000000083000000, 0x0000000083100000, 0x0000000083100000|100%| O|  |TAMS 0x0000000083100000, 0x0000000083000000| Untracked 
|  21|0x0000000083100000, 0x0000000083200000, 0x0000000083200000|100%| O|  |TAMS 0x0000000083200000, 0x0000000083100000| Untracked 
|  22|0x0000000083200000, 0x0000000083300000, 0x0000000083300000|100%| O|  |TAMS 0x0000000083300000, 0x0000000083200000| Untracked 
|  23|0x0000000083300000, 0x0000000083400000, 0x0000000083400000|100%| O|  |TAMS 0x0000000083400000, 0x0000000083300000| Untracked 
|  24|0x0000000083400000, 0x0000000083500000, 0x0000000083500000|100%| O|  |TAMS 0x0000000083500000, 0x0000000083400000| Untracked 
|  25|0x0000000083500000, 0x0000000083600000, 0x0000000083600000|100%| O|  |TAMS 0x0000000083600000, 0x0000000083500000| Untracked 
|  26|0x0000000083600000, 0x0000000083700000, 0x0000000083700000|100%| O|  |TAMS 0x0000000083700000, 0x0000000083600000| Untracked 
|  27|0x0000000083700000, 0x0000000083800000, 0x0000000083800000|100%| O|  |TAMS 0x0000000083800000, 0x0000000083700000| Untracked 
|  28|0x0000000083800000, 0x0000000083900000, 0x0000000083900000|100%| O|  |TAMS 0x0000000083900000, 0x0000000083800000| Untracked 
|  29|0x0000000083900000, 0x0000000083a00000, 0x0000000083a00000|100%| O|  |TAMS 0x0000000083a00000, 0x0000000083900000| Untracked 
|  30|0x0000000083a00000, 0x0000000083b00000, 0x0000000083b00000|100%| O|  |TAMS 0x0000000083b00000, 0x0000000083a00000| Untracked 
|  31|0x0000000083b00000, 0x0000000083c00000, 0x0000000083c00000|100%| O|  |TAMS 0x0000000083c00000, 0x0000000083b00000| Untracked 
|  32|0x0000000083c00000, 0x0000000083d00000, 0x0000000083d00000|100%| O|  |TAMS 0x0000000083d00000, 0x0000000083c00000| Untracked 
|  33|0x0000000083d00000, 0x0000000083e00000, 0x0000000083e00000|100%| O|  |TAMS 0x0000000083e00000, 0x0000000083d00000| Untracked 
|  34|0x0000000083e00000, 0x0000000083f00000, 0x0000000083f00000|100%| O|  |TAMS 0x0000000083f00000, 0x0000000083e00000| Untracked 
|  35|0x0000000083f00000, 0x0000000084000000, 0x0000000084000000|100%| O|  |TAMS 0x0000000084000000, 0x0000000083f00000| Untracked 
|  36|0x0000000084000000, 0x0000000084100000, 0x0000000084100000|100%| O|  |TAMS 0x0000000084100000, 0x0000000084000000| Untracked 
|  37|0x0000000084100000, 0x0000000084200000, 0x0000000084200000|100%| O|  |TAMS 0x0000000084200000, 0x0000000084100000| Untracked 
|  38|0x0000000084200000, 0x0000000084300000, 0x0000000084300000|100%| O|  |TAMS 0x0000000084300000, 0x0000000084200000| Untracked 
|  39|0x0000000084300000, 0x0000000084400000, 0x0000000084400000|100%| O|  |TAMS 0x0000000084400000, 0x0000000084300000| Untracked 
|  40|0x0000000084400000, 0x0000000084500000, 0x0000000084500000|100%| O|  |TAMS 0x0000000084500000, 0x0000000084400000| Untracked 
|  41|0x0000000084500000, 0x0000000084600000, 0x0000000084600000|100%| O|  |TAMS 0x0000000084600000, 0x0000000084500000| Untracked 
|  42|0x0000000084600000, 0x0000000084700000, 0x0000000084700000|100%| O|  |TAMS 0x0000000084700000, 0x0000000084600000| Untracked 
|  43|0x0000000084700000, 0x0000000084800000, 0x0000000084800000|100%| O|  |TAMS 0x0000000084800000, 0x0000000084700000| Untracked 
|  44|0x0000000084800000, 0x0000000084900000, 0x0000000084900000|100%| O|  |TAMS 0x0000000084900000, 0x0000000084800000| Untracked 
|  45|0x0000000084900000, 0x0000000084a00000, 0x0000000084a00000|100%| O|  |TAMS 0x0000000084a00000, 0x0000000084900000| Untracked 
|  46|0x0000000084a00000, 0x0000000084b00000, 0x0000000084b00000|100%| O|  |TAMS 0x0000000084b00000, 0x0000000084a00000| Untracked 
|  47|0x0000000084b00000, 0x0000000084c00000, 0x0000000084c00000|100%| O|  |TAMS 0x0000000084c00000, 0x0000000084b00000| Untracked 
|  48|0x0000000084c00000, 0x0000000084d00000, 0x0000000084d00000|100%| O|  |TAMS 0x0000000084d00000, 0x0000000084c00000| Untracked 
|  49|0x0000000084d00000, 0x0000000084e00000, 0x0000000084e00000|100%| O|  |TAMS 0x0000000084e00000, 0x0000000084d00000| Untracked 
|  50|0x0000000084e00000, 0x0000000084f00000, 0x0000000084f00000|100%| O|  |TAMS 0x0000000084ed1e00, 0x0000000084e00000| Untracked 
|  51|0x0000000084f00000, 0x0000000085000000, 0x0000000085000000|100%| O|  |TAMS 0x0000000084f00000, 0x0000000084f00000| Untracked 
|  52|0x0000000085000000, 0x0000000085100000, 0x0000000085100000|100%| O|  |TAMS 0x0000000085000000, 0x0000000085000000| Untracked 
|  53|0x0000000085100000, 0x0000000085200000, 0x0000000085200000|100%| O|  |TAMS 0x0000000085100000, 0x0000000085100000| Untracked 
|  54|0x0000000085200000, 0x0000000085300000, 0x0000000085300000|100%| O|  |TAMS 0x0000000085200000, 0x0000000085200000| Untracked 
|  55|0x0000000085300000, 0x0000000085400000, 0x0000000085400000|100%| O|  |TAMS 0x0000000085300000, 0x0000000085300000| Untracked 
|  56|0x0000000085400000, 0x0000000085500000, 0x0000000085500000|100%| O|  |TAMS 0x0000000085400000, 0x0000000085400000| Untracked 
|  57|0x0000000085500000, 0x0000000085500000, 0x0000000085600000|  0%| F|  |TAMS 0x0000000085500000, 0x0000000085500000| Untracked 
|  58|0x0000000085600000, 0x0000000085600000, 0x0000000085700000|  0%| F|  |TAMS 0x0000000085600000, 0x0000000085600000| Untracked 
|  59|0x0000000085700000, 0x0000000085700000, 0x0000000085800000|  0%| F|  |TAMS 0x0000000085700000, 0x0000000085700000| Untracked 
|  60|0x0000000085800000, 0x0000000085800000, 0x0000000085900000|  0%| F|  |TAMS 0x0000000085800000, 0x0000000085800000| Untracked 
|  61|0x0000000085900000, 0x0000000085900000, 0x0000000085a00000|  0%| F|  |TAMS 0x0000000085900000, 0x0000000085900000| Untracked 
|  62|0x0000000085a00000, 0x0000000085a00000, 0x0000000085b00000|  0%| F|  |TAMS 0x0000000085a00000, 0x0000000085a00000| Untracked 
|  63|0x0000000085b00000, 0x0000000085b00000, 0x0000000085c00000|  0%| F|  |TAMS 0x0000000085b00000, 0x0000000085b00000| Untracked 
|  64|0x0000000085c00000, 0x0000000085c00000, 0x0000000085d00000|  0%| F|  |TAMS 0x0000000085c00000, 0x0000000085c00000| Untracked 
|  65|0x0000000085d00000, 0x0000000085d00000, 0x0000000085e00000|  0%| F|  |TAMS 0x0000000085d00000, 0x0000000085d00000| Untracked 
|  66|0x0000000085e00000, 0x0000000085e00000, 0x0000000085f00000|  0%| F|  |TAMS 0x0000000085e00000, 0x0000000085e00000| Untracked 
|  67|0x0000000085f00000, 0x0000000085f00000, 0x0000000086000000|  0%| F|  |TAMS 0x0000000085f00000, 0x0000000085f00000| Untracked 
|  68|0x0000000086000000, 0x0000000086000000, 0x0000000086100000|  0%| F|  |TAMS 0x0000000086000000, 0x0000000086000000| Untracked 
|  69|0x0000000086100000, 0x0000000086100000, 0x0000000086200000|  0%| F|  |TAMS 0x0000000086100000, 0x0000000086100000| Untracked 
|  70|0x0000000086200000, 0x0000000086200000, 0x0000000086300000|  0%| F|  |TAMS 0x0000000086200000, 0x0000000086200000| Untracked 
|  71|0x0000000086300000, 0x0000000086300000, 0x0000000086400000|  0%| F|  |TAMS 0x0000000086300000, 0x0000000086300000| Untracked 
|  72|0x0000000086400000, 0x0000000086400000, 0x0000000086500000|  0%| F|  |TAMS 0x0000000086400000, 0x0000000086400000| Untracked 
|  73|0x0000000086500000, 0x0000000086500000, 0x0000000086600000|  0%| F|  |TAMS 0x0000000086500000, 0x0000000086500000| Untracked 
|  74|0x0000000086600000, 0x0000000086600000, 0x0000000086700000|  0%| F|  |TAMS 0x0000000086600000, 0x0000000086600000| Untracked 
|  75|0x0000000086700000, 0x0000000086700000, 0x0000000086800000|  0%| F|  |TAMS 0x0000000086700000, 0x0000000086700000| Untracked 
|  76|0x0000000086800000, 0x0000000086800000, 0x0000000086900000|  0%| F|  |TAMS 0x0000000086800000, 0x0000000086800000| Untracked 
|  77|0x0000000086900000, 0x0000000086900000, 0x0000000086a00000|  0%| F|  |TAMS 0x0000000086900000, 0x0000000086900000| Untracked 
|  78|0x0000000086a00000, 0x0000000086a00000, 0x0000000086b00000|  0%| F|  |TAMS 0x0000000086a00000, 0x0000000086a00000| Untracked 
|  79|0x0000000086b00000, 0x0000000086b00000, 0x0000000086c00000|  0%| F|  |TAMS 0x0000000086b00000, 0x0000000086b00000| Untracked 
|  80|0x0000000086c00000, 0x0000000086c00000, 0x0000000086d00000|  0%| F|  |TAMS 0x0000000086c00000, 0x0000000086c00000| Untracked 
|  81|0x0000000086d00000, 0x0000000086d00000, 0x0000000086e00000|  0%| F|  |TAMS 0x0000000086d00000, 0x0000000086d00000| Untracked 
|  82|0x0000000086e00000, 0x0000000086e00000, 0x0000000086f00000|  0%| F|  |TAMS 0x0000000086e00000, 0x0000000086e00000| Untracked 
|  83|0x0000000086f00000, 0x0000000086f00000, 0x0000000087000000|  0%| F|  |TAMS 0x0000000086f00000, 0x0000000086f00000| Untracked 
|  84|0x0000000087000000, 0x0000000087000000, 0x0000000087100000|  0%| F|  |TAMS 0x0000000087000000, 0x0000000087000000| Untracked 
|  85|0x0000000087100000, 0x0000000087100000, 0x0000000087200000|  0%| F|  |TAMS 0x0000000087100000, 0x0000000087100000| Untracked 
|  86|0x0000000087200000, 0x0000000087200000, 0x0000000087300000|  0%| F|  |TAMS 0x0000000087200000, 0x0000000087200000| Untracked 
|  87|0x0000000087300000, 0x0000000087300000, 0x0000000087400000|  0%| F|  |TAMS 0x0000000087300000, 0x0000000087300000| Untracked 
|  88|0x0000000087400000, 0x0000000087400000, 0x0000000087500000|  0%| F|  |TAMS 0x0000000087400000, 0x0000000087400000| Untracked 
|  89|0x0000000087500000, 0x0000000087500000, 0x0000000087600000|  0%| F|  |TAMS 0x0000000087500000, 0x0000000087500000| Untracked 
|  90|0x0000000087600000, 0x0000000087600000, 0x0000000087700000|  0%| F|  |TAMS 0x0000000087600000, 0x0000000087600000| Untracked 
|  91|0x0000000087700000, 0x0000000087700000, 0x0000000087800000|  0%| F|  |TAMS 0x0000000087700000, 0x0000000087700000| Untracked 
|  92|0x0000000087800000, 0x0000000087800000, 0x0000000087900000|  0%| F|  |TAMS 0x0000000087800000, 0x0000000087800000| Untracked 
|  93|0x0000000087900000, 0x0000000087900000, 0x0000000087a00000|  0%| F|  |TAMS 0x0000000087900000, 0x0000000087900000| Untracked 
|  94|0x0000000087a00000, 0x0000000087a00000, 0x0000000087b00000|  0%| F|  |TAMS 0x0000000087a00000, 0x0000000087a00000| Untracked 
|  95|0x0000000087b00000, 0x0000000087b00000, 0x0000000087c00000|  0%| F|  |TAMS 0x0000000087b00000, 0x0000000087b00000| Untracked 
|  96|0x0000000087c00000, 0x0000000087c00000, 0x0000000087d00000|  0%| F|  |TAMS 0x0000000087c00000, 0x0000000087c00000| Untracked 
|  97|0x0000000087d00000, 0x0000000087d00000, 0x0000000087e00000|  0%| F|  |TAMS 0x0000000087d00000, 0x0000000087d00000| Untracked 
|  98|0x0000000087e00000, 0x0000000087f00000, 0x0000000087f00000|100%| S|CS|TAMS 0x0000000087e00000, 0x0000000087e00000| Complete 
|  99|0x0000000087f00000, 0x0000000088000000, 0x0000000088000000|100%| S|CS|TAMS 0x0000000087f00000, 0x0000000087f00000| Complete 
| 100|0x0000000088000000, 0x0000000088100000, 0x0000000088100000|100%| S|CS|TAMS 0x0000000088000000, 0x0000000088000000| Complete 
| 101|0x0000000088100000, 0x0000000088100000, 0x0000000088200000|  0%| F|  |TAMS 0x0000000088100000, 0x0000000088100000| Untracked 
| 102|0x0000000088200000, 0x0000000088200000, 0x0000000088300000|  0%| F|  |TAMS 0x0000000088200000, 0x0000000088200000| Untracked 
| 103|0x0000000088300000, 0x0000000088300000, 0x0000000088400000|  0%| F|  |TAMS 0x0000000088300000, 0x0000000088300000| Untracked 
| 104|0x0000000088400000, 0x0000000088400000, 0x0000000088500000|  0%| F|  |TAMS 0x0000000088400000, 0x0000000088400000| Untracked 
| 105|0x0000000088500000, 0x0000000088500000, 0x0000000088600000|  0%| F|  |TAMS 0x0000000088500000, 0x0000000088500000| Untracked 
| 106|0x0000000088600000, 0x0000000088600000, 0x0000000088700000|  0%| F|  |TAMS 0x0000000088600000, 0x0000000088600000| Untracked 
| 107|0x0000000088700000, 0x0000000088700000, 0x0000000088800000|  0%| F|  |TAMS 0x0000000088700000, 0x0000000088700000| Untracked 
| 108|0x0000000088800000, 0x0000000088800000, 0x0000000088900000|  0%| F|  |TAMS 0x0000000088800000, 0x0000000088800000| Untracked 
| 109|0x0000000088900000, 0x0000000088900000, 0x0000000088a00000|  0%| F|  |TAMS 0x0000000088900000, 0x0000000088900000| Untracked 
| 110|0x0000000088a00000, 0x0000000088a00000, 0x0000000088b00000|  0%| F|  |TAMS 0x0000000088a00000, 0x0000000088a00000| Untracked 
| 111|0x0000000088b00000, 0x0000000088b00000, 0x0000000088c00000|  0%| F|  |TAMS 0x0000000088b00000, 0x0000000088b00000| Untracked 
| 112|0x0000000088c00000, 0x0000000088c00000, 0x0000000088d00000|  0%| F|  |TAMS 0x0000000088c00000, 0x0000000088c00000| Untracked 
| 113|0x0000000088d00000, 0x0000000088d00000, 0x0000000088e00000|  0%| F|  |TAMS 0x0000000088d00000, 0x0000000088d00000| Untracked 
| 114|0x0000000088e00000, 0x0000000088e00000, 0x0000000088f00000|  0%| F|  |TAMS 0x0000000088e00000, 0x0000000088e00000| Untracked 
| 115|0x0000000088f00000, 0x0000000088f00000, 0x0000000089000000|  0%| F|  |TAMS 0x0000000088f00000, 0x0000000088f00000| Untracked 
| 116|0x0000000089000000, 0x0000000089000000, 0x0000000089100000|  0%| F|  |TAMS 0x0000000089000000, 0x0000000089000000| Untracked 
| 117|0x0000000089100000, 0x0000000089100000, 0x0000000089200000|  0%| F|  |TAMS 0x0000000089100000, 0x0000000089100000| Untracked 
| 118|0x0000000089200000, 0x0000000089200000, 0x0000000089300000|  0%| F|  |TAMS 0x0000000089200000, 0x0000000089200000| Untracked 
| 119|0x0000000089300000, 0x0000000089300000, 0x0000000089400000|  0%| F|  |TAMS 0x0000000089300000, 0x0000000089300000| Untracked 
| 120|0x0000000089400000, 0x0000000089400000, 0x0000000089500000|  0%| F|  |TAMS 0x0000000089400000, 0x0000000089400000| Untracked 
| 121|0x0000000089500000, 0x0000000089500000, 0x0000000089600000|  0%| F|  |TAMS 0x0000000089500000, 0x0000000089500000| Untracked 
| 122|0x0000000089600000, 0x0000000089600000, 0x0000000089700000|  0%| F|  |TAMS 0x0000000089600000, 0x0000000089600000| Untracked 
| 123|0x0000000089700000, 0x0000000089700000, 0x0000000089800000|  0%| F|  |TAMS 0x0000000089700000, 0x0000000089700000| Untracked 
| 124|0x0000000089800000, 0x0000000089800000, 0x0000000089900000|  0%| F|  |TAMS 0x0000000089800000, 0x0000000089800000| Untracked 
| 125|0x0000000089900000, 0x0000000089900000, 0x0000000089a00000|  0%| F|  |TAMS 0x0000000089900000, 0x0000000089900000| Untracked 
| 126|0x0000000089a00000, 0x0000000089a00000, 0x0000000089b00000|  0%| F|  |TAMS 0x0000000089a00000, 0x0000000089a00000| Untracked 
| 127|0x0000000089b00000, 0x0000000089b00000, 0x0000000089c00000|  0%| F|  |TAMS 0x0000000089b00000, 0x0000000089b00000| Untracked 
| 128|0x0000000089c00000, 0x0000000089c00000, 0x0000000089d00000|  0%| F|  |TAMS 0x0000000089c00000, 0x0000000089c00000| Untracked 
| 129|0x0000000089d00000, 0x0000000089d00000, 0x0000000089e00000|  0%| F|  |TAMS 0x0000000089d00000, 0x0000000089d00000| Untracked 
| 130|0x0000000089e00000, 0x0000000089e00000, 0x0000000089f00000|  0%| F|  |TAMS 0x0000000089e00000, 0x0000000089e00000| Untracked 
| 131|0x0000000089f00000, 0x0000000089f00000, 0x000000008a000000|  0%| F|  |TAMS 0x0000000089f00000, 0x0000000089f00000| Untracked 
| 132|0x000000008a000000, 0x000000008a000000, 0x000000008a100000|  0%| F|  |TAMS 0x000000008a000000, 0x000000008a000000| Untracked 
| 133|0x000000008a100000, 0x000000008a100000, 0x000000008a200000|  0%| F|  |TAMS 0x000000008a100000, 0x000000008a100000| Untracked 
| 134|0x000000008a200000, 0x000000008a200000, 0x000000008a300000|  0%| F|  |TAMS 0x000000008a200000, 0x000000008a200000| Untracked 
| 135|0x000000008a300000, 0x000000008a300000, 0x000000008a400000|  0%| F|  |TAMS 0x000000008a300000, 0x000000008a300000| Untracked 
| 136|0x000000008a400000, 0x000000008a400000, 0x000000008a500000|  0%| F|  |TAMS 0x000000008a400000, 0x000000008a400000| Untracked 
| 137|0x000000008a500000, 0x000000008a500000, 0x000000008a600000|  0%| F|  |TAMS 0x000000008a500000, 0x000000008a500000| Untracked 
| 138|0x000000008a600000, 0x000000008a600000, 0x000000008a700000|  0%| F|  |TAMS 0x000000008a600000, 0x000000008a600000| Untracked 
| 139|0x000000008a700000, 0x000000008a700000, 0x000000008a800000|  0%| F|  |TAMS 0x000000008a700000, 0x000000008a700000| Untracked 
| 140|0x000000008a800000, 0x000000008a800000, 0x000000008a900000|  0%| F|  |TAMS 0x000000008a800000, 0x000000008a800000| Untracked 
| 141|0x000000008a900000, 0x000000008a900000, 0x000000008aa00000|  0%| F|  |TAMS 0x000000008a900000, 0x000000008a900000| Untracked 
| 142|0x000000008aa00000, 0x000000008aa00000, 0x000000008ab00000|  0%| F|  |TAMS 0x000000008aa00000, 0x000000008aa00000| Untracked 
| 143|0x000000008ab00000, 0x000000008ab00000, 0x000000008ac00000|  0%| F|  |TAMS 0x000000008ab00000, 0x000000008ab00000| Untracked 
| 144|0x000000008ac00000, 0x000000008ac00000, 0x000000008ad00000|  0%| F|  |TAMS 0x000000008ac00000, 0x000000008ac00000| Untracked 
| 145|0x000000008ad00000, 0x000000008ad00000, 0x000000008ae00000|  0%| F|  |TAMS 0x000000008ad00000, 0x000000008ad00000| Untracked 
| 146|0x000000008ae00000, 0x000000008ae00000, 0x000000008af00000|  0%| F|  |TAMS 0x000000008ae00000, 0x000000008ae00000| Untracked 
| 147|0x000000008af00000, 0x000000008af00000, 0x000000008b000000|  0%| F|  |TAMS 0x000000008af00000, 0x000000008af00000| Untracked 
| 148|0x000000008b000000, 0x000000008b000000, 0x000000008b100000|  0%| F|  |TAMS 0x000000008b000000, 0x000000008b000000| Untracked 
| 149|0x000000008b100000, 0x000000008b100000, 0x000000008b200000|  0%| F|  |TAMS 0x000000008b100000, 0x000000008b100000| Untracked 
| 150|0x000000008b200000, 0x000000008b200000, 0x000000008b300000|  0%| F|  |TAMS 0x000000008b200000, 0x000000008b200000| Untracked 
| 151|0x000000008b300000, 0x000000008b300000, 0x000000008b400000|  0%| F|  |TAMS 0x000000008b300000, 0x000000008b300000| Untracked 
| 152|0x000000008b400000, 0x000000008b400000, 0x000000008b500000|  0%| F|  |TAMS 0x000000008b400000, 0x000000008b400000| Untracked 
| 153|0x000000008b500000, 0x000000008b500000, 0x000000008b600000|  0%| F|  |TAMS 0x000000008b500000, 0x000000008b500000| Untracked 

Card table byte_map: [0x000001b7fa4c0000,0x000001b7fa8c0000] _byte_map_base: 0x000001b7fa0b2000

Marking Bits (Prev, Next): (CMBitMap*) 0x000001b7e72b0f78, (CMBitMap*) 0x000001b7e72b0fb0
 Prev Bits: [0x000001b7facc0000, 0x000001b7fcc50000)
 Next Bits: [0x000001b7fcc50000, 0x000001b7febe0000)

Polling page: 0x000001b7e5210000

Metaspace:

Usage:
  Non-class:     64.77 MB capacity,    64.20 MB (>99%) used,   457.82 KB ( <1%) free+waste,   130.44 KB ( <1%) overhead. 
      Class:      8.52 MB capacity,     8.15 MB ( 96%) used,   321.67 KB (  4%) free+waste,    57.13 KB ( <1%) overhead. 
       Both:     73.29 MB capacity,    72.35 MB ( 99%) used,   779.49 KB (  1%) free+waste,   187.56 KB ( <1%) overhead. 

Virtual space:
  Non-class space:       66.00 MB reserved,      64.83 MB ( 98%) committed 
      Class space:        1.00 GB reserved,       8.63 MB ( <1%) committed 
             Both:        1.06 GB reserved,      73.45 MB (  7%) committed 

Chunk freelists:
   Non-Class:  56.00 KB
       Class:  14.00 KB
        Both:  70.00 KB

MaxMetaspaceSize: 17179869184.00 GB
CompressedClassSpaceSize: 1.00 GB
Initial GC threshold: 20.80 MB
Current GC threshold: 111.17 MB
CDS: off

CodeHeap 'non-profiled nmethods': size=120000Kb used=3864Kb max_used=3864Kb free=116135Kb
 bounds [0x000001b7f2860000, 0x000001b7f2c30000, 0x000001b7f9d90000]
CodeHeap 'profiled nmethods': size=120000Kb used=22136Kb max_used=22136Kb free=97863Kb
 bounds [0x000001b7eb330000, 0x000001b7ec8d0000, 0x000001b7f2860000]
CodeHeap 'non-nmethods': size=5760Kb used=1321Kb max_used=1369Kb free=4438Kb
 bounds [0x000001b7ead90000, 0x000001b7eb000000, 0x000001b7eb330000]
 total_blobs=9534 nmethods=8923 adapters=521
 compilation: enabled
              stopped_count=0, restarted_count=0
 full_count=0

Compilation events (20 events):
Event: 13.830 Thread 0x000001b782046000 nmethod 9060 0x000001b7ec8c8110 code [0x000001b7ec8c82c0, 0x000001b7ec8c83e8]
Event: 13.830 Thread 0x000001b782046000 9064       2       com.sun.tools.javac.code.Flags::toString (66 bytes)
Event: 13.831 Thread 0x000001b782046000 nmethod 9064 0x000001b7ec8c8490 code [0x000001b7ec8c86c0, 0x000001b7ec8c8b68]
Event: 13.831 Thread 0x000001b782046000 9062       2       com.sun.tools.javac.tree.Pretty::printFlags (57 bytes)
Event: 13.831 Thread 0x000001b782046000 nmethod 9062 0x000001b7ec8c8e90 code [0x000001b7ec8c90a0, 0x000001b7ec8c9318]
Event: 13.831 Thread 0x000001b782046000 9063       2       com.sun.tools.javac.tree.TreeInfo::flagNames (12 bytes)
Event: 13.831 Thread 0x000001b782046000 nmethod 9063 0x000001b7ec8c9490 code [0x000001b7ec8c9660, 0x000001b7ec8c97c8]
Event: 13.831 Thread 0x000001b782046000 9067       2       com.sun.tools.javac.tree.Pretty::printExprs (55 bytes)
Event: 13.832 Thread 0x000001b782046000 nmethod 9067 0x000001b7ec8c9910 code [0x000001b7ec8c9b00, 0x000001b7ec8c9dc8]
Event: 13.832 Thread 0x000001b782046000 9065   !   2       com.sun.tools.javac.tree.Pretty::visitLiteral (282 bytes)
Event: 13.833 Thread 0x000001b782046000 nmethod 9065 0x000001b7ec8c9f90 code [0x000001b7ec8ca3c0, 0x000001b7ec8cb348]
Event: 13.833 Thread 0x000001b782046000 9066       2       com.sun.tools.javac.tree.Pretty::printExprs (8 bytes)
Event: 13.833 Thread 0x000001b782046000 nmethod 9066 0x000001b7ec8cc010 code [0x000001b7ec8cc1c0, 0x000001b7ec8cc2e8]
Event: 13.833 Thread 0x000001b782046000 9061   !   2       com.sun.tools.javac.tree.Pretty::visitModifiers (30 bytes)
Event: 13.834 Thread 0x000001b782046000 nmethod 9061 0x000001b7ec8cc390 code [0x000001b7ec8cc560, 0x000001b7ec8cc788]
Event: 13.835 Thread 0x000001b782046000 9068 %     3       java.util.regex.Pattern$BmpCharPropertyGreedy::match @ 54 (89 bytes)
Event: 13.835 Thread 0x000001b782046000 nmethod 9068% 0x000001b7ec8cc910 code [0x000001b7ec8ccb20, 0x000001b7ec8cd1e8]
Event: 13.835 Thread 0x000001b782046000 9069       2       java.util.EnumSet::noneOf (63 bytes)
Event: 13.836 Thread 0x000001b782046000 nmethod 9069 0x000001b7ec8cd410 code [0x000001b7ec8cd660, 0x000001b7ec8cde78]
Event: 13.838 Thread 0x000001b782046000 9070       3       java.util.regex.Pattern$BmpCharPropertyGreedy::match (89 bytes)

GC Heap History (19 events):
Event: 1.272 GC heap before
{Heap before GC invocations=0 (full 0):
 garbage-first heap   total 131072K, used 27648K [0x0000000081c00000, 0x0000000100000000)
  region size 1024K, 24 young (24576K), 0 survivors (0K)
 Metaspace       used 12513K, capacity 12631K, committed 12800K, reserved 1060864K
  class space    used 1132K, capacity 1184K, committed 1280K, reserved 1048576K
}
Event: 1.277 GC heap after
{Heap after GC invocations=1 (full 0):
 garbage-first heap   total 131072K, used 6406K [0x0000000081c00000, 0x0000000100000000)
  region size 1024K, 3 young (3072K), 3 survivors (3072K)
 Metaspace       used 12513K, capacity 12631K, committed 12800K, reserved 1060864K
  class space    used 1132K, capacity 1184K, committed 1280K, reserved 1048576K
}
Event: 2.009 GC heap before
{Heap before GC invocations=1 (full 0):
 garbage-first heap   total 131072K, used 43270K [0x0000000081c00000, 0x0000000100000000)
  region size 1024K, 40 young (40960K), 3 survivors (3072K)
 Metaspace       used 20843K, capacity 21122K, committed 21296K, reserved 1069056K
  class space    used 2244K, capacity 2340K, committed 2432K, reserved 1048576K
}
Event: 2.016 GC heap after
{Heap after GC invocations=2 (full 0):
 garbage-first heap   total 131072K, used 9861K [0x0000000081c00000, 0x0000000100000000)
  region size 1024K, 7 young (7168K), 7 survivors (7168K)
 Metaspace       used 20843K, capacity 21122K, committed 21296K, reserved 1069056K
  class space    used 2244K, capacity 2340K, committed 2432K, reserved 1048576K
}
Event: 4.340 GC heap before
{Heap before GC invocations=3 (full 0):
 garbage-first heap   total 131072K, used 63109K [0x0000000081c00000, 0x0000000100000000)
  region size 1024K, 54 young (55296K), 7 survivors (7168K)
 Metaspace       used 31597K, capacity 32075K, committed 32432K, reserved 1077248K
  class space    used 3773K, capacity 3969K, committed 4096K, reserved 1048576K
}
Event: 4.355 GC heap after
{Heap after GC invocations=4 (full 0):
 garbage-first heap   total 131072K, used 20679K [0x0000000081c00000, 0x0000000100000000)
  region size 1024K, 7 young (7168K), 7 survivors (7168K)
 Metaspace       used 31597K, capacity 32075K, committed 32432K, reserved 1077248K
  class space    used 3773K, capacity 3969K, committed 4096K, reserved 1048576K
}
Event: 4.999 GC heap before
{Heap before GC invocations=4 (full 0):
 garbage-first heap   total 131072K, used 36039K [0x0000000081c00000, 0x0000000100000000)
  region size 1024K, 23 young (23552K), 7 survivors (7168K)
 Metaspace       used 35285K, capacity 35771K, committed 35920K, reserved 1081344K
  class space    used 4373K, capacity 4580K, committed 4608K, reserved 1048576K
}
Event: 5.015 GC heap after
{Heap after GC invocations=5 (full 0):
 garbage-first heap   total 131072K, used 22896K [0x0000000081c00000, 0x0000000100000000)
  region size 1024K, 6 young (6144K), 6 survivors (6144K)
 Metaspace       used 35285K, capacity 35771K, committed 35920K, reserved 1081344K
  class space    used 4373K, capacity 4580K, committed 4608K, reserved 1048576K
}
Event: 5.805 GC heap before
{Heap before GC invocations=6 (full 0):
 garbage-first heap   total 131072K, used 70000K [0x0000000081c00000, 0x0000000100000000)
  region size 1024K, 52 young (53248K), 6 survivors (6144K)
 Metaspace       used 44186K, capacity 44736K, committed 45008K, reserved 1089536K
  class space    used 5272K, capacity 5496K, committed 5504K, reserved 1048576K
}
Event: 5.817 GC heap after
{Heap after GC invocations=7 (full 0):
 garbage-first heap   total 131072K, used 25956K [0x0000000081c00000, 0x0000000100000000)
  region size 1024K, 7 young (7168K), 7 survivors (7168K)
 Metaspace       used 44186K, capacity 44736K, committed 45008K, reserved 1089536K
  class space    used 5272K, capacity 5496K, committed 5504K, reserved 1048576K
}
Event: 6.918 GC heap before
{Heap before GC invocations=7 (full 0):
 garbage-first heap   total 131072K, used 77156K [0x0000000081c00000, 0x0000000100000000)
  region size 1024K, 55 young (56320K), 7 survivors (7168K)
 Metaspace       used 51004K, capacity 51660K, committed 51920K, reserved 1095680K
  class space    used 5952K, capacity 6221K, committed 6272K, reserved 1048576K
}
Event: 6.933 GC heap after
{Heap after GC invocations=8 (full 0):
 garbage-first heap   total 157696K, used 36793K [0x0000000081c00000, 0x0000000100000000)
  region size 1024K, 7 young (7168K), 7 survivors (7168K)
 Metaspace       used 51004K, capacity 51660K, committed 51920K, reserved 1095680K
  class space    used 5952K, capacity 6221K, committed 6272K, reserved 1048576K
}
Event: 7.862 GC heap before
{Heap before GC invocations=8 (full 0):
 garbage-first heap   total 157696K, used 94137K [0x0000000081c00000, 0x0000000100000000)
  region size 1024K, 62 young (63488K), 7 survivors (7168K)
 Metaspace       used 54671K, capacity 55364K, committed 55632K, reserved 1097728K
  class space    used 6269K, capacity 6560K, committed 6656K, reserved 1048576K
}
Event: 7.898 GC heap after
{Heap after GC invocations=9 (full 0):
 garbage-first heap   total 157696K, used 44864K [0x0000000081c00000, 0x0000000100000000)
  region size 1024K, 7 young (7168K), 7 survivors (7168K)
 Metaspace       used 54671K, capacity 55364K, committed 55632K, reserved 1097728K
  class space    used 6269K, capacity 6560K, committed 6656K, reserved 1048576K
}
Event: 9.186 GC heap before
{Heap before GC invocations=9 (full 0):
 garbage-first heap   total 157696K, used 98112K [0x0000000081c00000, 0x0000000100000000)
  region size 1024K, 60 young (61440K), 7 survivors (7168K)
 Metaspace       used 59437K, capacity 60152K, committed 60240K, reserved 1101824K
  class space    used 6833K, capacity 7133K, committed 7168K, reserved 1048576K
}
Event: 9.213 GC heap after
{Heap after GC invocations=10 (full 0):
 garbage-first heap   total 157696K, used 51915K [0x0000000081c00000, 0x0000000100000000)
  region size 1024K, 7 young (7168K), 7 survivors (7168K)
 Metaspace       used 59437K, capacity 60152K, committed 60240K, reserved 1101824K
  class space    used 6833K, capacity 7133K, committed 7168K, reserved 1048576K
}
Event: 10.690 GC heap before
{Heap before GC invocations=11 (full 0):
 garbage-first heap   total 157696K, used 107211K [0x0000000081c00000, 0x0000000100000000)
  region size 1024K, 61 young (62464K), 7 survivors (7168K)
 Metaspace       used 67056K, capacity 67948K, committed 68304K, reserved 1110016K
  class space    used 7603K, capacity 7953K, committed 8064K, reserved 1048576K
}
Event: 10.755 GC heap after
{Heap after GC invocations=12 (full 0):
 garbage-first heap   total 157696K, used 58612K [0x0000000081c00000, 0x0000000100000000)
  region size 1024K, 7 young (7168K), 7 survivors (7168K)
 Metaspace       used 67056K, capacity 67948K, committed 68304K, reserved 1110016K
  class space    used 7603K, capacity 7953K, committed 8064K, reserved 1048576K
}
Event: 13.838 GC heap before
{Heap before GC invocations=13 (full 0):
 garbage-first heap   total 157696K, used 112884K [0x0000000081c00000, 0x0000000100000000)
  region size 1024K, 60 young (61440K), 7 survivors (7168K)
 Metaspace       used 74082K, capacity 75050K, committed 75216K, reserved 1116160K
  class space    used 8343K, capacity 8722K, committed 8832K, reserved 1048576K
}

Deoptimization events (20 events):
Event: 13.743 Thread 0x000001b7e7271800 DEOPT PACKING pc=0x000001b7f28cb1a0 sp=0x000000a9d73fdd80
Event: 13.743 Thread 0x000001b7e7271800 DEOPT UNPACKING pc=0x000001b7eadda1af sp=0x000000a9d73fdcf0 mode 2
Event: 13.750 Thread 0x000001b7e7271800 DEOPT PACKING pc=0x000001b7ec7f7be1 sp=0x000000a9d73fe300
Event: 13.750 Thread 0x000001b7e7271800 DEOPT UNPACKING pc=0x000001b7eadda95e sp=0x000000a9d73fd7d8 mode 0
Event: 13.799 Thread 0x000001b7e7271800 Uncommon trap: trap_request=0xffffffde fr.pc=0x000001b7f29844e8 relative=0x00000000000005a8
Event: 13.799 Thread 0x000001b7e7271800 Uncommon trap: reason=class_check action=maybe_recompile pc=0x000001b7f29844e8 method=java.lang.AbstractStringBuilder.append(Ljava/lang/CharSequence;)Ljava/lang/AbstractStringBuilder; @ 10 c2
Event: 13.799 Thread 0x000001b7e7271800 DEOPT PACKING pc=0x000001b7f29844e8 sp=0x000000a9d73fd2d0
Event: 13.799 Thread 0x000001b7e7271800 DEOPT UNPACKING pc=0x000001b7eadda1af sp=0x000000a9d73fd2c0 mode 2
Event: 13.799 Thread 0x000001b7e7271800 Uncommon trap: trap_request=0xffffffde fr.pc=0x000001b7f29844e8 relative=0x00000000000005a8
Event: 13.799 Thread 0x000001b7e7271800 Uncommon trap: reason=class_check action=maybe_recompile pc=0x000001b7f29844e8 method=java.lang.AbstractStringBuilder.append(Ljava/lang/CharSequence;)Ljava/lang/AbstractStringBuilder; @ 10 c2
Event: 13.799 Thread 0x000001b7e7271800 DEOPT PACKING pc=0x000001b7f29844e8 sp=0x000000a9d73fd2d0
Event: 13.799 Thread 0x000001b7e7271800 DEOPT UNPACKING pc=0x000001b7eadda1af sp=0x000000a9d73fd2c0 mode 2
Event: 13.799 Thread 0x000001b7e7271800 Uncommon trap: trap_request=0xffffffde fr.pc=0x000001b7f29844e8 relative=0x00000000000005a8
Event: 13.799 Thread 0x000001b7e7271800 Uncommon trap: reason=class_check action=maybe_recompile pc=0x000001b7f29844e8 method=java.lang.AbstractStringBuilder.append(Ljava/lang/CharSequence;)Ljava/lang/AbstractStringBuilder; @ 10 c2
Event: 13.799 Thread 0x000001b7e7271800 DEOPT PACKING pc=0x000001b7f29844e8 sp=0x000000a9d73fd2d0
Event: 13.799 Thread 0x000001b7e7271800 DEOPT UNPACKING pc=0x000001b7eadda1af sp=0x000000a9d73fd2c0 mode 2
Event: 13.799 Thread 0x000001b7e7271800 Uncommon trap: trap_request=0xffffffde fr.pc=0x000001b7f29844e8 relative=0x00000000000005a8
Event: 13.799 Thread 0x000001b7e7271800 Uncommon trap: reason=class_check action=maybe_recompile pc=0x000001b7f29844e8 method=java.lang.AbstractStringBuilder.append(Ljava/lang/CharSequence;)Ljava/lang/AbstractStringBuilder; @ 10 c2
Event: 13.799 Thread 0x000001b7e7271800 DEOPT PACKING pc=0x000001b7f29844e8 sp=0x000000a9d73fd2d0
Event: 13.799 Thread 0x000001b7e7271800 DEOPT UNPACKING pc=0x000001b7eadda1af sp=0x000000a9d73fd2c0 mode 2

Classes redefined (0 events):
No events

Internal exceptions (20 events):
Event: 8.813 Thread 0x000001b7e7271800 Implicit null exception at 0x000001b7f2a95eb1 to 0x000001b7f2a9624c
Event: 8.881 Thread 0x000001b7e7271800 Exception <a 'java/lang/NoSuchMethodError'{0x00000000894df0e8}: 'java.lang.Object java.lang.invoke.DirectMethodHandle$Holder.invokeInterface(java.lang.Object, java.lang.Object, java.lang.Object)'> (0x00000000894df0e8) thrown at [./src/hotspot/share/interpreter/linkResolver.cpp, line 773]
Event: 8.881 Thread 0x000001b7e7271800 Exception <a 'java/lang/IncompatibleClassChangeError'{0x00000000894e2318}: Found class java.lang.Object, but interface was expected> (0x00000000894e2318) thrown at [./src/hotspot/share/interpreter/linkResolver.cpp, line 839]
Event: 8.993 Thread 0x000001b7e7271800 Exception <a 'java/lang/NoSuchMethodError'{0x00000000890358c8}: 'java.lang.Object java.lang.invoke.Invokers$Holder.linkToTargetMethod(java.lang.Object, java.lang.Object, java.lang.Object, int, int, java.lang.Object)'> (0x00000000890358c8) thrown at [./src/hotspot/share/interpreter/linkResolver.cpp, line 773]
Event: 9.056 Thread 0x000001b7e7271800 Implicit null exception at 0x000001b7f29075f5 to 0x000001b7f29077c8
Event: 9.078 Thread 0x000001b7e7271800 Implicit null exception at 0x000001b7f2916eaf to 0x000001b7f2916f1d
Event: 9.113 Thread 0x000001b7e7271800 Exception <a 'java/lang/NoSuchMethodError'{0x00000000883bbe40}: 'int java.lang.invoke.DirectMethodHandle$Holder.invokeVirtual(java.lang.Object, java.lang.Object, java.lang.Object)'> (0x00000000883bbe40) thrown at [./src/hotspot/share/interpreter/linkResolver.cpp, line 773]
Event: 9.292 Thread 0x000001b7e7271800 Exception <a 'java/lang/NoSuchMethodError'{0x000000008b342d20}: 'java.lang.Object java.lang.invoke.DirectMethodHandle$Holder.invokeSpecial(java.lang.Object, java.lang.Object, java.lang.Object, java.lang.Object, java.lang.Object, int)'> (0x000000008b342d20) thrown at [./src/hotspot/share/interpreter/linkResolver.cpp, line 773]
Event: 9.292 Thread 0x000001b7e7271800 Exception <a 'java/lang/NoSuchMethodError'{0x000000008b346b68}: 'java.lang.Object java.lang.invoke.Invokers$Holder.linkToTargetMethod(java.lang.Object, java.lang.Object, java.lang.Object, int, java.lang.Object)'> (0x000000008b346b68) thrown at [./src/hotspot/share/interpreter/linkResolver.cpp, line 773]
Event: 9.348 Thread 0x000001b7e7271800 Exception <a 'java/lang/NoSuchMethodError'{0x000000008b14bf40}: 'void java.lang.invoke.DirectMethodHandle$Holder.invokeInterface(java.lang.Object, java.lang.Object)'> (0x000000008b14bf40) thrown at [./src/hotspot/share/interpreter/linkResolver.cpp, line 773]
Event: 9.395 Thread 0x000001b7e7271800 Exception <a 'java/lang/IncompatibleClassChangeError'{0x000000008af01340}: Found class java.lang.Object, but interface was expected> (0x000000008af01340) thrown at [./src/hotspot/share/interpreter/linkResolver.cpp, line 839]
Event: 9.399 Thread 0x000001b7e7271800 Implicit null exception at 0x000001b7f29952cc to 0x000001b7f29953a8
Event: 9.586 Thread 0x000001b7e7271800 Implicit null exception at 0x000001b7f28bdcde to 0x000001b7f28be446
Event: 9.729 Thread 0x000001b7e7271800 Exception <a 'java/lang/NoSuchMethodError'{0x000000008a66f258}: 'java.lang.Object java.lang.invoke.DirectMethodHandle$Holder.invokeSpecial(java.lang.Object, java.lang.Object, java.lang.Object, java.lang.Object, java.lang.Object, java.lang.Object, java.lang.Object, java.lang.Object, java.lang.Object)'> (0x000000008a66f258) thrown at [./src/hotspot/share/interpreter/linkResolver.cpp, line 773]
Event: 9.730 Thread 0x000001b7e7271800 Exception <a 'java/lang/NoSuchMethodError'{0x000000008a673450}: 'java.lang.Object java.lang.invoke.Invokers$Holder.linkToTargetMethod(java.lang.Object, java.lang.Object, java.lang.Object, java.lang.Object, java.lang.Object, java.lang.Object, java.lang.Object, java.lang.Object)'> (0x000000008a673450) thrown at [./src/hotspot/share/interpreter/linkResolver.cpp, line 773]
Event: 9.843 Thread 0x000001b7e7271800 Exception <a 'java/lang/NoSuchMethodError'{0x0000000089f23190}: 'java.lang.Object java.lang.invoke.Invokers$Holder.linkToTargetMethod(java.lang.Object, java.lang.Object, java.lang.Object, java.lang.Object, java.lang.Object, java.lang.Object, java.lang.Object)'> (0x0000000089f23190) thrown at [./src/hotspot/share/interpreter/linkResolver.cpp, line 773]
Event: 9.920 Thread 0x000001b7e7271800 Exception <a 'java/lang/NoSuchMethodError'{0x0000000089cacfd8}: 'int java.lang.invoke.DirectMethodHandle$Holder.invokeStaticInit(java.lang.Object, int)'> (0x0000000089cacfd8) thrown at [./src/hotspot/share/interpreter/linkResolver.cpp, line 773]
Event: 11.268 Thread 0x000001b7e7271800 Implicit null exception at 0x000001b7f28cf774 to 0x000001b7f28cf98c
Event: 13.517 Thread 0x000001b7e7271800 Exception <a 'sun/nio/fs/WindowsException'{0x0000000089599950}> (0x0000000089599950) thrown at [./src/hotspot/share/prims/jni.cpp, line 616]
Event: 13.518 Thread 0x000001b7e7271800 Exception <a 'sun/nio/fs/WindowsException'{0x0000000089599b98}> (0x0000000089599b98) thrown at [./src/hotspot/share/prims/jni.cpp, line 616]

Events (20 events):
Event: 13.743 loading class kotlin/text/StringsKt__StringsKt$splitToSequence$1 done
Event: 13.743 loading class kotlin/text/StringsKt__IndentKt$getIndentFunction$1
Event: 13.743 loading class kotlin/text/StringsKt__IndentKt$getIndentFunction$1 done
Event: 13.744 loading class kotlin/jvm/internal/Ref$IntRef
Event: 13.744 loading class kotlin/jvm/internal/Ref$IntRef done
Event: 13.746 loading class org/jetbrains/kotlin/kapt3/stubs/KDocCommentKeeper$getDocTable$1
Event: 13.746 loading class org/jetbrains/kotlin/kapt3/stubs/KDocCommentKeeper$getDocTable$1 done
Event: 13.786 Executing VM operation: ICBufferFull
Event: 13.786 Executing VM operation: ICBufferFull done
Event: 13.794 loading class org/jetbrains/kotlin/kapt3/Kapt3ExtensionKt
Event: 13.794 loading class org/jetbrains/kotlin/kapt3/Kapt3ExtensionKt done
Event: 13.794 loading class org/jetbrains/kotlin/kapt3/PrettyWithWorkarounds
Event: 13.794 loading class org/jetbrains/kotlin/kapt3/PrettyWithWorkarounds done
Event: 13.795 Executing VM operation: Deoptimize
Event: 13.796 Executing VM operation: Deoptimize done
Event: 13.796 loading class org/jetbrains/kotlin/kapt3/PrettyWithWorkarounds$Companion
Event: 13.796 loading class org/jetbrains/kotlin/kapt3/PrettyWithWorkarounds$Companion done
Event: 13.805 loading class java/io/FileOutputStream$1
Event: 13.805 loading class java/io/FileOutputStream$1 done
Event: 13.838 Executing VM operation: G1CollectForAllocation


Dynamic libraries:
0x00007ff672a10000 - 0x00007ff672a1a000 	C:\Program Files\Android\Android Studio\jre\bin\java.exe
0x00007ffca6af0000 - 0x00007ffca6ce7000 	C:\WINDOWS\SYSTEM32\ntdll.dll
0x00007ffc831e0000 - 0x00007ffc831f9000 	C:\Program Files\Avast Software\Avast\aswhook.dll
0x00007ffca5f20000 - 0x00007ffca5fdd000 	C:\WINDOWS\System32\KERNEL32.DLL
0x00007ffca46e0000 - 0x00007ffca49d6000 	C:\WINDOWS\System32\KERNELBASE.dll
0x00007ffca49e0000 - 0x00007ffca4ae0000 	C:\WINDOWS\System32\ucrtbase.dll
0x00007ffc8cf60000 - 0x00007ffc8cf77000 	C:\Program Files\Android\Android Studio\jre\bin\VCRUNTIME140.dll
0x00007ffc8cda0000 - 0x00007ffc8cdb9000 	C:\Program Files\Android\Android Studio\jre\bin\jli.dll
0x00007ffca54c0000 - 0x00007ffca565e000 	C:\WINDOWS\System32\USER32.dll
0x00007ffca42f0000 - 0x00007ffca4312000 	C:\WINDOWS\System32\win32u.dll
0x00007ffc8be50000 - 0x00007ffc8c0ea000 	C:\WINDOWS\WinSxS\amd64_microsoft.windows.common-controls_6595b64144ccf1df_6.0.19041.3570_none_60bb2a3971f3e41a\COMCTL32.dll
0x00007ffca5030000 - 0x00007ffca505c000 	C:\WINDOWS\System32\GDI32.dll
0x00007ffca41d0000 - 0x00007ffca42ea000 	C:\WINDOWS\System32\gdi32full.dll
0x00007ffca4350000 - 0x00007ffca43ed000 	C:\WINDOWS\System32\msvcp_win.dll
0x00007ffca5d60000 - 0x00007ffca5dfe000 	C:\WINDOWS\System32\msvcrt.dll
0x00007ffca5c80000 - 0x00007ffca5cb0000 	C:\WINDOWS\System32\IMM32.DLL
0x00007ffc77350000 - 0x00007ffc773ed000 	C:\Program Files\Android\Android Studio\jre\bin\msvcp140.dll
0x00007ffc4d5e0000 - 0x00007ffc4e0e2000 	C:\Program Files\Android\Android Studio\jre\bin\server\jvm.dll
0x00007ffca4f80000 - 0x00007ffca502e000 	C:\WINDOWS\System32\ADVAPI32.dll
0x00007ffca5e00000 - 0x00007ffca5e9c000 	C:\WINDOWS\System32\sechost.dll
0x00007ffca6730000 - 0x00007ffca6856000 	C:\WINDOWS\System32\RPCRT4.dll
0x00007ffca5710000 - 0x00007ffca5718000 	C:\WINDOWS\System32\PSAPI.DLL
0x00007ffc88e30000 - 0x00007ffc88e39000 	C:\WINDOWS\SYSTEM32\WSOCK32.dll
0x00007ffc8eed0000 - 0x00007ffc8eef7000 	C:\WINDOWS\SYSTEM32\WINMM.dll
0x00007ffc9d930000 - 0x00007ffc9d93a000 	C:\WINDOWS\SYSTEM32\VERSION.dll
0x00007ffca6a40000 - 0x00007ffca6aab000 	C:\WINDOWS\System32\WS2_32.dll
0x00007ffca2070000 - 0x00007ffca2082000 	C:\WINDOWS\SYSTEM32\kernel.appcore.dll
0x00007ffc80840000 - 0x00007ffc80851000 	C:\Program Files\Android\Android Studio\jre\bin\verify.dll
0x00007ffc9fac0000 - 0x00007ffc9fca4000 	C:\WINDOWS\SYSTEM32\DBGHELP.DLL
0x00007ffc8e160000 - 0x00007ffc8e194000 	C:\WINDOWS\SYSTEM32\dbgcore.DLL
0x00007ffca44a0000 - 0x00007ffca4522000 	C:\WINDOWS\System32\bcryptPrimitives.dll
0x00007ffc80810000 - 0x00007ffc80839000 	C:\Program Files\Android\Android Studio\jre\bin\java.dll
0x00007ffc9ea30000 - 0x00007ffc9ea3b000 	C:\Program Files\Android\Android Studio\jre\bin\jimage.dll
0x00007ffc807f0000 - 0x00007ffc80808000 	C:\Program Files\Android\Android Studio\jre\bin\zip.dll
0x00007ffca5fe0000 - 0x00007ffca6724000 	C:\WINDOWS\System32\SHELL32.dll
0x00007ffca2270000 - 0x00007ffca2a0b000 	C:\WINDOWS\SYSTEM32\windows.storage.dll
0x00007ffca4b50000 - 0x00007ffca4ea4000 	C:\WINDOWS\System32\combase.dll
0x00007ffca3b40000 - 0x00007ffca3b6d000 	C:\WINDOWS\SYSTEM32\Wldp.dll
0x00007ffca5cb0000 - 0x00007ffca5d5d000 	C:\WINDOWS\System32\SHCORE.dll
0x00007ffca6860000 - 0x00007ffca68b5000 	C:\WINDOWS\System32\shlwapi.dll
0x00007ffca4100000 - 0x00007ffca4125000 	C:\WINDOWS\SYSTEM32\profapi.dll
0x00007ffc807d0000 - 0x00007ffc807ea000 	C:\Program Files\Android\Android Studio\jre\bin\net.dll
0x00007ffc9b670000 - 0x00007ffc9b77a000 	C:\WINDOWS\SYSTEM32\WINHTTP.dll
0x00007ffca38a0000 - 0x00007ffca390a000 	C:\WINDOWS\system32\mswsock.dll
0x00007ffc807b0000 - 0x00007ffc807c4000 	C:\Program Files\Android\Android Studio\jre\bin\nio.dll

dbghelp: loaded successfully - version: 4.0.5 - missing functions: none
symbol engine: initialized successfully - sym options: 0x614 - pdb path: .;C:\Program Files\Android\Android Studio\jre\bin;C:\WINDOWS\SYSTEM32;C:\Program Files\Avast Software\Avast;C:\WINDOWS\WinSxS\amd64_microsoft.windows.common-controls_6595b64144ccf1df_6.0.19041.3570_none_60bb2a3971f3e41a;C:\Program Files\Android\Android Studio\jre\bin\server

VM Arguments:
java_command: org.jetbrains.kotlin.cli.jvm.K2JVMCompiler @E:\RoyalStoreOnline\app\build\20240108_15925018798787890875.compiler.options
java_class_path (initial): C:\Users\HP\.gradle\caches\modules-2\files-2.1\org.jetbrains.kotlin\kotlin-compiler-embeddable\1.7.10\909803167c98606fcf22b4c848647c68e351d48d\kotlin-compiler-embeddable-1.7.10.jar;C:\Users\HP\.gradle\caches\modules-2\files-2.1\org.jetbrains.kotlin\kotlin-reflect\1.7.10\165e600dfea6185cf5efa700756294cc4904dbeb\kotlin-reflect-1.7.10.jar;C:\Users\HP\.gradle\caches\modules-2\files-2.1\org.jetbrains.kotlin\kotlin-stdlib\1.7.10\d2abf9e77736acc4450dc4a3f707fa2c10f5099d\kotlin-stdlib-1.7.10.jar;C:\Users\HP\.gradle\caches\modules-2\files-2.1\org.jetbrains.kotlin\kotlin-script-runtime\1.7.10\c99c87a6988d8fd8d5142e9ed5c9f34a7cf561ee\kotlin-script-runtime-1.7.10.jar;C:\Users\HP\.gradle\caches\modules-2\files-2.1\org.jetbrains.kotlin\kotlin-daemon-embeddable\1.7.10\3a9f7aef7080d3ae63126cbba4f827ed664f32fa\kotlin-daemon-embeddable-1.7.10.jar;C:\Users\HP\.gradle\caches\modules-2\files-2.1\org.jetbrains.intellij.deps\trove4j\1.0.20200330\3afb14d5f9ceb459d724e907a21145e8ff394f02\trove4j-1.0.20200330.jar;C:\Users\HP\.gradle\caches\modules-2\files-2.1\net.java.dev.jna\jna\5.6.0\330f2244e9030119ab3030fc3fededc86713d9cc\jna-5.6.0.jar;C:\Users\HP\.gradle\caches\modules-2\files-2.1\org.jetbrains.kotlin\kotlin-stdlib-common\1.7.10\bac80c520d0a9e3f3673bc2658c6ed02ef45a76a\kotlin-stdlib-common-1.7.10.jar;C:\Users\HP\.gradle\caches\modules-2\files-2.1\org.jetbrains\annotations\13.0\919f0dfe192fb4e063e7dacadee7f8bb9a2672a9\annotations-13.0.jar
Launcher Type: SUN_STANDARD

[Global flags]
     intx CICompilerCount                          = 4                                         {product} {ergonomic}
     uint ConcGCThreads                            = 2                                         {product} {ergonomic}
     uint G1ConcRefinementThreads                  = 8                                         {product} {ergonomic}
   size_t G1HeapRegionSize                         = 1048576                                   {product} {ergonomic}
    uintx GCDrainStackTargetSize                   = 64                                        {product} {ergonomic}
   size_t InitialHeapSize                          = 134217728                                 {product} {ergonomic}
   size_t MarkStackSize                            = 4194304                                   {product} {ergonomic}
   size_t MaxHeapSize                              = 2118123520                                {product} {ergonomic}
   size_t MaxNewSize                               = 1270874112                                {product} {ergonomic}
   size_t MinHeapDeltaBytes                        = 1048576                                   {product} {ergonomic}
    uintx NonNMethodCodeHeapSize                   = 5836300                                {pd product} {ergonomic}
    uintx NonProfiledCodeHeapSize                  = 122910970                              {pd product} {ergonomic}
    uintx ProfiledCodeHeapSize                     = 122910970                              {pd product} {ergonomic}
    uintx ReservedCodeCacheSize                    = 251658240                              {pd product} {ergonomic}
     bool SegmentedCodeCache                       = true                                      {product} {ergonomic}
     bool UseCompressedClassPointers               = true                                 {lp64_product} {ergonomic}
     bool UseCompressedOops                        = true                                 {lp64_product} {ergonomic}
     bool UseG1GC                                  = true                                      {product} {ergonomic}
     bool UseLargePagesIndividualAllocation        = false                                  {pd product} {ergonomic}

Logging:
Log output configuration:
 #0: stdout all=warning uptime,level,tags
 #1: stderr all=off uptime,level,tags

Environment Variables:
JAVA_HOME=C:\Program Files\Java\jdk-16.0.1
CLASSPATH=C:\Program Files\Apache Software Foundation\Tomcat 10.0\lib\servlet-api.jar;.;
PATH=C:\App\bin;C:\WINDOWS\system32;C:\WINDOWS;C:\WINDOWS\System32\Wbem;C:\WINDOWS\System32\WindowsPowerShell\v1.0\;C:\WINDOWS\System32\OpenSSH\;C:\Program Files\Java\jdk-16.0.1\bin;C:\Program Files\MySQL\MySQL Server 8.0\bin;E:\xampp\php;C:\ProgramData\ComposerSetup\bin;C:\Program Files\MySQL\MySQL Shell 8.0\bin\;C:\Users\HP\AppData\Local\Microsoft\WindowsApps;C:\Users\HP\AppData\Roaming\Composer\vendor\bin
USERNAME=HP
OS=Windows_NT
PROCESSOR_IDENTIFIER=Intel64 Family 6 Model 142 Stepping 12, GenuineIntel



---------------  S Y S T E M  ---------------

OS: Windows 10 , 64 bit Build 19041 (10.0.19041.3570)
OS uptime: 26 days 14:42 hours

CPU:total 8 (initial active 8) (4 cores per cpu, 2 threads per core) family 6 model 142 stepping 12 microcode 0xf8, cmov, cx8, fxsr, mmx, sse, sse2, sse3, ssse3, sse4.1, sse4.2, popcnt, avx, avx2, aes, clmul, erms, 3dnowpref, lzcnt, ht, tsc, tscinvbit, bmi1, bmi2, adx, fma

Memory: 4k page, system-wide physical 8073M (298M free)
TotalPageFile size 16265M (AvailPageFile size 28M)
current process WorkingSet (physical memory assigned to process): 335M, peak: 335M
current process commit charge ("private bytes"): 381M, peak: 430M

vm_info: OpenJDK 64-Bit Server VM (11.0.13+0-b1751.21-8125866) for windows-amd64 JRE (11.0.13+0-b1751.21-8125866), built on Feb  2 2022 03:00:22 by "builder" with MS VC++ 14.0 (VS2015)

END.
