#
# There is insufficient memory for the Java Runtime Environment to continue.
# Native memory allocation (mmap) failed to map 133169152 bytes for Failed to commit area from 0x0000000090200000 to 0x0000000098100000 of length 133169152.
# Possible reasons:
#   The system is out of physical RAM or swap space
#   The process is running with CompressedOops enabled, and the Java Heap may be blocking the growth of the native heap
# Possible solutions:
#   Reduce memory load on the system
#   Increase physical memory or swap space
#   Check if swap backing store is full
#   Decrease Java heap size (-Xmx/-Xms)
#   Decrease number of Java threads
#   Decrease Java thread stack sizes (-Xss)
#   Set larger code cache with -XX:ReservedCodeCacheSize=
#   JVM is running with Unscaled Compressed Oops mode in which the Java heap is
#     placed in the first 4GB address space. The Java Heap base address is the
#     maximum limit for the native heap growth. Please use -XX:HeapBaseMinAddress
#     to set the Java Heap base and to place the Java Heap above 4GB virtual address.
# This output file may be truncated or incomplete.
#
#  Out of Memory Error (./src/hotspot/os/windows/os_windows.cpp:3619), pid=12060, tid=16168
#
# JRE version: OpenJDK Runtime Environment (11.0.13) (build 11.0.13+0-b1751.21-8125866)
# Java VM: OpenJDK 64-Bit Server VM (11.0.13+0-b1751.21-8125866, mixed mode, tiered, compressed oops, g1 gc, windows-amd64)
# No core dump will be written. Minidumps are not enabled by default on client versions of Windows
#

---------------  S U M M A R Y ------------

Command Line: --add-opens=java.base/java.util=ALL-UNNAMED --add-opens=java.base/java.lang=ALL-UNNAMED --add-opens=java.base/java.lang.invoke=ALL-UNNAMED --add-opens=java.base/java.util=ALL-UNNAMED --add-opens=java.prefs/java.util.prefs=ALL-UNNAMED --add-opens=java.prefs/java.util.prefs=ALL-UNNAMED --add-opens=java.base/java.nio.charset=ALL-UNNAMED --add-opens=java.base/java.net=ALL-UNNAMED --add-opens=java.base/java.util.concurrent.atomic=ALL-UNNAMED -Xmx2048m -Dfile.encoding=UTF-8 -Duser.country=IN -Duser.language=en -Duser.variant org.gradle.launcher.daemon.bootstrap.GradleDaemon 7.4

Host: Intel(R) Core(TM) i5-8265U CPU @ 1.60GHz, 8 cores, 7G,  Windows 10 , 64 bit Build 19041 (10.0.19041.3570)
Time: Mon Jan  8 11:11:46 2024 India Standard Time elapsed time: 24.977682 seconds (0d 0h 0m 24s)

---------------  T H R E A D  ---------------

Current thread (0x000001ac22481800):  VMThread "VM Thread" [stack: 0x0000003bf1900000,0x0000003bf1a00000] [id=16168]

Stack: [0x0000003bf1900000,0x0000003bf1a00000]
[error occurred during error reporting (printing stack bounds), id 0xc0000005, EXCEPTION_ACCESS_VIOLATION (0xc0000005) at pc=0x000001ac0bb1112d]

Native frames: (J=compiled Java code, j=interpreted, Vv=VM code, C=native code)
V  [jvm.dll+0x6100fa]
V  [jvm.dll+0x747090]
V  [jvm.dll+0x7486ad]
V  [jvm.dll+0x748ce5]
V  [jvm.dll+0x748c9b]
V  [jvm.dll+0x60f224]
V  [jvm.dll+0x60f9b8]
C  [ntdll.dll+0xa23af]
C  [ntdll.dll+0x514b4]
C  [ntdll.dll+0xa0ebe]
C  0x000001ac0bb1112d

VM_Operation (0x0000003bf2cfa540): G1CollectForAllocation, mode: safepoint, requested by thread 0x000001ac25914000


---------------  P R O C E S S  ---------------

Threads class SMR info:
_java_thread_list=0x000001ac2c5b21b0, length=140, elements={
0x000001ac07ff3800, 0x000001ac22485800, 0x000001ac2248f800, 0x000001ac224a0800,
0x000001ac224a1800, 0x000001ac224a3800, 0x000001ac224a7000, 0x000001ac224ac800,
0x000001ac22e1a800, 0x000001ac22f7a000, 0x000001ac250fb000, 0x000001ac231ac800,
0x000001ac24f9f000, 0x000001ac25213000, 0x000001ac240e4000, 0x000001ac25913000,
0x000001ac25914000, 0x000001ac2553c800, 0x000001ac25a57000, 0x000001ac25363800,
0x000001ac25771800, 0x000001ac2576f000, 0x000001ac25770000, 0x000001ac25773000,
0x000001ac25772800, 0x000001ac25774000, 0x000001ac25770800, 0x000001ac2576e800,
0x000001ac25775000, 0x000001ac26663800, 0x000001ac26664800, 0x000001ac26665000,
0x000001ac26662000, 0x000001ac26661000, 0x000001ac26667800, 0x000001ac26668800,
0x000001ac26662800, 0x000001ac26669000, 0x000001ac2666a000, 0x000001ac2666b000,
0x000001ac2666e000, 0x000001ac2666f000, 0x000001ac2666b800, 0x000001ac2666c800,
0x000001ac2666d800, 0x000001ac26b32800, 0x000001ac26b33800, 0x000001ac26b2f800,
0x000001ac26b35000, 0x000001ac26b31000, 0x000001ac26b30000, 0x000001ac26b34000,
0x000001ac26b36000, 0x000001ac26b36800, 0x000001ac26b31800, 0x000001ac26b3a800,
0x000001ac26b3c800, 0x000001ac26b3d000, 0x000001ac26b37800, 0x000001ac26b3b800,
0x000001ac26b3e000, 0x000001ac26b38800, 0x000001ac26b3a000, 0x000001ac26b39000,
0x000001ac23e68000, 0x000001ac23e62000, 0x000001ac23e69000, 0x000001ac23e63000,
0x000001ac23e64000, 0x000001ac23e6a800, 0x000001ac23e64800, 0x000001ac23e69800,
0x000001ac23e6b000, 0x000001ac23e65800, 0x000001ac23e6c000, 0x000001ac23e67000,
0x000001ac23e66800, 0x000001ac23e6d000, 0x000001ac23e70000, 0x000001ac23e71000,
0x000001ac23e6d800, 0x000001ac23e6e800, 0x000001ac23e6f800, 0x000001ac2837c000,
0x000001ac28380000, 0x000001ac28382800, 0x000001ac28381000, 0x000001ac28381800,
0x000001ac2837c800, 0x000001ac28383000, 0x000001ac2837e800, 0x000001ac2837d800,
0x000001ac28384000, 0x000001ac28385000, 0x000001ac2837f000, 0x000001ac28389800,
0x000001ac28389000, 0x000001ac28387800, 0x000001ac28385800, 0x000001ac28388000,
0x000001ac28386800, 0x000001ac2838a800, 0x000001ac23426800, 0x000001ac2342b000,
0x000001ac2342b800, 0x000001ac2342d000, 0x000001ac23429000, 0x000001ac23427800,
0x000001ac2342c800, 0x000001ac2342e000, 0x000001ac2342a000, 0x000001ac23428800,
0x000001ac23434800, 0x000001ac23431800, 0x000001ac2342f000, 0x000001ac23433000,
0x000001ac23435800, 0x000001ac23434000, 0x000001ac23432000, 0x000001ac23430800,
0x000001ac2342f800, 0x000001ac2a1d6000, 0x000001ac2a1d8800, 0x000001ac2a1da800,
0x000001ac2a1db000, 0x000001ac2a1e4000, 0x000001ac2a1e3800, 0x000001ac2a1e5000,
0x000001ac2a1e1000, 0x000001ac2a1e1800, 0x000001ac2a1e2800, 0x000001ac2a3e5800,
0x000001ac2a3e8800, 0x000001ac2a3e7000, 0x000001ac2a3e7800, 0x000001ac2a3e9800,
0x000001ac2a3e3800, 0x000001ac2a3e4800, 0x000001ac26011000, 0x000001ac2600d000
}

Java Threads: ( => current thread )
  0x000001ac07ff3800 JavaThread "main" [_thread_blocked, id=24176, stack(0x0000003bf1300000,0x0000003bf1400000)]
  0x000001ac22485800 JavaThread "Reference Handler" daemon [_thread_blocked, id=20492, stack(0x0000003bf1a00000,0x0000003bf1b00000)]
  0x000001ac2248f800 JavaThread "Finalizer" daemon [_thread_blocked, id=24056, stack(0x0000003bf1b00000,0x0000003bf1c00000)]
  0x000001ac224a0800 JavaThread "Signal Dispatcher" daemon [_thread_blocked, id=20652, stack(0x0000003bf1c00000,0x0000003bf1d00000)]
  0x000001ac224a1800 JavaThread "Attach Listener" daemon [_thread_blocked, id=12160, stack(0x0000003bf1d00000,0x0000003bf1e00000)]
  0x000001ac224a3800 JavaThread "Service Thread" daemon [_thread_blocked, id=5552, stack(0x0000003bf1e00000,0x0000003bf1f00000)]
  0x000001ac224a7000 JavaThread "C2 CompilerThread0" daemon [_thread_blocked, id=21628, stack(0x0000003bf1f00000,0x0000003bf2000000)]
  0x000001ac224ac800 JavaThread "C1 CompilerThread0" daemon [_thread_blocked, id=24492, stack(0x0000003bf2000000,0x0000003bf2100000)]
  0x000001ac22e1a800 JavaThread "Sweeper thread" daemon [_thread_blocked, id=24212, stack(0x0000003bf2100000,0x0000003bf2200000)]
  0x000001ac22f7a000 JavaThread "Common-Cleaner" daemon [_thread_blocked, id=14652, stack(0x0000003bf2200000,0x0000003bf2300000)]
  0x000001ac250fb000 JavaThread "Daemon health stats" [_thread_blocked, id=24116, stack(0x0000003bf2700000,0x0000003bf2800000)]
  0x000001ac231ac800 JavaThread "Incoming local TCP Connector on port 62208" [_thread_in_native, id=24112, stack(0x0000003bf2400000,0x0000003bf2500000)]
  0x000001ac24f9f000 JavaThread "Daemon periodic checks" [_thread_blocked, id=13304, stack(0x0000003bf2800000,0x0000003bf2900000)]
  0x000001ac25213000 JavaThread "Daemon" [_thread_blocked, id=4116, stack(0x0000003bf2900000,0x0000003bf2a00000)]
  0x000001ac240e4000 JavaThread "Handler for socket connection from /127.0.0.1:62208 to /127.0.0.1:62209" [_thread_in_native, id=3880, stack(0x0000003bf2a00000,0x0000003bf2b00000)]
  0x000001ac25913000 JavaThread "Cancel handler" [_thread_blocked, id=3748, stack(0x0000003bf2b00000,0x0000003bf2c00000)]
  0x000001ac25914000 JavaThread "Daemon worker" [_thread_blocked, id=16228, stack(0x0000003bf2c00000,0x0000003bf2d00000)]
  0x000001ac2553c800 JavaThread "Asynchronous log dispatcher for DefaultDaemonConnection: socket connection from /127.0.0.1:62208 to /127.0.0.1:62209" [_thread_blocked, id=22672, stack(0x0000003bf2d00000,0x0000003bf2e00000)]
  0x000001ac25a57000 JavaThread "Stdin handler" [_thread_blocked, id=10512, stack(0x0000003bf2e00000,0x0000003bf2f00000)]
  0x000001ac25363800 JavaThread "Daemon client event forwarder" [_thread_blocked, id=11692, stack(0x0000003bf2f00000,0x0000003bf3000000)]
  0x000001ac25771800 JavaThread "Cache worker for journal cache (C:\Users\HP\.gradle\caches\journal-1)" [_thread_blocked, id=544, stack(0x0000003bf3600000,0x0000003bf3700000)]
  0x000001ac2576f000 JavaThread "File lock request listener" [_thread_in_native, id=19780, stack(0x0000003bf3700000,0x0000003bf3800000)]
  0x000001ac25770000 JavaThread "Cache worker for file hash cache (C:\Users\HP\.gradle\caches\7.4\fileHashes)" [_thread_blocked, id=24408, stack(0x0000003bf3800000,0x0000003bf3900000)]
  0x000001ac25773000 JavaThread "File watcher server" daemon [_thread_blocked, id=15436, stack(0x0000003bf3a00000,0x0000003bf3b00000)]
  0x000001ac25772800 JavaThread "File watcher consumer" daemon [_thread_blocked, id=20920, stack(0x0000003bf3b00000,0x0000003bf3c00000)]
  0x000001ac25774000 JavaThread "Cache worker for checksums cache (E:\RoyalStoreOnline\.gradle\7.4\checksums)" [_thread_blocked, id=21296, stack(0x0000003bf3c00000,0x0000003bf3d00000)]
  0x000001ac25770800 JavaThread "Cache worker for cache directory md-rule (C:\Users\HP\.gradle\caches\7.4\md-rule)" [_thread_blocked, id=10740, stack(0x0000003bf3d00000,0x0000003bf3e00000)]
  0x000001ac2576e800 JavaThread "Cache worker for file hash cache (E:\RoyalStoreOnline\.gradle\7.4\fileHashes)" [_thread_blocked, id=4236, stack(0x0000003bf3e00000,0x0000003bf3f00000)]
  0x000001ac25775000 JavaThread "Cache worker for cache directory md-supplier (C:\Users\HP\.gradle\caches\7.4\md-supplier)" [_thread_blocked, id=23364, stack(0x0000003bf3f00000,0x0000003bf4000000)]
  0x000001ac26663800 JavaThread "Cache worker for execution history cache (C:\Users\HP\.gradle\caches\7.4\executionHistory)" [_thread_blocked, id=17804, stack(0x0000003bf4000000,0x0000003bf4100000)]
  0x000001ac26664800 JavaThread "jar transforms" [_thread_blocked, id=23124, stack(0x0000003bf4100000,0x0000003bf4200000)]
  0x000001ac26665000 JavaThread "Cache worker for file content cache (C:\Users\HP\.gradle\caches\7.4\fileContent)" [_thread_blocked, id=4600, stack(0x0000003bf4200000,0x0000003bf4300000)]
  0x000001ac26662000 JavaThread "jar transforms Thread 2" [_thread_blocked, id=11168, stack(0x0000003bf4300000,0x0000003bf4400000)]
  0x000001ac26661000 JavaThread "Cache worker for dependencies-accessors (E:\RoyalStoreOnline\.gradle\7.4\dependencies-accessors)" [_thread_blocked, id=24488, stack(0x0000003bf4400000,0x0000003bf4500000)]
  0x000001ac26667800 JavaThread "jar transforms Thread 3" [_thread_blocked, id=7372, stack(0x0000003bf4500000,0x0000003bf4600000)]
  0x000001ac26668800 JavaThread "Cache worker for Build Output Cleanup Cache (E:\RoyalStoreOnline\.gradle\buildOutputCleanup)" [_thread_blocked, id=13592, stack(0x0000003bf4600000,0x0000003bf4700000)]
  0x000001ac26662800 JavaThread "Unconstrained build operations" [_thread_blocked, id=15496, stack(0x0000003bf4700000,0x0000003bf4800000)]
  0x000001ac26669000 JavaThread "Unconstrained build operations Thread 2" [_thread_blocked, id=22520, stack(0x0000003bf4800000,0x0000003bf4900000)]
  0x000001ac2666a000 JavaThread "Unconstrained build operations Thread 3" [_thread_blocked, id=19408, stack(0x0000003bf4900000,0x0000003bf4a00000)]
  0x000001ac2666b000 JavaThread "Unconstrained build operations Thread 4" [_thread_blocked, id=2236, stack(0x0000003bf4a00000,0x0000003bf4b00000)]
  0x000001ac2666e000 JavaThread "Unconstrained build operations Thread 5" [_thread_blocked, id=15992, stack(0x0000003bf4b00000,0x0000003bf4c00000)]
  0x000001ac2666f000 JavaThread "Unconstrained build operations Thread 6" [_thread_blocked, id=22904, stack(0x0000003bf4c00000,0x0000003bf4d00000)]
  0x000001ac2666b800 JavaThread "Unconstrained build operations Thread 7" [_thread_blocked, id=19528, stack(0x0000003bf4d00000,0x0000003bf4e00000)]
  0x000001ac2666c800 JavaThread "Unconstrained build operations Thread 8" [_thread_blocked, id=1312, stack(0x0000003bf4e00000,0x0000003bf4f00000)]
  0x000001ac2666d800 JavaThread "Unconstrained build operations Thread 9" [_thread_blocked, id=11480, stack(0x0000003bf4f00000,0x0000003bf5000000)]
  0x000001ac26b32800 JavaThread "Unconstrained build operations Thread 10" [_thread_blocked, id=13620, stack(0x0000003bf5000000,0x0000003bf5100000)]
  0x000001ac26b33800 JavaThread "Unconstrained build operations Thread 11" [_thread_blocked, id=12724, stack(0x0000003bf5100000,0x0000003bf5200000)]
  0x000001ac26b2f800 JavaThread "Unconstrained build operations Thread 12" [_thread_blocked, id=3108, stack(0x0000003bf5200000,0x0000003bf5300000)]
  0x000001ac26b35000 JavaThread "Unconstrained build operations Thread 13" [_thread_blocked, id=22604, stack(0x0000003bf5300000,0x0000003bf5400000)]
  0x000001ac26b31000 JavaThread "Unconstrained build operations Thread 14" [_thread_blocked, id=8476, stack(0x0000003bf5400000,0x0000003bf5500000)]
  0x000001ac26b30000 JavaThread "Unconstrained build operations Thread 15" [_thread_blocked, id=23284, stack(0x0000003bf5500000,0x0000003bf5600000)]
  0x000001ac26b34000 JavaThread "Unconstrained build operations Thread 16" [_thread_blocked, id=18948, stack(0x0000003bf5600000,0x0000003bf5700000)]
  0x000001ac26b36000 JavaThread "Unconstrained build operations Thread 17" [_thread_blocked, id=20788, stack(0x0000003bf5700000,0x0000003bf5800000)]
  0x000001ac26b36800 JavaThread "Unconstrained build operations Thread 18" [_thread_blocked, id=24180, stack(0x0000003bf5800000,0x0000003bf5900000)]
  0x000001ac26b31800 JavaThread "Unconstrained build operations Thread 19" [_thread_blocked, id=12976, stack(0x0000003bf5900000,0x0000003bf5a00000)]
  0x000001ac26b3a800 JavaThread "Unconstrained build operations Thread 20" [_thread_blocked, id=22704, stack(0x0000003bf5a00000,0x0000003bf5b00000)]
  0x000001ac26b3c800 JavaThread "Unconstrained build operations Thread 21" [_thread_blocked, id=13016, stack(0x0000003bf5b00000,0x0000003bf5c00000)]
  0x000001ac26b3d000 JavaThread "Unconstrained build operations Thread 22" [_thread_blocked, id=14052, stack(0x0000003bf5c00000,0x0000003bf5d00000)]
  0x000001ac26b37800 JavaThread "Unconstrained build operations Thread 23" [_thread_blocked, id=19180, stack(0x0000003bf5d00000,0x0000003bf5e00000)]
  0x000001ac26b3b800 JavaThread "Unconstrained build operations Thread 24" [_thread_blocked, id=14116, stack(0x0000003bf5e00000,0x0000003bf5f00000)]
  0x000001ac26b3e000 JavaThread "Unconstrained build operations Thread 25" [_thread_blocked, id=1132, stack(0x0000003bf5f00000,0x0000003bf6000000)]
  0x000001ac26b38800 JavaThread "Unconstrained build operations Thread 26" [_thread_blocked, id=10456, stack(0x0000003bf6000000,0x0000003bf6100000)]
  0x000001ac26b3a000 JavaThread "Unconstrained build operations Thread 27" [_thread_blocked, id=6028, stack(0x0000003bf6100000,0x0000003bf6200000)]
  0x000001ac26b39000 JavaThread "Unconstrained build operations Thread 28" [_thread_blocked, id=1904, stack(0x0000003bf6200000,0x0000003bf6300000)]
  0x000001ac23e68000 JavaThread "Unconstrained build operations Thread 29" [_thread_blocked, id=10788, stack(0x0000003bf6300000,0x0000003bf6400000)]
  0x000001ac23e62000 JavaThread "Unconstrained build operations Thread 30" [_thread_blocked, id=9664, stack(0x0000003bf6400000,0x0000003bf6500000)]
  0x000001ac23e69000 JavaThread "Unconstrained build operations Thread 31" [_thread_blocked, id=9416, stack(0x0000003bf6500000,0x0000003bf6600000)]
  0x000001ac23e63000 JavaThread "Unconstrained build operations Thread 32" [_thread_blocked, id=24396, stack(0x0000003bf6600000,0x0000003bf6700000)]
  0x000001ac23e64000 JavaThread "Unconstrained build operations Thread 33" [_thread_blocked, id=24388, stack(0x0000003bf6700000,0x0000003bf6800000)]
  0x000001ac23e6a800 JavaThread "Unconstrained build operations Thread 34" [_thread_blocked, id=10316, stack(0x0000003bf6800000,0x0000003bf6900000)]
  0x000001ac23e64800 JavaThread "Unconstrained build operations Thread 35" [_thread_blocked, id=21456, stack(0x0000003bf6900000,0x0000003bf6a00000)]
  0x000001ac23e69800 JavaThread "Unconstrained build operations Thread 36" [_thread_blocked, id=12752, stack(0x0000003bf6a00000,0x0000003bf6b00000)]
  0x000001ac23e6b000 JavaThread "Unconstrained build operations Thread 37" [_thread_blocked, id=16412, stack(0x0000003bf6b00000,0x0000003bf6c00000)]
  0x000001ac23e65800 JavaThread "Unconstrained build operations Thread 38" [_thread_blocked, id=18512, stack(0x0000003bf6c00000,0x0000003bf6d00000)]
  0x000001ac23e6c000 JavaThread "Unconstrained build operations Thread 39" [_thread_blocked, id=3952, stack(0x0000003bf6d00000,0x0000003bf6e00000)]
  0x000001ac23e67000 JavaThread "Unconstrained build operations Thread 40" [_thread_blocked, id=18236, stack(0x0000003bf6e00000,0x0000003bf6f00000)]
  0x000001ac23e66800 JavaThread "Unconstrained build operations Thread 41" [_thread_blocked, id=15232, stack(0x0000003bf6f00000,0x0000003bf7000000)]
  0x000001ac23e6d000 JavaThread "Unconstrained build operations Thread 42" [_thread_blocked, id=15776, stack(0x0000003bf7000000,0x0000003bf7100000)]
  0x000001ac23e70000 JavaThread "Unconstrained build operations Thread 43" [_thread_blocked, id=21500, stack(0x0000003bf7100000,0x0000003bf7200000)]
  0x000001ac23e71000 JavaThread "Unconstrained build operations Thread 44" [_thread_blocked, id=21572, stack(0x0000003bf7200000,0x0000003bf7300000)]
  0x000001ac23e6d800 JavaThread "Unconstrained build operations Thread 45" [_thread_blocked, id=15404, stack(0x0000003bf7300000,0x0000003bf7400000)]
  0x000001ac23e6e800 JavaThread "Unconstrained build operations Thread 46" [_thread_blocked, id=24204, stack(0x0000003bf7400000,0x0000003bf7500000)]
  0x000001ac23e6f800 JavaThread "Unconstrained build operations Thread 47" [_thread_blocked, id=1800, stack(0x0000003bf7500000,0x0000003bf7600000)]
  0x000001ac2837c000 JavaThread "Unconstrained build operations Thread 48" [_thread_blocked, id=15368, stack(0x0000003bf7600000,0x0000003bf7700000)]
  0x000001ac28380000 JavaThread "Unconstrained build operations Thread 49" [_thread_blocked, id=1120, stack(0x0000003bf7700000,0x0000003bf7800000)]
  0x000001ac28382800 JavaThread "Unconstrained build operations Thread 50" [_thread_blocked, id=16672, stack(0x0000003bf7800000,0x0000003bf7900000)]
  0x000001ac28381000 JavaThread "Unconstrained build operations Thread 51" [_thread_blocked, id=23812, stack(0x0000003bf7900000,0x0000003bf7a00000)]
  0x000001ac28381800 JavaThread "Unconstrained build operations Thread 52" [_thread_blocked, id=23876, stack(0x0000003bf7a00000,0x0000003bf7b00000)]
  0x000001ac2837c800 JavaThread "Unconstrained build operations Thread 53" [_thread_blocked, id=20076, stack(0x0000003bf7b00000,0x0000003bf7c00000)]
  0x000001ac28383000 JavaThread "Unconstrained build operations Thread 54" [_thread_blocked, id=14720, stack(0x0000003bf7c00000,0x0000003bf7d00000)]
  0x000001ac2837e800 JavaThread "Unconstrained build operations Thread 55" [_thread_blocked, id=4564, stack(0x0000003bf7d00000,0x0000003bf7e00000)]
  0x000001ac2837d800 JavaThread "Unconstrained build operations Thread 56" [_thread_blocked, id=24528, stack(0x0000003bf7e00000,0x0000003bf7f00000)]
  0x000001ac28384000 JavaThread "Unconstrained build operations Thread 57" [_thread_blocked, id=4420, stack(0x0000003bf7f00000,0x0000003bf8000000)]
  0x000001ac28385000 JavaThread "Unconstrained build operations Thread 58" [_thread_blocked, id=24468, stack(0x0000003bf8000000,0x0000003bf8100000)]
  0x000001ac2837f000 JavaThread "Unconstrained build operations Thread 59" [_thread_blocked, id=24456, stack(0x0000003bf8100000,0x0000003bf8200000)]
  0x000001ac28389800 JavaThread "Unconstrained build operations Thread 60" [_thread_blocked, id=5076, stack(0x0000003bf8200000,0x0000003bf8300000)]
  0x000001ac28389000 JavaThread "Unconstrained build operations Thread 61" [_thread_blocked, id=4796, stack(0x0000003bf8300000,0x0000003bf8400000)]
  0x000001ac28387800 JavaThread "Unconstrained build operations Thread 62" [_thread_blocked, id=15700, stack(0x0000003bf8400000,0x0000003bf8500000)]
  0x000001ac28385800 JavaThread "Unconstrained build operations Thread 63" [_thread_blocked, id=10080, stack(0x0000003bf8500000,0x0000003bf8600000)]
  0x000001ac28388000 JavaThread "Unconstrained build operations Thread 64" [_thread_blocked, id=19236, stack(0x0000003bf8600000,0x0000003bf8700000)]
  0x000001ac28386800 JavaThread "Unconstrained build operations Thread 65" [_thread_blocked, id=9044, stack(0x0000003bf8700000,0x0000003bf8800000)]
  0x000001ac2838a800 JavaThread "Unconstrained build operations Thread 66" [_thread_blocked, id=6160, stack(0x0000003bf8800000,0x0000003bf8900000)]
  0x000001ac23426800 JavaThread "Unconstrained build operations Thread 67" [_thread_blocked, id=11136, stack(0x0000003bf8900000,0x0000003bf8a00000)]
  0x000001ac2342b000 JavaThread "Unconstrained build operations Thread 68" [_thread_blocked, id=8060, stack(0x0000003bf8a00000,0x0000003bf8b00000)]
  0x000001ac2342b800 JavaThread "Unconstrained build operations Thread 69" [_thread_blocked, id=6692, stack(0x0000003bf8b00000,0x0000003bf8c00000)]
  0x000001ac2342d000 JavaThread "Unconstrained build operations Thread 70" [_thread_blocked, id=16268, stack(0x0000003bf8c00000,0x0000003bf8d00000)]
  0x000001ac23429000 JavaThread "Unconstrained build operations Thread 71" [_thread_blocked, id=18172, stack(0x0000003bf8d00000,0x0000003bf8e00000)]
  0x000001ac23427800 JavaThread "Unconstrained build operations Thread 72" [_thread_blocked, id=24044, stack(0x0000003bf8e00000,0x0000003bf8f00000)]
  0x000001ac2342c800 JavaThread "Unconstrained build operations Thread 73" [_thread_blocked, id=24060, stack(0x0000003bf8f00000,0x0000003bf9000000)]
  0x000001ac2342e000 JavaThread "Unconstrained build operations Thread 74" [_thread_blocked, id=2284, stack(0x0000003bf9000000,0x0000003bf9100000)]
  0x000001ac2342a000 JavaThread "Unconstrained build operations Thread 75" [_thread_blocked, id=4904, stack(0x0000003bf9100000,0x0000003bf9200000)]
  0x000001ac23428800 JavaThread "Unconstrained build operations Thread 76" [_thread_blocked, id=17012, stack(0x0000003bf9200000,0x0000003bf9300000)]
  0x000001ac23434800 JavaThread "Unconstrained build operations Thread 77" [_thread_blocked, id=22260, stack(0x0000003bf9300000,0x0000003bf9400000)]
  0x000001ac23431800 JavaThread "Unconstrained build operations Thread 78" [_thread_blocked, id=2272, stack(0x0000003bf9400000,0x0000003bf9500000)]
  0x000001ac2342f000 JavaThread "Unconstrained build operations Thread 79" [_thread_blocked, id=9928, stack(0x0000003bf9500000,0x0000003bf9600000)]
  0x000001ac23433000 JavaThread "Unconstrained build operations Thread 80" [_thread_blocked, id=14260, stack(0x0000003bf9600000,0x0000003bf9700000)]
  0x000001ac23435800 JavaThread "jar transforms Thread 4" [_thread_blocked, id=7740, stack(0x0000003bf9700000,0x0000003bf9800000)]
  0x000001ac23434000 JavaThread "jar transforms Thread 5" [_thread_blocked, id=4304, stack(0x0000003bf9800000,0x0000003bf9900000)]
  0x000001ac23432000 JavaThread "jar transforms Thread 6" [_thread_blocked, id=16820, stack(0x0000003bf9900000,0x0000003bf9a00000)]
  0x000001ac23430800 JavaThread "jar transforms Thread 7" [_thread_blocked, id=16188, stack(0x0000003bf9a00000,0x0000003bf9b00000)]
  0x000001ac2342f800 JavaThread "jar transforms Thread 8" [_thread_blocked, id=20172, stack(0x0000003bf9b00000,0x0000003bf9c00000)]
  0x000001ac2a1d6000 JavaThread "Memory manager" [_thread_blocked, id=21356, stack(0x0000003bf9c00000,0x0000003bf9d00000)]
  0x000001ac2a1d8800 JavaThread "included builds" [_thread_blocked, id=4384, stack(0x0000003bf9e00000,0x0000003bf9f00000)]
  0x000001ac2a1da800 JavaThread "Cache worker for execution history cache (E:\RoyalStoreOnline\.gradle\7.4\executionHistory)" [_thread_blocked, id=12608, stack(0x0000003bfa600000,0x0000003bfa700000)]
  0x000001ac2a1db000 JavaThread "WorkerExecutor Queue" [_thread_blocked, id=2908, stack(0x0000003bf3000000,0x0000003bf3100000)]
  0x000001ac2a1e4000 JavaThread "WorkerExecutor Queue Thread 2" [_thread_blocked, id=17964, stack(0x0000003bfa700000,0x0000003bfa800000)]
  0x000001ac2a1e3800 JavaThread "WorkerExecutor Queue Thread 3" [_thread_blocked, id=14384, stack(0x0000003bfa800000,0x0000003bfa900000)]
  0x000001ac2a1e5000 JavaThread "WorkerExecutor Queue Thread 4" [_thread_blocked, id=22172, stack(0x0000003bfa900000,0x0000003bfaa00000)]
  0x000001ac2a1e1000 JavaThread "WorkerExecutor Queue Thread 5" [_thread_blocked, id=22856, stack(0x0000003bfaa00000,0x0000003bfab00000)]
  0x000001ac2a1e1800 JavaThread "WorkerExecutor Queue Thread 6" [_thread_blocked, id=22724, stack(0x0000003bfab00000,0x0000003bfac00000)]
  0x000001ac2a1e2800 JavaThread "WorkerExecutor Queue Thread 7" [_thread_blocked, id=15148, stack(0x0000003bfac00000,0x0000003bfad00000)]
  0x000001ac2a3e5800 JavaThread "WorkerExecutor Queue Thread 8" [_thread_blocked, id=11300, stack(0x0000003bfad00000,0x0000003bfae00000)]
  0x000001ac2a3e8800 JavaThread "WorkerExecutor Queue Thread 9" [_thread_blocked, id=24024, stack(0x0000003bfae00000,0x0000003bfaf00000)]
  0x000001ac2a3e7000 JavaThread "ForkJoinPool.commonPool-worker-3" daemon [_thread_blocked, id=18168, stack(0x0000003bfaf00000,0x0000003bfb000000)]
  0x000001ac2a3e7800 JavaThread "ForkJoinPool.commonPool-worker-5" daemon [_thread_blocked, id=20220, stack(0x0000003bfb000000,0x0000003bfb100000)]
  0x000001ac2a3e9800 JavaThread "ForkJoinPool.commonPool-worker-7" daemon [_thread_blocked, id=3632, stack(0x0000003bfb100000,0x0000003bfb200000)]
  0x000001ac2a3e3800 JavaThread "ForkJoinPool.commonPool-worker-9" daemon [_thread_blocked, id=15728, stack(0x0000003bfb200000,0x0000003bfb300000)]
  0x000001ac2a3e4800 JavaThread "ForkJoinPool.commonPool-worker-11" daemon [_thread_blocked, id=15712, stack(0x0000003bfb300000,0x0000003bfb400000)]
  0x000001ac26011000 JavaThread "ForkJoinPool.commonPool-worker-13" daemon [_thread_blocked, id=23984, stack(0x0000003bfb400000,0x0000003bfb500000)]
  0x000001ac2600d000 JavaThread "ForkJoinPool.commonPool-worker-15" daemon [_thread_blocked, id=23892, stack(0x0000003bfb500000,0x0000003bfb600000)]

Other Threads:
=>0x000001ac22481800 VMThread "VM Thread" [stack: 0x0000003bf1900000,0x0000003bf1a00000] [id=16168]
  0x000001ac22faa800 WatcherThread [stack: 0x0000003bf2300000,0x0000003bf2400000] [id=8780]
  0x000001ac0800c800 GCTaskThread "GC Thread#0" [stack: 0x0000003bf1400000,0x0000003bf1500000] [id=3432]
  0x000001ac24246800 GCTaskThread "GC Thread#1" [stack: 0x0000003bf2500000,0x0000003bf2600000] [id=9872]
  0x000001ac23ca0800 GCTaskThread "GC Thread#2" [stack: 0x0000003bf2600000,0x0000003bf2700000] [id=4772]
  0x000001ac23390800 GCTaskThread "GC Thread#3" [stack: 0x0000003bf3100000,0x0000003bf3200000] [id=22792]
  0x000001ac25b72000 GCTaskThread "GC Thread#4" [stack: 0x0000003bf3200000,0x0000003bf3300000] [id=19800]
  0x000001ac245e5000 GCTaskThread "GC Thread#5" [stack: 0x0000003bf3300000,0x0000003bf3400000] [id=13008]
  0x000001ac25b73000 GCTaskThread "GC Thread#6" [stack: 0x0000003bf3400000,0x0000003bf3500000] [id=14636]
  0x000001ac2532f800 GCTaskThread "GC Thread#7" [stack: 0x0000003bf3500000,0x0000003bf3600000] [id=19996]
  0x000001ac0803f000 ConcurrentGCThread "G1 Main Marker" [stack: 0x0000003bf1500000,0x0000003bf1600000] [id=21536]
  0x000001ac08040800 ConcurrentGCThread "G1 Conc#0" [stack: 0x0000003bf1600000,0x0000003bf1700000] [id=24500]
  0x000001ac250d1800 ConcurrentGCThread "G1 Conc#1" [stack: 0x0000003bf3900000,0x0000003bf3a00000] [id=24264]
  0x000001ac222d4800 ConcurrentGCThread "G1 Refine#0" [stack: 0x0000003bf1700000,0x0000003bf1800000] [id=1316]
  0x000001ac080cd800 ConcurrentGCThread "G1 Young RemSet Sampling" [stack: 0x0000003bf1800000,0x0000003bf1900000] [id=13232]

Threads with active compile tasks:
C2 CompilerThread0  25004 16000   !   4       java.io.ObjectOutputStream::writeObject0 (619 bytes)

VM state:at safepoint (normal execution)

VM Mutex/Monitor currently owned by a thread:  ([mutex/lock_event])
[0x000001ac07fee3c0] Threads_lock - owner thread: 0x000001ac22481800
[0x000001ac07fee450] Heap_lock - owner thread: 0x000001ac25914000

Heap address: 0x0000000080000000, size: 2048 MB, Compressed Oops mode: 32-bit
Narrow klass base: 0x0000000000000000, Narrow klass shift: 3
Compressed class space size: 1073741824 Address: 0x0000000100000000

Heap:
 garbage-first heap   total 394240K, used 135511K [0x0000000080000000, 0x0000000100000000)
  region size 1024K, 5 young (5120K), 5 survivors (5120K)
 Metaspace       used 115312K, capacity 119652K, committed 119708K, reserved 1153024K
  class space    used 15311K, capacity 17056K, committed 17100K, reserved 1048576K
Heap Regions: E=young(eden), S=young(survivor), O=old, HS=humongous(starts), HC=humongous(continues), CS=collection set, F=free, A=archive, TAMS=top-at-mark-start (previous, next)
|   0|0x0000000080000000, 0x0000000080100000, 0x0000000080100000|100%| O|  |TAMS 0x0000000080100000, 0x0000000080000000| Untracked 
|   1|0x0000000080100000, 0x0000000080200000, 0x0000000080200000|100%| O|  |TAMS 0x0000000080200000, 0x0000000080100000| Untracked 
|   2|0x0000000080200000, 0x0000000080300000, 0x0000000080300000|100%| O|  |TAMS 0x0000000080300000, 0x0000000080200000| Untracked 
|   3|0x0000000080300000, 0x0000000080400000, 0x0000000080400000|100%|HS|  |TAMS 0x0000000080400000, 0x0000000080300000| Complete 
|   4|0x0000000080400000, 0x0000000080500000, 0x0000000080500000|100%|HC|  |TAMS 0x0000000080500000, 0x0000000080400000| Complete 
|   5|0x0000000080500000, 0x0000000080600000, 0x0000000080600000|100%|HC|  |TAMS 0x0000000080600000, 0x0000000080500000| Complete 
|   6|0x0000000080600000, 0x0000000080700000, 0x0000000080700000|100%| O|  |TAMS 0x0000000080700000, 0x0000000080600000| Untracked 
|   7|0x0000000080700000, 0x0000000080800000, 0x0000000080800000|100%| O|  |TAMS 0x0000000080800000, 0x0000000080700000| Untracked 
|   8|0x0000000080800000, 0x0000000080900000, 0x0000000080900000|100%| O|  |TAMS 0x0000000080900000, 0x0000000080800000| Untracked 
|   9|0x0000000080900000, 0x0000000080a00000, 0x0000000080a00000|100%| O|  |TAMS 0x0000000080a00000, 0x0000000080900000| Untracked 
|  10|0x0000000080a00000, 0x0000000080b00000, 0x0000000080b00000|100%| O|  |TAMS 0x0000000080b00000, 0x0000000080a00000| Untracked 
|  11|0x0000000080b00000, 0x0000000080c00000, 0x0000000080c00000|100%| O|  |TAMS 0x0000000080c00000, 0x0000000080b00000| Untracked 
|  12|0x0000000080c00000, 0x0000000080d00000, 0x0000000080d00000|100%| O|  |TAMS 0x0000000080d00000, 0x0000000080c00000| Untracked 
|  13|0x0000000080d00000, 0x0000000080e00000, 0x0000000080e00000|100%| O|  |TAMS 0x0000000080e00000, 0x0000000080d00000| Untracked 
|  14|0x0000000080e00000, 0x0000000080f00000, 0x0000000080f00000|100%| O|  |TAMS 0x0000000080f00000, 0x0000000080e00000| Untracked 
|  15|0x0000000080f00000, 0x0000000080fffff8, 0x0000000081000000| 99%| O|  |TAMS 0x0000000080fffff8, 0x0000000080f00000| Untracked 
|  16|0x0000000081000000, 0x0000000081100000, 0x0000000081100000|100%| O|  |TAMS 0x0000000081100000, 0x0000000081000000| Untracked 
|  17|0x0000000081100000, 0x0000000081200000, 0x0000000081200000|100%| O|  |TAMS 0x0000000081200000, 0x0000000081100000| Untracked 
|  18|0x0000000081200000, 0x0000000081300000, 0x0000000081300000|100%| O|  |TAMS 0x0000000081300000, 0x0000000081200000| Untracked 
|  19|0x0000000081300000, 0x0000000081400000, 0x0000000081400000|100%| O|  |TAMS 0x0000000081400000, 0x0000000081300000| Untracked 
|  20|0x0000000081400000, 0x0000000081500000, 0x0000000081500000|100%| O|  |TAMS 0x0000000081500000, 0x0000000081400000| Untracked 
|  21|0x0000000081500000, 0x0000000081600000, 0x0000000081600000|100%| O|  |TAMS 0x0000000081600000, 0x0000000081500000| Untracked 
|  22|0x0000000081600000, 0x0000000081700000, 0x0000000081700000|100%| O|  |TAMS 0x0000000081700000, 0x0000000081600000| Untracked 
|  23|0x0000000081700000, 0x0000000081800000, 0x0000000081800000|100%| O|  |TAMS 0x0000000081800000, 0x0000000081700000| Untracked 
|  24|0x0000000081800000, 0x0000000081900000, 0x0000000081900000|100%| O|  |TAMS 0x0000000081900000, 0x0000000081800000| Untracked 
|  25|0x0000000081900000, 0x0000000081a00000, 0x0000000081a00000|100%| O|  |TAMS 0x0000000081a00000, 0x0000000081900000| Untracked 
|  26|0x0000000081a00000, 0x0000000081b00000, 0x0000000081b00000|100%| O|  |TAMS 0x0000000081b00000, 0x0000000081a00000| Untracked 
|  27|0x0000000081b00000, 0x0000000081c00000, 0x0000000081c00000|100%|HS|  |TAMS 0x0000000081c00000, 0x0000000081b00000| Complete 
|  28|0x0000000081c00000, 0x0000000081d00000, 0x0000000081d00000|100%|HS|  |TAMS 0x0000000081d00000, 0x0000000081c00000| Complete 
|  29|0x0000000081d00000, 0x0000000081e00000, 0x0000000081e00000|100%|HS|  |TAMS 0x0000000081e00000, 0x0000000081d00000| Complete 
|  30|0x0000000081e00000, 0x0000000081f00000, 0x0000000081f00000|100%|HS|  |TAMS 0x0000000081f00000, 0x0000000081e00000| Complete 
|  31|0x0000000081f00000, 0x0000000082000000, 0x0000000082000000|100%|HC|  |TAMS 0x0000000082000000, 0x0000000081f00000| Complete 
|  32|0x0000000082000000, 0x0000000082100000, 0x0000000082100000|100%|HC|  |TAMS 0x0000000082100000, 0x0000000082000000| Complete 
|  33|0x0000000082100000, 0x0000000082200000, 0x0000000082200000|100%| O|  |TAMS 0x0000000082200000, 0x0000000082100000| Untracked 
|  34|0x0000000082200000, 0x0000000082300000, 0x0000000082300000|100%|HS|  |TAMS 0x0000000082300000, 0x0000000082200000| Complete 
|  35|0x0000000082300000, 0x0000000082400000, 0x0000000082400000|100%|HC|  |TAMS 0x0000000082400000, 0x0000000082300000| Complete 
|  36|0x0000000082400000, 0x0000000082500000, 0x0000000082500000|100%| O|  |TAMS 0x0000000082500000, 0x0000000082400000| Untracked 
|  37|0x0000000082500000, 0x0000000082600000, 0x0000000082600000|100%| O|  |TAMS 0x0000000082600000, 0x0000000082500000| Untracked 
|  38|0x0000000082600000, 0x0000000082700000, 0x0000000082700000|100%| O|  |TAMS 0x0000000082700000, 0x0000000082600000| Untracked 
|  39|0x0000000082700000, 0x0000000082800000, 0x0000000082800000|100%| O|  |TAMS 0x0000000082800000, 0x0000000082700000| Untracked 
|  40|0x0000000082800000, 0x0000000082900000, 0x0000000082900000|100%| O|  |TAMS 0x0000000082900000, 0x0000000082800000| Untracked 
|  41|0x0000000082900000, 0x0000000082a00000, 0x0000000082a00000|100%| O|  |TAMS 0x0000000082a00000, 0x0000000082900000| Untracked 
|  42|0x0000000082a00000, 0x0000000082b00000, 0x0000000082b00000|100%| O|  |TAMS 0x0000000082b00000, 0x0000000082a00000| Untracked 
|  43|0x0000000082b00000, 0x0000000082c00000, 0x0000000082c00000|100%| O|  |TAMS 0x0000000082c00000, 0x0000000082b00000| Untracked 
|  44|0x0000000082c00000, 0x0000000082d00000, 0x0000000082d00000|100%| O|  |TAMS 0x0000000082d00000, 0x0000000082c00000| Untracked 
|  45|0x0000000082d00000, 0x0000000082e00000, 0x0000000082e00000|100%| O|  |TAMS 0x0000000082e00000, 0x0000000082d00000| Untracked 
|  46|0x0000000082e00000, 0x0000000082f00000, 0x0000000082f00000|100%| O|  |TAMS 0x0000000082f00000, 0x0000000082e00000| Untracked 
|  47|0x0000000082f00000, 0x0000000083000000, 0x0000000083000000|100%| O|  |TAMS 0x0000000083000000, 0x0000000082f00000| Untracked 
|  48|0x0000000083000000, 0x0000000083100000, 0x0000000083100000|100%| O|  |TAMS 0x0000000083100000, 0x0000000083000000| Untracked 
|  49|0x0000000083100000, 0x0000000083200000, 0x0000000083200000|100%| O|  |TAMS 0x0000000083200000, 0x0000000083100000| Untracked 
|  50|0x0000000083200000, 0x0000000083300000, 0x0000000083300000|100%| O|  |TAMS 0x0000000083300000, 0x0000000083200000| Untracked 
|  51|0x0000000083300000, 0x0000000083400000, 0x0000000083400000|100%| O|  |TAMS 0x0000000083400000, 0x0000000083300000| Untracked 
|  52|0x0000000083400000, 0x0000000083500000, 0x0000000083500000|100%| O|  |TAMS 0x0000000083500000, 0x0000000083400000| Untracked 
|  53|0x0000000083500000, 0x0000000083600000, 0x0000000083600000|100%| O|  |TAMS 0x0000000083600000, 0x0000000083500000| Untracked 
|  54|0x0000000083600000, 0x0000000083700000, 0x0000000083700000|100%| O|  |TAMS 0x0000000083700000, 0x0000000083600000| Untracked 
|  55|0x0000000083700000, 0x0000000083800000, 0x0000000083800000|100%| O|  |TAMS 0x0000000083800000, 0x0000000083700000| Untracked 
|  56|0x0000000083800000, 0x0000000083900000, 0x0000000083900000|100%| O|  |TAMS 0x0000000083900000, 0x0000000083800000| Untracked 
|  57|0x0000000083900000, 0x0000000083a00000, 0x0000000083a00000|100%| O|  |TAMS 0x0000000083a00000, 0x0000000083900000| Untracked 
|  58|0x0000000083a00000, 0x0000000083b00000, 0x0000000083b00000|100%| O|  |TAMS 0x0000000083b00000, 0x0000000083a00000| Untracked 
|  59|0x0000000083b00000, 0x0000000083c00000, 0x0000000083c00000|100%| O|  |TAMS 0x0000000083c00000, 0x0000000083b00000| Untracked 
|  60|0x0000000083c00000, 0x0000000083d00000, 0x0000000083d00000|100%| O|  |TAMS 0x0000000083d00000, 0x0000000083c00000| Untracked 
|  61|0x0000000083d00000, 0x0000000083e00000, 0x0000000083e00000|100%| O|  |TAMS 0x0000000083e00000, 0x0000000083d00000| Untracked 
|  62|0x0000000083e00000, 0x0000000083f00000, 0x0000000083f00000|100%| O|  |TAMS 0x0000000083f00000, 0x0000000083e00000| Untracked 
|  63|0x0000000083f00000, 0x0000000084000000, 0x0000000084000000|100%| O|  |TAMS 0x0000000084000000, 0x0000000083f00000| Untracked 
|  64|0x0000000084000000, 0x0000000084100000, 0x0000000084100000|100%| O|  |TAMS 0x0000000084100000, 0x0000000084000000| Untracked 
|  65|0x0000000084100000, 0x0000000084200000, 0x0000000084200000|100%| O|  |TAMS 0x0000000084200000, 0x0000000084100000| Untracked 
|  66|0x0000000084200000, 0x0000000084300000, 0x0000000084300000|100%| O|  |TAMS 0x0000000084300000, 0x0000000084200000| Untracked 
|  67|0x0000000084300000, 0x0000000084400000, 0x0000000084400000|100%| O|  |TAMS 0x0000000084400000, 0x0000000084300000| Untracked 
|  68|0x0000000084400000, 0x0000000084500000, 0x0000000084500000|100%| O|  |TAMS 0x0000000084500000, 0x0000000084400000| Untracked 
|  69|0x0000000084500000, 0x0000000084600000, 0x0000000084600000|100%| O|  |TAMS 0x0000000084600000, 0x0000000084500000| Untracked 
|  70|0x0000000084600000, 0x0000000084700000, 0x0000000084700000|100%| O|  |TAMS 0x0000000084700000, 0x0000000084600000| Untracked 
|  71|0x0000000084700000, 0x0000000084800000, 0x0000000084800000|100%| O|  |TAMS 0x0000000084800000, 0x0000000084700000| Untracked 
|  72|0x0000000084800000, 0x0000000084900000, 0x0000000084900000|100%| O|  |TAMS 0x0000000084900000, 0x0000000084800000| Untracked 
|  73|0x0000000084900000, 0x0000000084a00000, 0x0000000084a00000|100%| O|  |TAMS 0x0000000084a00000, 0x0000000084900000| Untracked 
|  74|0x0000000084a00000, 0x0000000084b00000, 0x0000000084b00000|100%| O|  |TAMS 0x0000000084b00000, 0x0000000084a00000| Untracked 
|  75|0x0000000084b00000, 0x0000000084c00000, 0x0000000084c00000|100%| O|  |TAMS 0x0000000084b00000, 0x0000000084b00000| Untracked 
|  76|0x0000000084c00000, 0x0000000084d00000, 0x0000000084d00000|100%| O|  |TAMS 0x0000000084d00000, 0x0000000084c00000| Untracked 
|  77|0x0000000084d00000, 0x0000000084e00000, 0x0000000084e00000|100%| O|  |TAMS 0x0000000084e00000, 0x0000000084d00000| Untracked 
|  78|0x0000000084e00000, 0x0000000084f00000, 0x0000000084f00000|100%| O|  |TAMS 0x0000000084f00000, 0x0000000084e00000| Untracked 
|  79|0x0000000084f00000, 0x0000000085000000, 0x0000000085000000|100%| O|  |TAMS 0x0000000085000000, 0x0000000084f00000| Untracked 
|  80|0x0000000085000000, 0x0000000085100000, 0x0000000085100000|100%| O|  |TAMS 0x0000000085000000, 0x0000000085000000| Untracked 
|  81|0x0000000085100000, 0x0000000085200000, 0x0000000085200000|100%| O|  |TAMS 0x0000000085200000, 0x0000000085100000| Untracked 
|  82|0x0000000085200000, 0x0000000085300000, 0x0000000085300000|100%| O|  |TAMS 0x0000000085300000, 0x0000000085200000| Untracked 
|  83|0x0000000085300000, 0x0000000085400000, 0x0000000085400000|100%| O|  |TAMS 0x0000000085400000, 0x0000000085300000| Untracked 
|  84|0x0000000085400000, 0x0000000085500000, 0x0000000085500000|100%| O|  |TAMS 0x0000000085500000, 0x0000000085400000| Untracked 
|  85|0x0000000085500000, 0x0000000085600000, 0x0000000085600000|100%| O|  |TAMS 0x0000000085600000, 0x0000000085500000| Untracked 
|  86|0x0000000085600000, 0x0000000085700000, 0x0000000085700000|100%| O|  |TAMS 0x0000000085700000, 0x0000000085600000| Untracked 
|  87|0x0000000085700000, 0x0000000085800000, 0x0000000085800000|100%| O|  |TAMS 0x0000000085800000, 0x0000000085700000| Untracked 
|  88|0x0000000085800000, 0x0000000085900000, 0x0000000085900000|100%| O|  |TAMS 0x0000000085900000, 0x0000000085800000| Untracked 
|  89|0x0000000085900000, 0x0000000085a00000, 0x0000000085a00000|100%| O|  |TAMS 0x0000000085a00000, 0x0000000085900000| Untracked 
|  90|0x0000000085a00000, 0x0000000085b00000, 0x0000000085b00000|100%| O|  |TAMS 0x0000000085b00000, 0x0000000085a00000| Untracked 
|  91|0x0000000085b00000, 0x0000000085c00000, 0x0000000085c00000|100%| O|  |TAMS 0x0000000085c00000, 0x0000000085b00000| Untracked 
|  92|0x0000000085c00000, 0x0000000085d00000, 0x0000000085d00000|100%| O|  |TAMS 0x0000000085d00000, 0x0000000085c00000| Untracked 
|  93|0x0000000085d00000, 0x0000000085e00000, 0x0000000085e00000|100%| O|  |TAMS 0x0000000085e00000, 0x0000000085d00000| Untracked 
|  94|0x0000000085e00000, 0x0000000085f00000, 0x0000000085f00000|100%| O|  |TAMS 0x0000000085f00000, 0x0000000085e00000| Untracked 
|  95|0x0000000085f00000, 0x0000000086000000, 0x0000000086000000|100%| O|  |TAMS 0x0000000086000000, 0x0000000085f00000| Untracked 
|  96|0x0000000086000000, 0x0000000086100000, 0x0000000086100000|100%| O|  |TAMS 0x0000000086100000, 0x0000000086000000| Untracked 
|  97|0x0000000086100000, 0x0000000086200000, 0x0000000086200000|100%| O|  |TAMS 0x0000000086200000, 0x0000000086100000| Untracked 
|  98|0x0000000086200000, 0x0000000086300000, 0x0000000086300000|100%| O|  |TAMS 0x0000000086300000, 0x0000000086200000| Untracked 
|  99|0x0000000086300000, 0x0000000086400000, 0x0000000086400000|100%| O|  |TAMS 0x0000000086400000, 0x0000000086300000| Untracked 
| 100|0x0000000086400000, 0x0000000086500000, 0x0000000086500000|100%| O|  |TAMS 0x0000000086500000, 0x0000000086400000| Untracked 
| 101|0x0000000086500000, 0x0000000086600000, 0x0000000086600000|100%| O|  |TAMS 0x0000000086600000, 0x0000000086500000| Untracked 
| 102|0x0000000086600000, 0x0000000086700000, 0x0000000086700000|100%| O|  |TAMS 0x0000000086600000, 0x0000000086600000| Untracked 
| 103|0x0000000086700000, 0x0000000086800000, 0x0000000086800000|100%| O|  |TAMS 0x0000000086700000, 0x0000000086700000| Untracked 
| 104|0x0000000086800000, 0x0000000086900000, 0x0000000086900000|100%| O|  |TAMS 0x0000000086800000, 0x0000000086800000| Untracked 
| 105|0x0000000086900000, 0x0000000086a00000, 0x0000000086a00000|100%| O|  |TAMS 0x0000000086900000, 0x0000000086900000| Untracked 
| 106|0x0000000086a00000, 0x0000000086b00000, 0x0000000086b00000|100%| O|  |TAMS 0x0000000086a00000, 0x0000000086a00000| Untracked 
| 107|0x0000000086b00000, 0x0000000086c00000, 0x0000000086c00000|100%| O|  |TAMS 0x0000000086b00000, 0x0000000086b00000| Untracked 
| 108|0x0000000086c00000, 0x0000000086d00000, 0x0000000086d00000|100%| O|  |TAMS 0x0000000086c00000, 0x0000000086c00000| Untracked 
| 109|0x0000000086d00000, 0x0000000086e00000, 0x0000000086e00000|100%| O|  |TAMS 0x0000000086d00000, 0x0000000086d00000| Untracked 
| 110|0x0000000086e00000, 0x0000000086f00000, 0x0000000086f00000|100%| O|  |TAMS 0x0000000086e00000, 0x0000000086e00000| Untracked 
| 111|0x0000000086f00000, 0x0000000087000000, 0x0000000087000000|100%| O|  |TAMS 0x0000000086f00000, 0x0000000086f00000| Untracked 
| 112|0x0000000087000000, 0x0000000087100000, 0x0000000087100000|100%| O|  |TAMS 0x0000000087000000, 0x0000000087000000| Untracked 
| 113|0x0000000087100000, 0x0000000087200000, 0x0000000087200000|100%| O|  |TAMS 0x0000000087100000, 0x0000000087100000| Untracked 
| 114|0x0000000087200000, 0x0000000087300000, 0x0000000087300000|100%| O|  |TAMS 0x0000000087200000, 0x0000000087200000| Untracked 
| 115|0x0000000087300000, 0x0000000087400000, 0x0000000087400000|100%| O|  |TAMS 0x0000000087300000, 0x0000000087300000| Untracked 
| 116|0x0000000087400000, 0x0000000087500000, 0x0000000087500000|100%| O|  |TAMS 0x0000000087400000, 0x0000000087400000| Untracked 
| 117|0x0000000087500000, 0x0000000087600000, 0x0000000087600000|100%| O|  |TAMS 0x0000000087500000, 0x0000000087500000| Untracked 
| 118|0x0000000087600000, 0x0000000087700000, 0x0000000087700000|100%| O|  |TAMS 0x0000000087600000, 0x0000000087600000| Untracked 
| 119|0x0000000087700000, 0x0000000087800000, 0x0000000087800000|100%| O|  |TAMS 0x0000000087700000, 0x0000000087700000| Untracked 
| 120|0x0000000087800000, 0x0000000087900000, 0x0000000087900000|100%| O|  |TAMS 0x0000000087800000, 0x0000000087800000| Untracked 
| 121|0x0000000087900000, 0x0000000087a00000, 0x0000000087a00000|100%| O|  |TAMS 0x0000000087900000, 0x0000000087900000| Untracked 
| 122|0x0000000087a00000, 0x0000000087b00000, 0x0000000087b00000|100%| O|  |TAMS 0x0000000087a00000, 0x0000000087a00000| Untracked 
| 123|0x0000000087b00000, 0x0000000087c00000, 0x0000000087c00000|100%| O|  |TAMS 0x0000000087b00000, 0x0000000087b00000| Untracked 
| 124|0x0000000087c00000, 0x0000000087d00000, 0x0000000087d00000|100%|HS|  |TAMS 0x0000000087c00000, 0x0000000087c00000| Complete 
| 125|0x0000000087d00000, 0x0000000087d00000, 0x0000000087e00000|  0%| F|  |TAMS 0x0000000087d00000, 0x0000000087d00000| Untracked 
| 126|0x0000000087e00000, 0x0000000087e00000, 0x0000000087f00000|  0%| F|  |TAMS 0x0000000087e00000, 0x0000000087e00000| Untracked 
| 127|0x0000000087f00000, 0x0000000087f00000, 0x0000000088000000|  0%| F|  |TAMS 0x0000000087f00000, 0x0000000087f00000| Untracked 
| 128|0x0000000088000000, 0x0000000088000000, 0x0000000088100000|  0%| F|  |TAMS 0x0000000088000000, 0x0000000088000000| Untracked 
| 129|0x0000000088100000, 0x0000000088100000, 0x0000000088200000|  0%| F|  |TAMS 0x0000000088100000, 0x0000000088100000| Untracked 
| 130|0x0000000088200000, 0x0000000088200000, 0x0000000088300000|  0%| F|  |TAMS 0x0000000088200000, 0x0000000088200000| Untracked 
| 131|0x0000000088300000, 0x0000000088300000, 0x0000000088400000|  0%| F|  |TAMS 0x0000000088300000, 0x0000000088300000| Untracked 
| 132|0x0000000088400000, 0x0000000088400000, 0x0000000088500000|  0%| F|  |TAMS 0x0000000088400000, 0x0000000088400000| Untracked 
| 133|0x0000000088500000, 0x0000000088500000, 0x0000000088600000|  0%| F|  |TAMS 0x0000000088500000, 0x0000000088500000| Untracked 
| 134|0x0000000088600000, 0x0000000088600000, 0x0000000088700000|  0%| F|  |TAMS 0x0000000088600000, 0x0000000088600000| Untracked 
| 135|0x0000000088700000, 0x0000000088700000, 0x0000000088800000|  0%| F|  |TAMS 0x0000000088700000, 0x0000000088700000| Untracked 
| 136|0x0000000088800000, 0x0000000088800000, 0x0000000088900000|  0%| F|  |TAMS 0x0000000088800000, 0x0000000088800000| Untracked 
| 137|0x0000000088900000, 0x0000000088900000, 0x0000000088a00000|  0%| F|  |TAMS 0x0000000088900000, 0x0000000088900000| Untracked 
| 138|0x0000000088a00000, 0x0000000088a00000, 0x0000000088b00000|  0%| F|  |TAMS 0x0000000088a00000, 0x0000000088a00000| Untracked 
| 139|0x0000000088b00000, 0x0000000088b00000, 0x0000000088c00000|  0%| F|  |TAMS 0x0000000088b00000, 0x0000000088b00000| Untracked 
| 140|0x0000000088c00000, 0x0000000088c00000, 0x0000000088d00000|  0%| F|  |TAMS 0x0000000088c00000, 0x0000000088c00000| Untracked 
| 141|0x0000000088d00000, 0x0000000088d00000, 0x0000000088e00000|  0%| F|  |TAMS 0x0000000088d00000, 0x0000000088d00000| Untracked 
| 142|0x0000000088e00000, 0x0000000088e00000, 0x0000000088f00000|  0%| F|  |TAMS 0x0000000088e00000, 0x0000000088e00000| Untracked 
| 143|0x0000000088f00000, 0x0000000088f00000, 0x0000000089000000|  0%| F|  |TAMS 0x0000000088f00000, 0x0000000088f00000| Untracked 
| 144|0x0000000089000000, 0x0000000089000000, 0x0000000089100000|  0%| F|  |TAMS 0x0000000089000000, 0x0000000089000000| Untracked 
| 145|0x0000000089100000, 0x0000000089100000, 0x0000000089200000|  0%| F|  |TAMS 0x0000000089100000, 0x0000000089100000| Untracked 
| 146|0x0000000089200000, 0x0000000089300000, 0x0000000089300000|100%| O|  |TAMS 0x0000000089200000, 0x0000000089200000| Untracked 
| 147|0x0000000089300000, 0x0000000089400000, 0x0000000089400000|100%| O|  |TAMS 0x0000000089300000, 0x0000000089300000| Untracked 
| 148|0x0000000089400000, 0x000000008948e400, 0x0000000089500000| 55%| O|  |TAMS 0x0000000089400000, 0x0000000089400000| Untracked 
| 149|0x0000000089500000, 0x0000000089500000, 0x0000000089600000|  0%| F|  |TAMS 0x0000000089500000, 0x0000000089500000| Untracked 
| 150|0x0000000089600000, 0x0000000089600000, 0x0000000089700000|  0%| F|  |TAMS 0x0000000089600000, 0x0000000089600000| Untracked 
| 151|0x0000000089700000, 0x0000000089700000, 0x0000000089800000|  0%| F|  |TAMS 0x0000000089700000, 0x0000000089700000| Untracked 
| 152|0x0000000089800000, 0x0000000089800000, 0x0000000089900000|  0%| F|  |TAMS 0x0000000089800000, 0x0000000089800000| Untracked 
| 153|0x0000000089900000, 0x0000000089900000, 0x0000000089a00000|  0%| F|  |TAMS 0x0000000089900000, 0x0000000089900000| Untracked 
| 154|0x0000000089a00000, 0x0000000089a00000, 0x0000000089b00000|  0%| F|  |TAMS 0x0000000089a00000, 0x0000000089a00000| Untracked 
| 155|0x0000000089b00000, 0x0000000089b00000, 0x0000000089c00000|  0%| F|  |TAMS 0x0000000089b00000, 0x0000000089b00000| Untracked 
| 156|0x0000000089c00000, 0x0000000089c00000, 0x0000000089d00000|  0%| F|  |TAMS 0x0000000089c00000, 0x0000000089c00000| Untracked 
| 157|0x0000000089d00000, 0x0000000089d00000, 0x0000000089e00000|  0%| F|  |TAMS 0x0000000089d00000, 0x0000000089d00000| Untracked 
| 158|0x0000000089e00000, 0x0000000089e00000, 0x0000000089f00000|  0%| F|  |TAMS 0x0000000089e00000, 0x0000000089e00000| Untracked 
| 159|0x0000000089f00000, 0x0000000089f00000, 0x000000008a000000|  0%| F|  |TAMS 0x0000000089f00000, 0x0000000089f00000| Untracked 
| 160|0x000000008a000000, 0x000000008a000000, 0x000000008a100000|  0%| F|  |TAMS 0x000000008a000000, 0x000000008a000000| Untracked 
| 161|0x000000008a100000, 0x000000008a100000, 0x000000008a200000|  0%| F|  |TAMS 0x000000008a100000, 0x000000008a100000| Untracked 
| 162|0x000000008a200000, 0x000000008a200000, 0x000000008a300000|  0%| F|  |TAMS 0x000000008a200000, 0x000000008a200000| Untracked 
| 163|0x000000008a300000, 0x000000008a300000, 0x000000008a400000|  0%| F|  |TAMS 0x000000008a300000, 0x000000008a300000| Untracked 
| 164|0x000000008a400000, 0x000000008a400000, 0x000000008a500000|  0%| F|  |TAMS 0x000000008a400000, 0x000000008a400000| Untracked 
| 165|0x000000008a500000, 0x000000008a500000, 0x000000008a600000|  0%| F|  |TAMS 0x000000008a500000, 0x000000008a500000| Untracked 
| 166|0x000000008a600000, 0x000000008a600000, 0x000000008a700000|  0%| F|  |TAMS 0x000000008a600000, 0x000000008a600000| Untracked 
| 167|0x000000008a700000, 0x000000008a700000, 0x000000008a800000|  0%| F|  |TAMS 0x000000008a700000, 0x000000008a700000| Untracked 
| 168|0x000000008a800000, 0x000000008a800000, 0x000000008a900000|  0%| F|  |TAMS 0x000000008a800000, 0x000000008a800000| Untracked 
| 169|0x000000008a900000, 0x000000008a900000, 0x000000008aa00000|  0%| F|  |TAMS 0x000000008a900000, 0x000000008a900000| Untracked 
| 170|0x000000008aa00000, 0x000000008aa00000, 0x000000008ab00000|  0%| F|  |TAMS 0x000000008aa00000, 0x000000008aa00000| Untracked 
| 171|0x000000008ab00000, 0x000000008ab00000, 0x000000008ac00000|  0%| F|  |TAMS 0x000000008ab00000, 0x000000008ab00000| Untracked 
| 172|0x000000008ac00000, 0x000000008ac00000, 0x000000008ad00000|  0%| F|  |TAMS 0x000000008ac00000, 0x000000008ac00000| Untracked 
| 173|0x000000008ad00000, 0x000000008ad00000, 0x000000008ae00000|  0%| F|  |TAMS 0x000000008ad00000, 0x000000008ad00000| Untracked 
| 174|0x000000008ae00000, 0x000000008ae00000, 0x000000008af00000|  0%| F|  |TAMS 0x000000008ae00000, 0x000000008ae00000| Untracked 
| 175|0x000000008af00000, 0x000000008af00000, 0x000000008b000000|  0%| F|  |TAMS 0x000000008af00000, 0x000000008af00000| Untracked 
| 176|0x000000008b000000, 0x000000008b000000, 0x000000008b100000|  0%| F|  |TAMS 0x000000008b000000, 0x000000008b000000| Untracked 
| 177|0x000000008b100000, 0x000000008b100000, 0x000000008b200000|  0%| F|  |TAMS 0x000000008b100000, 0x000000008b100000| Untracked 
| 178|0x000000008b200000, 0x000000008b200000, 0x000000008b300000|  0%| F|  |TAMS 0x000000008b200000, 0x000000008b200000| Untracked 
| 179|0x000000008b300000, 0x000000008b300000, 0x000000008b400000|  0%| F|  |TAMS 0x000000008b300000, 0x000000008b300000| Untracked 
| 180|0x000000008b400000, 0x000000008b400000, 0x000000008b500000|  0%| F|  |TAMS 0x000000008b400000, 0x000000008b400000| Untracked 
| 181|0x000000008b500000, 0x000000008b500000, 0x000000008b600000|  0%| F|  |TAMS 0x000000008b500000, 0x000000008b500000| Untracked 
| 182|0x000000008b600000, 0x000000008b6c7830, 0x000000008b700000| 77%| S|CS|TAMS 0x000000008b600000, 0x000000008b600000| Complete 
| 183|0x000000008b700000, 0x000000008b800000, 0x000000008b800000|100%| S|CS|TAMS 0x000000008b700000, 0x000000008b700000| Complete 
| 184|0x000000008b800000, 0x000000008b900000, 0x000000008b900000|100%| S|CS|TAMS 0x000000008b800000, 0x000000008b800000| Complete 
| 185|0x000000008b900000, 0x000000008ba00000, 0x000000008ba00000|100%| S|CS|TAMS 0x000000008b900000, 0x000000008b900000| Complete 
| 186|0x000000008ba00000, 0x000000008bb00000, 0x000000008bb00000|100%| S|CS|TAMS 0x000000008ba00000, 0x000000008ba00000| Complete 
| 187|0x000000008bb00000, 0x000000008bb00000, 0x000000008bc00000|  0%| F|  |TAMS 0x000000008bb00000, 0x000000008bb00000| Untracked 
| 188|0x000000008bc00000, 0x000000008bc00000, 0x000000008bd00000|  0%| F|  |TAMS 0x000000008bc00000, 0x000000008bc00000| Untracked 
| 189|0x000000008bd00000, 0x000000008bd00000, 0x000000008be00000|  0%| F|  |TAMS 0x000000008bd00000, 0x000000008bd00000| Untracked 
| 190|0x000000008be00000, 0x000000008be00000, 0x000000008bf00000|  0%| F|  |TAMS 0x000000008be00000, 0x000000008be00000| Untracked 
| 191|0x000000008bf00000, 0x000000008bf00000, 0x000000008c000000|  0%| F|  |TAMS 0x000000008bf00000, 0x000000008bf00000| Untracked 
| 192|0x000000008c000000, 0x000000008c000000, 0x000000008c100000|  0%| F|  |TAMS 0x000000008c000000, 0x000000008c000000| Untracked 
| 193|0x000000008c100000, 0x000000008c100000, 0x000000008c200000|  0%| F|  |TAMS 0x000000008c100000, 0x000000008c100000| Untracked 
| 194|0x000000008c200000, 0x000000008c200000, 0x000000008c300000|  0%| F|  |TAMS 0x000000008c200000, 0x000000008c200000| Untracked 
| 195|0x000000008c300000, 0x000000008c300000, 0x000000008c400000|  0%| F|  |TAMS 0x000000008c300000, 0x000000008c300000| Untracked 
| 196|0x000000008c400000, 0x000000008c400000, 0x000000008c500000|  0%| F|  |TAMS 0x000000008c400000, 0x000000008c400000| Untracked 
| 197|0x000000008c500000, 0x000000008c500000, 0x000000008c600000|  0%| F|  |TAMS 0x000000008c500000, 0x000000008c500000| Untracked 
| 198|0x000000008c600000, 0x000000008c600000, 0x000000008c700000|  0%| F|  |TAMS 0x000000008c600000, 0x000000008c600000| Untracked 
| 199|0x000000008c700000, 0x000000008c700000, 0x000000008c800000|  0%| F|  |TAMS 0x000000008c700000, 0x000000008c700000| Untracked 
| 200|0x000000008c800000, 0x000000008c800000, 0x000000008c900000|  0%| F|  |TAMS 0x000000008c800000, 0x000000008c800000| Untracked 
| 201|0x000000008c900000, 0x000000008c900000, 0x000000008ca00000|  0%| F|  |TAMS 0x000000008c900000, 0x000000008c900000| Untracked 
| 202|0x000000008ca00000, 0x000000008ca00000, 0x000000008cb00000|  0%| F|  |TAMS 0x000000008ca00000, 0x000000008ca00000| Untracked 
| 203|0x000000008cb00000, 0x000000008cb00000, 0x000000008cc00000|  0%| F|  |TAMS 0x000000008cb00000, 0x000000008cb00000| Untracked 
| 204|0x000000008cc00000, 0x000000008cc00000, 0x000000008cd00000|  0%| F|  |TAMS 0x000000008cc00000, 0x000000008cc00000| Untracked 
| 205|0x000000008cd00000, 0x000000008cd00000, 0x000000008ce00000|  0%| F|  |TAMS 0x000000008cd00000, 0x000000008cd00000| Untracked 
| 206|0x000000008ce00000, 0x000000008ce00000, 0x000000008cf00000|  0%| F|  |TAMS 0x000000008ce00000, 0x000000008ce00000| Untracked 
| 207|0x000000008cf00000, 0x000000008cf00000, 0x000000008d000000|  0%| F|  |TAMS 0x000000008cf00000, 0x000000008cf00000| Untracked 
| 208|0x000000008d000000, 0x000000008d000000, 0x000000008d100000|  0%| F|  |TAMS 0x000000008d000000, 0x000000008d000000| Untracked 
| 209|0x000000008d100000, 0x000000008d100000, 0x000000008d200000|  0%| F|  |TAMS 0x000000008d100000, 0x000000008d100000| Untracked 
| 210|0x000000008d200000, 0x000000008d200000, 0x000000008d300000|  0%| F|  |TAMS 0x000000008d200000, 0x000000008d200000| Untracked 
| 211|0x000000008d300000, 0x000000008d300000, 0x000000008d400000|  0%| F|  |TAMS 0x000000008d300000, 0x000000008d300000| Untracked 
| 212|0x000000008d400000, 0x000000008d400000, 0x000000008d500000|  0%| F|  |TAMS 0x000000008d400000, 0x000000008d400000| Untracked 
| 213|0x000000008d500000, 0x000000008d500000, 0x000000008d600000|  0%| F|  |TAMS 0x000000008d500000, 0x000000008d500000| Untracked 
| 214|0x000000008d600000, 0x000000008d600000, 0x000000008d700000|  0%| F|  |TAMS 0x000000008d600000, 0x000000008d600000| Untracked 
| 215|0x000000008d700000, 0x000000008d700000, 0x000000008d800000|  0%| F|  |TAMS 0x000000008d700000, 0x000000008d700000| Untracked 
| 216|0x000000008d800000, 0x000000008d800000, 0x000000008d900000|  0%| F|  |TAMS 0x000000008d800000, 0x000000008d800000| Untracked 
| 217|0x000000008d900000, 0x000000008d900000, 0x000000008da00000|  0%| F|  |TAMS 0x000000008d900000, 0x000000008d900000| Untracked 
| 218|0x000000008da00000, 0x000000008da00000, 0x000000008db00000|  0%| F|  |TAMS 0x000000008da00000, 0x000000008da00000| Untracked 
| 219|0x000000008db00000, 0x000000008db00000, 0x000000008dc00000|  0%| F|  |TAMS 0x000000008db00000, 0x000000008db00000| Untracked 
| 220|0x000000008dc00000, 0x000000008dc00000, 0x000000008dd00000|  0%| F|  |TAMS 0x000000008dc00000, 0x000000008dc00000| Untracked 
| 221|0x000000008dd00000, 0x000000008dd00000, 0x000000008de00000|  0%| F|  |TAMS 0x000000008dd00000, 0x000000008dd00000| Untracked 
| 222|0x000000008de00000, 0x000000008de00000, 0x000000008df00000|  0%| F|  |TAMS 0x000000008de00000, 0x000000008de00000| Untracked 
| 223|0x000000008df00000, 0x000000008df00000, 0x000000008e000000|  0%| F|  |TAMS 0x000000008df00000, 0x000000008df00000| Untracked 
| 224|0x000000008e000000, 0x000000008e000000, 0x000000008e100000|  0%| F|  |TAMS 0x000000008e000000, 0x000000008e000000| Untracked 
| 225|0x000000008e100000, 0x000000008e100000, 0x000000008e200000|  0%| F|  |TAMS 0x000000008e100000, 0x000000008e100000| Untracked 
| 226|0x000000008e200000, 0x000000008e200000, 0x000000008e300000|  0%| F|  |TAMS 0x000000008e200000, 0x000000008e200000| Untracked 
| 227|0x000000008e300000, 0x000000008e300000, 0x000000008e400000|  0%| F|  |TAMS 0x000000008e300000, 0x000000008e300000| Untracked 
| 228|0x000000008e400000, 0x000000008e400000, 0x000000008e500000|  0%| F|  |TAMS 0x000000008e400000, 0x000000008e400000| Untracked 
| 229|0x000000008e500000, 0x000000008e500000, 0x000000008e600000|  0%| F|  |TAMS 0x000000008e500000, 0x000000008e500000| Untracked 
| 230|0x000000008e600000, 0x000000008e600000, 0x000000008e700000|  0%| F|  |TAMS 0x000000008e600000, 0x000000008e600000| Untracked 
| 231|0x000000008e700000, 0x000000008e700000, 0x000000008e800000|  0%| F|  |TAMS 0x000000008e700000, 0x000000008e700000| Untracked 
| 232|0x000000008e800000, 0x000000008e800000, 0x000000008e900000|  0%| F|  |TAMS 0x000000008e800000, 0x000000008e800000| Untracked 
| 233|0x000000008e900000, 0x000000008e900000, 0x000000008ea00000|  0%| F|  |TAMS 0x000000008e900000, 0x000000008e900000| Untracked 
| 234|0x000000008ea00000, 0x000000008ea00000, 0x000000008eb00000|  0%| F|  |TAMS 0x000000008ea00000, 0x000000008ea00000| Untracked 
| 235|0x000000008eb00000, 0x000000008eb00000, 0x000000008ec00000|  0%| F|  |TAMS 0x000000008eb00000, 0x000000008eb00000| Untracked 
| 236|0x000000008ec00000, 0x000000008ec00000, 0x000000008ed00000|  0%| F|  |TAMS 0x000000008ec00000, 0x000000008ec00000| Untracked 
| 237|0x000000008ed00000, 0x000000008ed00000, 0x000000008ee00000|  0%| F|  |TAMS 0x000000008ed00000, 0x000000008ed00000| Untracked 
| 238|0x000000008ee00000, 0x000000008ee00000, 0x000000008ef00000|  0%| F|  |TAMS 0x000000008ee00000, 0x000000008ee00000| Untracked 
| 239|0x000000008ef00000, 0x000000008ef00000, 0x000000008f000000|  0%| F|  |TAMS 0x000000008ef00000, 0x000000008ef00000| Untracked 
| 240|0x000000008f000000, 0x000000008f000000, 0x000000008f100000|  0%| F|  |TAMS 0x000000008f000000, 0x000000008f000000| Untracked 
| 241|0x000000008f100000, 0x000000008f100000, 0x000000008f200000|  0%| F|  |TAMS 0x000000008f100000, 0x000000008f100000| Untracked 
| 242|0x000000008f200000, 0x000000008f200000, 0x000000008f300000|  0%| F|  |TAMS 0x000000008f200000, 0x000000008f200000| Untracked 
| 243|0x000000008f300000, 0x000000008f300000, 0x000000008f400000|  0%| F|  |TAMS 0x000000008f300000, 0x000000008f300000| Untracked 
| 244|0x000000008f400000, 0x000000008f400000, 0x000000008f500000|  0%| F|  |TAMS 0x000000008f400000, 0x000000008f400000| Untracked 
| 245|0x000000008f500000, 0x000000008f500000, 0x000000008f600000|  0%| F|  |TAMS 0x000000008f500000, 0x000000008f500000| Untracked 
| 246|0x000000008f600000, 0x000000008f600000, 0x000000008f700000|  0%| F|  |TAMS 0x000000008f600000, 0x000000008f600000| Untracked 
| 247|0x000000008f700000, 0x000000008f700000, 0x000000008f800000|  0%| F|  |TAMS 0x000000008f700000, 0x000000008f700000| Untracked 
| 248|0x000000008f800000, 0x000000008f800000, 0x000000008f900000|  0%| F|  |TAMS 0x000000008f800000, 0x000000008f800000| Untracked 
| 249|0x000000008f900000, 0x000000008f900000, 0x000000008fa00000|  0%| F|  |TAMS 0x000000008f900000, 0x000000008f900000| Untracked 
| 250|0x000000008fa00000, 0x000000008fa00000, 0x000000008fb00000|  0%| F|  |TAMS 0x000000008fa00000, 0x000000008fa00000| Untracked 
| 251|0x000000008fb00000, 0x000000008fb00000, 0x000000008fc00000|  0%| F|  |TAMS 0x000000008fb00000, 0x000000008fb00000| Untracked 
| 252|0x000000008fc00000, 0x000000008fc00000, 0x000000008fd00000|  0%| F|  |TAMS 0x000000008fc00000, 0x000000008fc00000| Untracked 
| 253|0x000000008fd00000, 0x000000008fd00000, 0x000000008fe00000|  0%| F|  |TAMS 0x000000008fd00000, 0x000000008fd00000| Untracked 
| 254|0x000000008fe00000, 0x000000008fe00000, 0x000000008ff00000|  0%| F|  |TAMS 0x000000008fe00000, 0x000000008fe00000| Untracked 
| 255|0x000000008ff00000, 0x000000008ff00000, 0x0000000090000000|  0%| F|  |TAMS 0x000000008ff00000, 0x000000008ff00000| Untracked 
| 256|0x0000000090000000, 0x0000000090000000, 0x0000000090100000|  0%| F|  |TAMS 0x0000000090000000, 0x0000000090000000| Untracked 
| 257|0x0000000090100000, 0x0000000090100000, 0x0000000090200000|  0%| F|  |TAMS 0x0000000090100000, 0x0000000090100000| Untracked 

Card table byte_map: [0x000001ac1b240000,0x000001ac1b640000] _byte_map_base: 0x000001ac1ae40000

Marking Bits (Prev, Next): (CMBitMap*) 0x000001ac08035628, (CMBitMap*) 0x000001ac08035660
 Prev Bits: [0x000001ac1ba40000, 0x000001ac1da40000)
 Next Bits: [0x000001ac1da40000, 0x000001ac1fa40000)

Polling page: 0x000001ac077d0000

Metaspace:

Usage:
  Non-class:    100.19 MB capacity,    97.66 MB ( 97%) used,     2.05 MB (  2%) free+waste,   496.63 KB ( <1%) overhead. 
      Class:     16.66 MB capacity,    14.95 MB ( 90%) used,     1.46 MB (  9%) free+waste,   244.63 KB (  1%) overhead. 
       Both:    116.85 MB capacity,   112.61 MB ( 96%) used,     3.51 MB (  3%) free+waste,   741.25 KB ( <1%) overhead. 

Virtual space:
  Non-class space:      102.00 MB reserved,     100.20 MB ( 98%) committed 
      Class space:        1.00 GB reserved,      16.70 MB (  2%) committed 
             Both:        1.10 GB reserved,     116.90 MB ( 10%) committed 

Chunk freelists:
   Non-Class:  12.00 KB
       Class:  0 bytes
        Both:  12.00 KB

MaxMetaspaceSize: 17179869184.00 GB
CompressedClassSpaceSize: 1.00 GB
Initial GC threshold: 20.80 MB
Current GC threshold: 157.96 MB
CDS: off

CodeHeap 'non-profiled nmethods': size=120000Kb used=7572Kb max_used=7572Kb free=112427Kb
 bounds [0x000001ac135e0000, 0x000001ac13d50000, 0x000001ac1ab10000]
CodeHeap 'profiled nmethods': size=120000Kb used=31943Kb max_used=31943Kb free=88056Kb
 bounds [0x000001ac0c0b0000, 0x000001ac0dff0000, 0x000001ac135e0000]
CodeHeap 'non-nmethods': size=5760Kb used=2431Kb max_used=2474Kb free=3328Kb
 bounds [0x000001ac0bb10000, 0x000001ac0bd90000, 0x000001ac0c0b0000]
 total_blobs=16372 nmethods=15407 adapters=876
 compilation: enabled
              stopped_count=0, restarted_count=0
 full_count=0

Compilation events (20 events):
Event: 24.928 Thread 0x000001ac224ac800 16009       3       java.util.regex.Pattern::atom (422 bytes)
Event: 24.932 Thread 0x000001ac224ac800 nmethod 16009 0x000001ac0dfd7e10 code [0x000001ac0dfd82a0, 0x000001ac0dfdacf8]
Event: 24.958 Thread 0x000001ac224ac800 16011       3       com.google.common.collect.ImmutableMap$Builder::ensureCapacity (38 bytes)
Event: 24.959 Thread 0x000001ac224ac800 nmethod 16011 0x000001ac0dfdb810 code [0x000001ac0dfdba00, 0x000001ac0dfdbd98]
Event: 24.959 Thread 0x000001ac224ac800 16012       3       com.google.common.collect.ImmutableSet$RegularSetBuilderImpl::add (122 bytes)
Event: 24.959 Thread 0x000001ac224ac800 nmethod 16012 0x000001ac0dfdbf10 code [0x000001ac0dfdc1a0, 0x000001ac0dfdce28]
Event: 24.959 Thread 0x000001ac224ac800 16014       3       java.util.regex.Pattern$CharPredicate$$Lambda$10/0x0000000100063c40::is (9 bytes)
Event: 24.959 Thread 0x000001ac224ac800 nmethod 16014 0x000001ac0dfdd390 code [0x000001ac0dfdd560, 0x000001ac0dfdd828]
Event: 24.960 Thread 0x000001ac224ac800 16013       3       com.google.common.collect.ImmutableSet$SetBuilderImpl::addDedupedElement (28 bytes)
Event: 24.960 Thread 0x000001ac224ac800 nmethod 16013 0x000001ac0dfdd910 code [0x000001ac0dfddb00, 0x000001ac0dfddfb8]
Event: 24.960 Thread 0x000001ac224ac800 16015       3       com.google.common.collect.ImmutableSet::<init> (5 bytes)
Event: 24.960 Thread 0x000001ac224ac800 nmethod 16015 0x000001ac0dfde190 code [0x000001ac0dfde360, 0x000001ac0dfde578]
Event: 24.960 Thread 0x000001ac224ac800 16016       3       sun.util.locale.provider.CalendarDataUtility::findRegionOverride (109 bytes)
Event: 24.961 Thread 0x000001ac224ac800 nmethod 16016 0x000001ac0dfde690 code [0x000001ac0dfdeac0, 0x000001ac0dfe05b8]
Event: 24.961 Thread 0x000001ac224ac800 16017       3       com.google.common.collect.ImmutableMap$Builder::put (35 bytes)
Event: 24.962 Thread 0x000001ac224ac800 nmethod 16017 0x000001ac0dfe0f90 code [0x000001ac0dfe11a0, 0x000001ac0dfe1718]
Event: 24.962 Thread 0x000001ac224ac800 16018       3       com.google.common.collect.ImmutableMap::entryOf (15 bytes)
Event: 24.962 Thread 0x000001ac224ac800 nmethod 16018 0x000001ac0dfe1910 code [0x000001ac0dfe1ae0, 0x000001ac0dfe1dc8]
Event: 24.963 Thread 0x000001ac224ac800 16019       1       java.util.concurrent.atomic.AtomicReference::set (6 bytes)
Event: 24.963 Thread 0x000001ac224ac800 nmethod 16019 0x000001ac13d44e10 code [0x000001ac13d44fc0, 0x000001ac13d450d8]

GC Heap History (20 events):
Event: 18.542 GC heap after
{Heap after GC invocations=37 (full 0):
 garbage-first heap   total 157696K, used 102946K [0x0000000080000000, 0x0000000100000000)
  region size 1024K, 1 young (1024K), 1 survivors (1024K)
 Metaspace       used 94287K, capacity 96489K, committed 97052K, reserved 1132544K
  class space    used 12102K, capacity 12886K, committed 13132K, reserved 1048576K
}
Event: 18.634 GC heap before
{Heap before GC invocations=37 (full 0):
 garbage-first heap   total 157696K, used 132642K [0x0000000080000000, 0x0000000100000000)
  region size 1024K, 31 young (31744K), 1 survivors (1024K)
 Metaspace       used 94297K, capacity 96493K, committed 97052K, reserved 1132544K
  class space    used 12102K, capacity 12886K, committed 13132K, reserved 1048576K
}
Event: 18.639 GC heap after
{Heap after GC invocations=38 (full 0):
 garbage-first heap   total 157696K, used 104939K [0x0000000080000000, 0x0000000100000000)
  region size 1024K, 3 young (3072K), 3 survivors (3072K)
 Metaspace       used 94297K, capacity 96493K, committed 97052K, reserved 1132544K
  class space    used 12102K, capacity 12886K, committed 13132K, reserved 1048576K
}
Event: 18.749 GC heap before
{Heap before GC invocations=38 (full 0):
 garbage-first heap   total 157696K, used 132587K [0x0000000080000000, 0x0000000100000000)
  region size 1024K, 31 young (31744K), 3 survivors (3072K)
 Metaspace       used 94335K, capacity 96499K, committed 97052K, reserved 1132544K
  class space    used 12104K, capacity 12887K, committed 13132K, reserved 1048576K
}
Event: 18.755 GC heap after
{Heap after GC invocations=39 (full 0):
 garbage-first heap   total 189440K, used 106824K [0x0000000080000000, 0x0000000100000000)
  region size 1024K, 3 young (3072K), 3 survivors (3072K)
 Metaspace       used 94335K, capacity 96499K, committed 97052K, reserved 1132544K
  class space    used 12104K, capacity 12887K, committed 13132K, reserved 1048576K
}
Event: 19.781 GC heap before
{Heap before GC invocations=40 (full 0):
 garbage-first heap   total 189440K, used 154952K [0x0000000080000000, 0x0000000100000000)
  region size 1024K, 47 young (48128K), 3 survivors (3072K)
 Metaspace       used 99550K, capacity 102057K, committed 102300K, reserved 1138688K
  class space    used 12793K, capacity 13684K, committed 13772K, reserved 1048576K
}
Event: 19.788 GC heap after
{Heap after GC invocations=41 (full 0):
 garbage-first heap   total 189440K, used 111928K [0x0000000080000000, 0x0000000100000000)
  region size 1024K, 6 young (6144K), 6 survivors (6144K)
 Metaspace       used 99550K, capacity 102057K, committed 102300K, reserved 1138688K
  class space    used 12793K, capacity 13684K, committed 13772K, reserved 1048576K
}
Event: 20.029 GC heap before
{Heap before GC invocations=41 (full 0):
 garbage-first heap   total 189440K, used 153912K [0x0000000080000000, 0x0000000100000000)
  region size 1024K, 48 young (49152K), 6 survivors (6144K)
 Metaspace       used 102474K, capacity 105297K, committed 105500K, reserved 1140736K
  class space    used 13279K, capacity 14345K, committed 14412K, reserved 1048576K
}
Event: 20.045 GC heap after
{Heap after GC invocations=42 (full 0):
 garbage-first heap   total 189440K, used 123775K [0x0000000080000000, 0x0000000100000000)
  region size 1024K, 6 young (6144K), 6 survivors (6144K)
 Metaspace       used 102474K, capacity 105297K, committed 105500K, reserved 1140736K
  class space    used 13279K, capacity 14345K, committed 14412K, reserved 1048576K
}
Event: 20.592 GC heap before
{Heap before GC invocations=42 (full 0):
 garbage-first heap   total 189440K, used 154495K [0x0000000080000000, 0x0000000100000000)
  region size 1024K, 37 young (37888K), 6 survivors (6144K)
 Metaspace       used 106900K, capacity 110478K, committed 110620K, reserved 1144832K
  class space    used 14183K, capacity 15613K, committed 15692K, reserved 1048576K
}
Event: 20.613 GC heap after
{Heap after GC invocations=43 (full 0):
 garbage-first heap   total 189440K, used 127147K [0x0000000080000000, 0x0000000100000000)
  region size 1024K, 3 young (3072K), 3 survivors (3072K)
 Metaspace       used 106900K, capacity 110478K, committed 110620K, reserved 1144832K
  class space    used 14183K, capacity 15613K, committed 15692K, reserved 1048576K
}
Event: 20.954 GC heap before
{Heap before GC invocations=43 (full 0):
 garbage-first heap   total 189440K, used 157867K [0x0000000080000000, 0x0000000100000000)
  region size 1024K, 33 young (33792K), 3 survivors (3072K)
 Metaspace       used 107840K, capacity 111479K, committed 111772K, reserved 1144832K
  class space    used 14322K, capacity 15773K, committed 15820K, reserved 1048576K
}
Event: 20.995 GC heap after
{Heap after GC invocations=44 (full 0):
 garbage-first heap   total 264192K, used 129724K [0x0000000080000000, 0x0000000100000000)
  region size 1024K, 5 young (5120K), 5 survivors (5120K)
 Metaspace       used 107840K, capacity 111479K, committed 111772K, reserved 1144832K
  class space    used 14322K, capacity 15773K, committed 15820K, reserved 1048576K
}
Event: 21.488 GC heap before
{Heap before GC invocations=44 (full 0):
 garbage-first heap   total 264192K, used 189116K [0x0000000080000000, 0x0000000100000000)
  region size 1024K, 63 young (64512K), 5 survivors (5120K)
 Metaspace       used 108935K, capacity 112607K, committed 112668K, reserved 1146880K
  class space    used 14445K, capacity 15929K, committed 15948K, reserved 1048576K
}
Event: 21.503 GC heap after
{Heap after GC invocations=45 (full 0):
 garbage-first heap   total 264192K, used 129178K [0x0000000080000000, 0x0000000100000000)
  region size 1024K, 3 young (3072K), 3 survivors (3072K)
 Metaspace       used 108935K, capacity 112607K, committed 112668K, reserved 1146880K
  class space    used 14445K, capacity 15929K, committed 15948K, reserved 1048576K
}
Event: 21.911 GC heap before
{Heap before GC invocations=45 (full 0):
 garbage-first heap   total 264192K, used 192666K [0x0000000080000000, 0x0000000100000000)
  region size 1024K, 66 young (67584K), 3 survivors (3072K)
 Metaspace       used 109895K, capacity 113815K, committed 113948K, reserved 1146880K
  class space    used 14586K, capacity 16137K, committed 16204K, reserved 1048576K
}
Event: 21.921 GC heap after
{Heap after GC invocations=46 (full 0):
 garbage-first heap   total 264192K, used 130224K [0x0000000080000000, 0x0000000100000000)
  region size 1024K, 4 young (4096K), 4 survivors (4096K)
 Metaspace       used 109895K, capacity 113815K, committed 113948K, reserved 1146880K
  class space    used 14586K, capacity 16137K, committed 16204K, reserved 1048576K
}
Event: 22.906 GC heap before
{Heap before GC invocations=46 (full 0):
 garbage-first heap   total 264192K, used 204976K [0x0000000080000000, 0x0000000100000000)
  region size 1024K, 76 young (77824K), 4 survivors (4096K)
 Metaspace       used 111881K, capacity 116005K, committed 116124K, reserved 1148928K
  class space    used 14879K, capacity 16521K, committed 16588K, reserved 1048576K
}
Event: 22.921 GC heap after
{Heap after GC invocations=47 (full 0):
 garbage-first heap   total 264192K, used 134726K [0x0000000080000000, 0x0000000100000000)
  region size 1024K, 8 young (8192K), 8 survivors (8192K)
 Metaspace       used 111881K, capacity 116005K, committed 116124K, reserved 1148928K
  class space    used 14879K, capacity 16521K, committed 16588K, reserved 1048576K
}
Event: 24.964 GC heap before
{Heap before GC invocations=47 (full 0):
 garbage-first heap   total 264192K, used 228934K [0x0000000080000000, 0x0000000100000000)
  region size 1024K, 79 young (80896K), 8 survivors (8192K)
 Metaspace       used 115312K, capacity 119652K, committed 119708K, reserved 1153024K
  class space    used 15311K, capacity 17056K, committed 17100K, reserved 1048576K
}

Deoptimization events (20 events):
Event: 24.913 Thread 0x000001ac2a1d7000 DEOPT UNPACKING pc=0x000001ac0bb5a95e sp=0x0000003bf9ffe640 mode 0
Event: 24.913 Thread 0x000001ac2a1df000 DEOPT UNPACKING pc=0x000001ac0bb5a95e sp=0x0000003bfa3fe310 mode 0
Event: 24.913 Thread 0x000001ac2a1d9800 DEOPT PACKING pc=0x000001ac0ca093cc sp=0x0000003bfa1fec40
Event: 24.913 Thread 0x000001ac2a1d9800 DEOPT UNPACKING pc=0x000001ac0bb5a95e sp=0x0000003bfa1fe250 mode 0
Event: 24.922 Thread 0x000001ac2a1d8800 DEOPT PACKING pc=0x000001ac0ca093cc sp=0x0000003bf9efecb0
Event: 24.923 Thread 0x000001ac2a1d8800 DEOPT UNPACKING pc=0x000001ac0bb5a95e sp=0x0000003bf9efe2c0 mode 0
Event: 24.925 Thread 0x000001ac2a1d8000 DEOPT PACKING pc=0x000001ac0ca093cc sp=0x0000003bf9dfefd0
Event: 24.925 Thread 0x000001ac2a1d8000 DEOPT UNPACKING pc=0x000001ac0bb5a95e sp=0x0000003bf9dfe5e0 mode 0
Event: 24.928 Thread 0x000001ac25914000 Uncommon trap: trap_request=0xffffff4d fr.pc=0x000001ac139e1e54 relative=0x00000000000001f4
Event: 24.928 Thread 0x000001ac25914000 Uncommon trap: reason=unstable_if action=reinterpret pc=0x000001ac139e1e54 method=org.gradle.internal.util.Trie.find(Ljava/lang/CharSequence;)Z @ 91 c2
Event: 24.928 Thread 0x000001ac25914000 DEOPT PACKING pc=0x000001ac139e1e54 sp=0x0000003bf2cfb010
Event: 24.928 Thread 0x000001ac25914000 DEOPT UNPACKING pc=0x000001ac0bb5a1af sp=0x0000003bf2cfaf68 mode 2
Event: 24.958 Thread 0x000001ac25914000 Uncommon trap: trap_request=0xffffffde fr.pc=0x000001ac13aeb92c relative=0x000000000000010c
Event: 24.958 Thread 0x000001ac25914000 Uncommon trap: reason=class_check action=maybe_recompile pc=0x000001ac13aeb92c method=java.lang.reflect.Array.newInstance(Ljava/lang/Class;I)Ljava/lang/Object; @ 2 c2
Event: 24.958 Thread 0x000001ac25914000 DEOPT PACKING pc=0x000001ac13aeb92c sp=0x0000003bf2cf9dc0
Event: 24.958 Thread 0x000001ac25914000 DEOPT UNPACKING pc=0x000001ac0bb5a1af sp=0x0000003bf2cf9d58 mode 2
Event: 24.958 Thread 0x000001ac25914000 Uncommon trap: trap_request=0xffffff4d fr.pc=0x000001ac139a30ec relative=0x000000000000026c
Event: 24.958 Thread 0x000001ac25914000 Uncommon trap: reason=unstable_if action=reinterpret pc=0x000001ac139a30ec method=java.lang.Class.getTypeName()Ljava/lang/String; @ 23 c2
Event: 24.958 Thread 0x000001ac25914000 DEOPT PACKING pc=0x000001ac139a30ec sp=0x0000003bf2cfa1b0
Event: 24.958 Thread 0x000001ac25914000 DEOPT UNPACKING pc=0x000001ac0bb5a1af sp=0x0000003bf2cfa178 mode 2

Classes redefined (0 events):
No events

Internal exceptions (20 events):
Event: 22.948 Thread 0x000001ac2a3e8800 Exception <a 'sun/nio/fs/WindowsException'{0x000000008ff464a8}> (0x000000008ff464a8) thrown at [./src/hotspot/share/prims/jni.cpp, line 616]
Event: 22.969 Thread 0x000001ac2a3e5800 Exception <a 'sun/nio/fs/WindowsException'{0x000000008fd60bf8}> (0x000000008fd60bf8) thrown at [./src/hotspot/share/prims/jni.cpp, line 616]
Event: 22.983 Thread 0x000001ac2a1db000 Exception <a 'sun/nio/fs/WindowsException'{0x000000008fb44f58}> (0x000000008fb44f58) thrown at [./src/hotspot/share/prims/jni.cpp, line 616]
Event: 22.991 Thread 0x000001ac2a1e1000 Exception <a 'sun/nio/fs/WindowsException'{0x000000008fa694d8}> (0x000000008fa694d8) thrown at [./src/hotspot/share/prims/jni.cpp, line 616]
Event: 23.008 Thread 0x000001ac2a1e1800 Exception <a 'sun/nio/fs/WindowsException'{0x000000008f77d968}> (0x000000008f77d968) thrown at [./src/hotspot/share/prims/jni.cpp, line 616]
Event: 23.019 Thread 0x000001ac2a1e2800 Exception <a 'sun/nio/fs/WindowsException'{0x000000008f54c4b0}> (0x000000008f54c4b0) thrown at [./src/hotspot/share/prims/jni.cpp, line 616]
Event: 23.037 Thread 0x000001ac2a3e8800 Exception <a 'sun/nio/fs/WindowsException'{0x000000008f231a60}> (0x000000008f231a60) thrown at [./src/hotspot/share/prims/jni.cpp, line 616]
Event: 23.040 Thread 0x000001ac2a1e5000 Exception <a 'sun/nio/fs/WindowsException'{0x000000008f2b4380}> (0x000000008f2b4380) thrown at [./src/hotspot/share/prims/jni.cpp, line 616]
Event: 23.569 Thread 0x000001ac2a1e3800 Exception <a 'sun/nio/fs/WindowsException'{0x000000008db6a9d0}> (0x000000008db6a9d0) thrown at [./src/hotspot/share/prims/jni.cpp, line 616]
Event: 23.869 Thread 0x000001ac2a1e0000 Exception <a 'java/lang/NoSuchMethodError'{0x000000008d1741a8}: <clinit>> (0x000000008d1741a8) thrown at [./src/hotspot/share/prims/jni.cpp, line 1366]
Event: 23.871 Thread 0x000001ac2a1e0000 Exception <a 'java/lang/NoSuchMethodError'{0x000000008d186938}: <clinit>> (0x000000008d186938) thrown at [./src/hotspot/share/prims/jni.cpp, line 1366]
Event: 24.090 Thread 0x000001ac2a1e1000 Exception <a 'sun/nio/fs/WindowsException'{0x000000008ced49a0}> (0x000000008ced49a0) thrown at [./src/hotspot/share/prims/jni.cpp, line 616]
Event: 24.100 Thread 0x000001ac2a1e1000 Implicit null exception at 0x000001ac13bb1eec to 0x000001ac13bb44c0
Event: 24.204 Thread 0x000001ac2a1e1000 Exception <a 'java/lang/NoSuchMethodError'{0x000000008cd88fa0}: 'java.lang.Object java.lang.invoke.DirectMethodHandle$Holder.invokeStatic(java.lang.Object, java.lang.Object, java.lang.Object, java.lang.Object, java.lang.Object, int, java.lang.Object)'> (0x000000008cd88fa0) thrown at [./src/hotspot/share/interpreter/linkResolver.cpp, line 773]
Event: 24.300 Thread 0x000001ac2a1e1000 Exception <a 'java/lang/NoSuchMethodError'{0x000000008c978090}: 'java.lang.Object java.lang.invoke.DirectMethodHandle$Holder.invokeStatic(java.lang.Object, java.lang.Object, java.lang.Object, java.lang.Object, java.lang.Object, java.lang.Object, java.lang.Object, int)'> (0x000000008c978090) thrown at [./src/hotspot/share/interpreter/linkResolver.cpp, line 773]
Event: 24.300 Thread 0x000001ac2a1e1000 Exception <a 'java/lang/NoSuchMethodError'{0x000000008c97c770}: 'java.lang.Object java.lang.invoke.DirectMethodHandle$Holder.invokeSpecial(java.lang.Object, java.lang.Object, java.lang.Object, java.lang.Object, java.lang.Object, java.lang.Object, java.lang.Object, java.lang.Object, int)'> (0x000000008c97c770) thrown at [./src/hotspot/share/interpreter/linkResolver.cpp, line 773]
Event: 24.301 Thread 0x000001ac2a1e1000 Exception <a 'java/lang/NoSuchMethodError'{0x000000008c9807d0}: 'java.lang.Object java.lang.invoke.Invokers$Holder.linkToTargetMethod(java.lang.Object, java.lang.Object, java.lang.Object, java.lang.Object, java.lang.Object, java.lang.Object, int, java.lang.Object)'> (0x000000008c9807d0) thrown at [./src/hotspot/share/interpreter/linkResolver.cpp, line 773]
Event: 24.939 Thread 0x000001ac25914000 Exception <a 'sun/nio/fs/WindowsException'{0x000000008bc86f38}> (0x000000008bc86f38) thrown at [./src/hotspot/share/prims/jni.cpp, line 616]
Event: 24.939 Thread 0x000001ac25914000 Exception <a 'sun/nio/fs/WindowsException'{0x000000008bc86fb8}> (0x000000008bc86fb8) thrown at [./src/hotspot/share/prims/jni.cpp, line 616]
Event: 24.939 Thread 0x000001ac25914000 Exception <a 'sun/nio/fs/WindowsException'{0x000000008bc88878}> (0x000000008bc88878) thrown at [./src/hotspot/share/prims/jni.cpp, line 616]

Events (20 events):
Event: 24.957 loading class com/google/common/reflect/Types$JavaVersion done
Event: 24.957 loading class com/google/common/reflect/Types$JavaVersion$1
Event: 24.957 loading class com/google/common/reflect/Types$JavaVersion$1 done
Event: 24.957 loading class com/google/common/reflect/Types$JavaVersion$2
Event: 24.957 loading class com/google/common/reflect/Types$JavaVersion$2 done
Event: 24.957 loading class com/google/common/reflect/Types$JavaVersion$3
Event: 24.957 loading class com/google/common/reflect/Types$JavaVersion$3 done
Event: 24.957 loading class com/google/common/reflect/Types$JavaVersion$4
Event: 24.957 loading class com/google/common/reflect/Types$JavaVersion$4 done
Event: 24.958 loading class com/google/common/reflect/Types$JavaVersion$5
Event: 24.958 loading class com/google/common/reflect/Types$JavaVersion$5 done
Event: 24.961 loading class com/android/build/gradle/internal/attribution/BuildAttributionService$Companion$saveAttributionData$1
Event: 24.961 loading class com/android/build/gradle/internal/attribution/BuildAttributionService$Companion$saveAttributionData$1 done
Event: 24.962 loading class com/android/builder/utils/ExceptionFunction
Event: 24.962 loading class com/android/builder/utils/ExceptionFunction done
Event: 24.962 loading class com/android/builder/utils/SynchronizedFile$LockingType
Event: 24.962 loading class com/android/builder/utils/SynchronizedFile$LockingType done
Event: 24.963 Executing VM operation: RevokeBias
Event: 24.963 Executing VM operation: RevokeBias done
Event: 24.963 Executing VM operation: G1CollectForAllocation


Dynamic libraries:
0x00007ff672a10000 - 0x00007ff672a1a000 	C:\Program Files\Android\Android Studio\jre\bin\java.exe
0x00007ffca6af0000 - 0x00007ffca6ce7000 	C:\WINDOWS\SYSTEM32\ntdll.dll
0x00007ffc831e0000 - 0x00007ffc831f9000 	C:\Program Files\Avast Software\Avast\aswhook.dll
0x00007ffca5f20000 - 0x00007ffca5fdd000 	C:\WINDOWS\System32\KERNEL32.DLL
0x00007ffca46e0000 - 0x00007ffca49d6000 	C:\WINDOWS\System32\KERNELBASE.dll
0x00007ffca49e0000 - 0x00007ffca4ae0000 	C:\WINDOWS\System32\ucrtbase.dll
0x00007ffc8cf60000 - 0x00007ffc8cf77000 	C:\Program Files\Android\Android Studio\jre\bin\VCRUNTIME140.dll
0x00007ffc8cda0000 - 0x00007ffc8cdb9000 	C:\Program Files\Android\Android Studio\jre\bin\jli.dll
0x00007ffca54c0000 - 0x00007ffca565e000 	C:\WINDOWS\System32\USER32.dll
0x00007ffca42f0000 - 0x00007ffca4312000 	C:\WINDOWS\System32\win32u.dll
0x00007ffc8be50000 - 0x00007ffc8c0ea000 	C:\WINDOWS\WinSxS\amd64_microsoft.windows.common-controls_6595b64144ccf1df_6.0.19041.3570_none_60bb2a3971f3e41a\COMCTL32.dll
0x00007ffca5030000 - 0x00007ffca505c000 	C:\WINDOWS\System32\GDI32.dll
0x00007ffca41d0000 - 0x00007ffca42ea000 	C:\WINDOWS\System32\gdi32full.dll
0x00007ffca4350000 - 0x00007ffca43ed000 	C:\WINDOWS\System32\msvcp_win.dll
0x00007ffca5d60000 - 0x00007ffca5dfe000 	C:\WINDOWS\System32\msvcrt.dll
0x00007ffca5c80000 - 0x00007ffca5cb0000 	C:\WINDOWS\System32\IMM32.DLL
0x00007ffc77350000 - 0x00007ffc773ed000 	C:\Program Files\Android\Android Studio\jre\bin\msvcp140.dll
0x00007ffc4d5e0000 - 0x00007ffc4e0e2000 	C:\Program Files\Android\Android Studio\jre\bin\server\jvm.dll
0x00007ffca4f80000 - 0x00007ffca502e000 	C:\WINDOWS\System32\ADVAPI32.dll
0x00007ffca5e00000 - 0x00007ffca5e9c000 	C:\WINDOWS\System32\sechost.dll
0x00007ffca6730000 - 0x00007ffca6856000 	C:\WINDOWS\System32\RPCRT4.dll
0x00007ffca5710000 - 0x00007ffca5718000 	C:\WINDOWS\System32\PSAPI.DLL
0x00007ffc88e30000 - 0x00007ffc88e39000 	C:\WINDOWS\SYSTEM32\WSOCK32.dll
0x00007ffc8eed0000 - 0x00007ffc8eef7000 	C:\WINDOWS\SYSTEM32\WINMM.dll
0x00007ffc9d930000 - 0x00007ffc9d93a000 	C:\WINDOWS\SYSTEM32\VERSION.dll
0x00007ffca6a40000 - 0x00007ffca6aab000 	C:\WINDOWS\System32\WS2_32.dll
0x00007ffca2070000 - 0x00007ffca2082000 	C:\WINDOWS\SYSTEM32\kernel.appcore.dll
0x00007ffc80840000 - 0x00007ffc80851000 	C:\Program Files\Android\Android Studio\jre\bin\verify.dll
0x00007ffc9fac0000 - 0x00007ffc9fca4000 	C:\WINDOWS\SYSTEM32\DBGHELP.DLL
0x00007ffc8e160000 - 0x00007ffc8e194000 	C:\WINDOWS\SYSTEM32\dbgcore.DLL
0x00007ffca44a0000 - 0x00007ffca4522000 	C:\WINDOWS\System32\bcryptPrimitives.dll
0x00007ffc80810000 - 0x00007ffc80839000 	C:\Program Files\Android\Android Studio\jre\bin\java.dll
0x00007ffc9ea30000 - 0x00007ffc9ea3b000 	C:\Program Files\Android\Android Studio\jre\bin\jimage.dll
0x00007ffc807f0000 - 0x00007ffc80808000 	C:\Program Files\Android\Android Studio\jre\bin\zip.dll
0x00007ffca5fe0000 - 0x00007ffca6724000 	C:\WINDOWS\System32\SHELL32.dll
0x00007ffca2270000 - 0x00007ffca2a0b000 	C:\WINDOWS\SYSTEM32\windows.storage.dll
0x00007ffca4b50000 - 0x00007ffca4ea4000 	C:\WINDOWS\System32\combase.dll
0x00007ffca3b40000 - 0x00007ffca3b6d000 	C:\WINDOWS\SYSTEM32\Wldp.dll
0x00007ffca5cb0000 - 0x00007ffca5d5d000 	C:\WINDOWS\System32\SHCORE.dll
0x00007ffca6860000 - 0x00007ffca68b5000 	C:\WINDOWS\System32\shlwapi.dll
0x00007ffca4100000 - 0x00007ffca4125000 	C:\WINDOWS\SYSTEM32\profapi.dll
0x00007ffc807d0000 - 0x00007ffc807ea000 	C:\Program Files\Android\Android Studio\jre\bin\net.dll
0x00007ffc9b670000 - 0x00007ffc9b77a000 	C:\WINDOWS\SYSTEM32\WINHTTP.dll
0x00007ffca38a0000 - 0x00007ffca390a000 	C:\WINDOWS\system32\mswsock.dll
0x00007ffc807b0000 - 0x00007ffc807c4000 	C:\Program Files\Android\Android Studio\jre\bin\nio.dll
0x00007ffc818f0000 - 0x00007ffc81917000 	C:\Users\HP\.gradle\native\e1d6ef7f7dcc3fd88c89a11ec53ec762bb8ba0a96d01ffa2cd45eb1d1d8dd5c5\windows-amd64\native-platform.dll
0x00007ffc63200000 - 0x00007ffc63344000 	C:\Users\HP\.gradle\native\0d407fdbe67a94daf76414ababcb853783967236a71b16ec16e742cd7a986fd3\windows-amd64\native-platform-file-events.dll
0x00007ffc9dff0000 - 0x00007ffc9dffa000 	C:\Program Files\Android\Android Studio\jre\bin\management.dll
0x00007ffc9dfe0000 - 0x00007ffc9dfed000 	C:\Program Files\Android\Android Studio\jre\bin\management_ext.dll
0x00007ffca3aa0000 - 0x00007ffca3ab8000 	C:\WINDOWS\SYSTEM32\CRYPTSP.dll
0x00007ffca31b0000 - 0x00007ffca31e4000 	C:\WINDOWS\system32\rsaenh.dll
0x00007ffca4320000 - 0x00007ffca4347000 	C:\WINDOWS\System32\bcrypt.dll
0x00007ffca4080000 - 0x00007ffca40ae000 	C:\WINDOWS\SYSTEM32\USERENV.dll
0x00007ffca3a90000 - 0x00007ffca3a9c000 	C:\WINDOWS\SYSTEM32\CRYPTBASE.dll
0x00007ffca3590000 - 0x00007ffca35cb000 	C:\WINDOWS\SYSTEM32\IPHLPAPI.DLL
0x00007ffca4eb0000 - 0x00007ffca4eb8000 	C:\WINDOWS\System32\NSI.dll
0x00007ffc9c550000 - 0x00007ffc9c567000 	C:\WINDOWS\SYSTEM32\dhcpcsvc6.DLL
0x00007ffc9ce80000 - 0x00007ffc9ce9d000 	C:\WINDOWS\SYSTEM32\dhcpcsvc.DLL
0x00007ffca35d0000 - 0x00007ffca369a000 	C:\WINDOWS\SYSTEM32\DNSAPI.dll
0x00007ffc8c9e0000 - 0x00007ffc8ca07000 	C:\Program Files\Android\Android Studio\jre\bin\sunec.dll

dbghelp: loaded successfully - version: 4.0.5 - missing functions: none
symbol engine: initialized successfully - sym options: 0x614 - pdb path: .;C:\Program Files\Android\Android Studio\jre\bin;C:\WINDOWS\SYSTEM32;C:\Program Files\Avast Software\Avast;C:\WINDOWS\WinSxS\amd64_microsoft.windows.common-controls_6595b64144ccf1df_6.0.19041.3570_none_60bb2a3971f3e41a;C:\Program Files\Android\Android Studio\jre\bin\server;C:\Users\HP\.gradle\native\e1d6ef7f7dcc3fd88c89a11ec53ec762bb8ba0a96d01ffa2cd45eb1d1d8dd5c5\windows-amd64;C:\Users\HP\.gradle\native\0d407fdbe67a94daf76414ababcb853783967236a71b16ec16e742cd7a986fd3\windows-amd64

VM Arguments:
jvm_args: --add-opens=java.base/java.util=ALL-UNNAMED --add-opens=java.base/java.lang=ALL-UNNAMED --add-opens=java.base/java.lang.invoke=ALL-UNNAMED --add-opens=java.base/java.util=ALL-UNNAMED --add-opens=java.prefs/java.util.prefs=ALL-UNNAMED --add-opens=java.prefs/java.util.prefs=ALL-UNNAMED --add-opens=java.base/java.nio.charset=ALL-UNNAMED --add-opens=java.base/java.net=ALL-UNNAMED --add-opens=java.base/java.util.concurrent.atomic=ALL-UNNAMED -Xmx2048m -Dfile.encoding=UTF-8 -Duser.country=IN -Duser.language=en -Duser.variant 
java_command: org.gradle.launcher.daemon.bootstrap.GradleDaemon 7.4
java_class_path (initial): C:\Users\HP\.gradle\wrapper\dists\gradle-7.4-bin\c0gwcg53nkjbqw7r0h0umtfvt\gradle-7.4\lib\gradle-launcher-7.4.jar
Launcher Type: SUN_STANDARD

[Global flags]
     intx CICompilerCount                          = 4                                         {product} {ergonomic}
     uint ConcGCThreads                            = 2                                         {product} {ergonomic}
     uint G1ConcRefinementThreads                  = 8                                         {product} {ergonomic}
   size_t G1HeapRegionSize                         = 1048576                                   {product} {ergonomic}
    uintx GCDrainStackTargetSize                   = 64                                        {product} {ergonomic}
   size_t InitialHeapSize                          = 134217728                                 {product} {ergonomic}
   size_t MarkStackSize                            = 4194304                                   {product} {ergonomic}
   size_t MaxHeapSize                              = 2147483648                                {product} {command line}
   size_t MaxNewSize                               = 1287651328                                {product} {ergonomic}
   size_t MinHeapDeltaBytes                        = 1048576                                   {product} {ergonomic}
    uintx NonNMethodCodeHeapSize                   = 5836300                                {pd product} {ergonomic}
    uintx NonProfiledCodeHeapSize                  = 122910970                              {pd product} {ergonomic}
    uintx ProfiledCodeHeapSize                     = 122910970                              {pd product} {ergonomic}
    uintx ReservedCodeCacheSize                    = 251658240                              {pd product} {ergonomic}
     bool SegmentedCodeCache                       = true                                      {product} {ergonomic}
     bool UseCompressedClassPointers               = true                                 {lp64_product} {ergonomic}
     bool UseCompressedOops                        = true                                 {lp64_product} {ergonomic}
     bool UseG1GC                                  = true                                      {product} {ergonomic}
     bool UseLargePagesIndividualAllocation        = false                                  {pd product} {ergonomic}

Logging:
Log output configuration:
 #0: stdout all=warning uptime,level,tags
 #1: stderr all=off uptime,level,tags

Environment Variables:
JAVA_HOME=C:\Program Files\Java\jdk-16.0.1
CLASSPATH=C:\Program Files\Apache Software Foundation\Tomcat 10.0\lib\servlet-api.jar;.;
PATH=C:\App\bin;C:\WINDOWS\system32;C:\WINDOWS;C:\WINDOWS\System32\Wbem;C:\WINDOWS\System32\WindowsPowerShell\v1.0\;C:\WINDOWS\System32\OpenSSH\;C:\Program Files\Java\jdk-16.0.1\bin;C:\Program Files\MySQL\MySQL Server 8.0\bin;E:\xampp\php;C:\ProgramData\ComposerSetup\bin;C:\Program Files\MySQL\MySQL Shell 8.0\bin\;C:\Users\HP\AppData\Local\Microsoft\WindowsApps;C:\Users\HP\AppData\Roaming\Composer\vendor\bin
USERNAME=HP
OS=Windows_NT
PROCESSOR_IDENTIFIER=Intel64 Family 6 Model 142 Stepping 12, GenuineIntel



---------------  S Y S T E M  ---------------

OS: Windows 10 , 64 bit Build 19041 (10.0.19041.3570)
OS uptime: 26 days 14:44 hours

CPU:total 8 (initial active 8) (4 cores per cpu, 2 threads per core) family 6 model 142 stepping 12 microcode 0xf8, cmov, cx8, fxsr, mmx, sse, sse2, sse3, ssse3, sse4.1, sse4.2, popcnt, avx, avx2, aes, clmul, erms, 3dnowpref, lzcnt, ht, tsc, tscinvbit, bmi1, bmi2, adx, fma

Memory: 4k page, system-wide physical 8073M (256M free)
TotalPageFile size 16265M (AvailPageFile size 53M)
current process WorkingSet (physical memory assigned to process): 522M, peak: 522M
current process commit charge ("private bytes"): 612M, peak: 739M

vm_info: OpenJDK 64-Bit Server VM (11.0.13+0-b1751.21-8125866) for windows-amd64 JRE (11.0.13+0-b1751.21-8125866), built on Feb  2 2022 03:00:22 by "builder" with MS VC++ 14.0 (VS2015)

END.
