#
# There is insufficient memory for the Java Runtime Environment to continue.
# Native memory allocation (mmap) failed to map 134217728 bytes for Failed to commit area from 0x0000000081c00000 to 0x0000000089c00000 of length 134217728.
# Possible reasons:
#   The system is out of physical RAM or swap space
#   The process is running with CompressedOops enabled, and the Java Heap may be blocking the growth of the native heap
# Possible solutions:
#   Reduce memory load on the system
#   Increase physical memory or swap space
#   Check if swap backing store is full
#   Decrease Java heap size (-Xmx/-Xms)
#   Decrease number of Java threads
#   Decrease Java thread stack sizes (-Xss)
#   Set larger code cache with -XX:ReservedCodeCacheSize=
# This output file may be truncated or incomplete.
#
#  Out of Memory Error (./src/hotspot/os/windows/os_windows.cpp:3619), pid=20132, tid=21936
#
# JRE version:  (11.0.13) (build )
# Java VM: OpenJDK 64-Bit Server VM (11.0.13+0-b1751.21-8125866, mixed mode, sharing, tiered, compressed oops, g1 gc, windows-amd64)
# No core dump will be written. Minidumps are not enabled by default on client versions of Windows
#

---------------  S U M M A R Y ------------

Command Line: org.jetbrains.kotlin.cli.jvm.K2JVMCompiler @E:\Kotlin Tutorials\Android\MyBasicApp\app\build\20231104_18219494575566614401.compiler.options

Host: Intel(R) Core(TM) i5-8265U CPU @ 1.60GHz, 8 cores, 7G,  Windows 10 , 64 bit Build 19041 (10.0.19041.3393)
Time: Sat Nov  4 20:18:55 2023 India Standard Time elapsed time: 0.035944 seconds (0d 0h 0m 0s)

---------------  T H R E A D  ---------------

Current thread (0x00000198dfce1800):  JavaThread "Unknown thread" [_thread_in_vm, id=21936, stack(0x0000008c54500000,0x0000008c54600000)]

Stack: [0x0000008c54500000,0x0000008c54600000]
Native frames: (J=compiled Java code, j=interpreted, Vv=VM code, C=native code)
V  [jvm.dll+0x6100fa]
V  [jvm.dll+0x747090]
V  [jvm.dll+0x7486ad]
V  [jvm.dll+0x748d83]
V  [jvm.dll+0x24ab48]
V  [jvm.dll+0x60d164]
V  [jvm.dll+0x601e75]
V  [jvm.dll+0x308bdb]
V  [jvm.dll+0x308b4a]
V  [jvm.dll+0x308a22]
V  [jvm.dll+0x30d986]
V  [jvm.dll+0x357093]
V  [jvm.dll+0x357796]
V  [jvm.dll+0x357193]
V  [jvm.dll+0x2e3448]
V  [jvm.dll+0x2e45f7]
V  [jvm.dll+0x7242e7]
V  [jvm.dll+0x725adc]
V  [jvm.dll+0x364629]
V  [jvm.dll+0x707cee]
V  [jvm.dll+0x3d2633]
V  [jvm.dll+0x3d4a21]
C  [jli.dll+0x536b]
C  [ucrtbase.dll+0x21bb2]
C  [KERNEL32.DLL+0x17344]
C  [ntdll.dll+0x526b1]


---------------  P R O C E S S  ---------------

Threads class SMR info:
_java_thread_list=0x00000198dfad05a0, length=0, elements={
}

Java Threads: ( => current thread )

Other Threads:
  0x00000198dfcf8800 GCTaskThread "GC Thread#0" [stack: 0x0000008c54600000,0x0000008c54700000] [id=1808]
  0x00000198dfd2a000 ConcurrentGCThread "G1 Main Marker" [stack: 0x0000008c54700000,0x0000008c54800000] [id=18368]
  0x00000198dfd2d000 ConcurrentGCThread "G1 Conc#0" [stack: 0x0000008c54800000,0x0000008c54900000] [id=16332]

[error occurred during error reporting (printing all threads), id 0xc0000005, EXCEPTION_ACCESS_VIOLATION (0xc0000005) at pc=0x00007ffa88253dd7]

VM state:not at safepoint (not fully initialized)

VM Mutex/Monitor currently owned by a thread:  ([mutex/lock_event])
[0x00000198dfcdedd0] Heap_lock - owner thread: 0x00000198dfce1800

Heap address: 0x0000000081c00000, size: 2020 MB, Compressed Oops mode: Non-zero based: 0x0000000081c00000
Narrow klass base: 0x0000000000000000, Narrow klass shift: 0

GC Heap History (0 events):
No events

Deoptimization events (0 events):
No events

Classes redefined (0 events):
No events

Internal exceptions (0 events):
No events

Events (1 events):
Event: 0.007 Loaded shared library C:\Program Files\Android\Android Studio\jre\bin\zip.dll


Dynamic libraries:
0x00007ff745f90000 - 0x00007ff745f9a000 	C:\Program Files\Android\Android Studio\jre\bin\java.exe
0x00007ffad30f0000 - 0x00007ffad32e8000 	C:\WINDOWS\SYSTEM32\ntdll.dll
0x00007ffacb1f0000 - 0x00007ffacb209000 	C:\Program Files\Avast Software\Avast\aswhook.dll
0x00007ffad1bc0000 - 0x00007ffad1c7d000 	C:\WINDOWS\System32\KERNEL32.DLL
0x00007ffad0bd0000 - 0x00007ffad0ec6000 	C:\WINDOWS\System32\KERNELBASE.dll
0x00007ffad0950000 - 0x00007ffad0a50000 	C:\WINDOWS\System32\ucrtbase.dll
0x00007ffaa5ba0000 - 0x00007ffaa5bb9000 	C:\Program Files\Android\Android Studio\jre\bin\jli.dll
0x00007ffaa8430000 - 0x00007ffaa8447000 	C:\Program Files\Android\Android Studio\jre\bin\VCRUNTIME140.dll
0x00007ffad1340000 - 0x00007ffad14de000 	C:\WINDOWS\System32\USER32.dll
0x00007ffad0af0000 - 0x00007ffad0b12000 	C:\WINDOWS\System32\win32u.dll
0x00007ffab8800000 - 0x00007ffab8a9a000 	C:\WINDOWS\WinSxS\amd64_microsoft.windows.common-controls_6595b64144ccf1df_6.0.19041.1110_none_60b5254171f9507e\COMCTL32.dll
0x00007ffad2db0000 - 0x00007ffad2ddc000 	C:\WINDOWS\System32\GDI32.dll
0x00007ffad19f0000 - 0x00007ffad1a8e000 	C:\WINDOWS\System32\msvcrt.dll
0x00007ffad0ed0000 - 0x00007ffad0fea000 	C:\WINDOWS\System32\gdi32full.dll
0x00007ffad0a50000 - 0x00007ffad0aed000 	C:\WINDOWS\System32\msvcp_win.dll
0x00007ffad27f0000 - 0x00007ffad2820000 	C:\WINDOWS\System32\IMM32.DLL
0x00007ffa88aa0000 - 0x00007ffa88b3d000 	C:\Program Files\Android\Android Studio\jre\bin\msvcp140.dll
0x00007ffa87f60000 - 0x00007ffa88a62000 	C:\Program Files\Android\Android Studio\jre\bin\server\jvm.dll
0x00007ffad2580000 - 0x00007ffad262e000 	C:\WINDOWS\System32\ADVAPI32.dll
0x00007ffad2de0000 - 0x00007ffad2e7c000 	C:\WINDOWS\System32\sechost.dll
0x00007ffad2f20000 - 0x00007ffad3046000 	C:\WINDOWS\System32\RPCRT4.dll
0x00007ffad2e90000 - 0x00007ffad2e98000 	C:\WINDOWS\System32\PSAPI.DLL
0x00007ffab6230000 - 0x00007ffab6239000 	C:\WINDOWS\SYSTEM32\WSOCK32.dll
0x00007ffac9980000 - 0x00007ffac998a000 	C:\WINDOWS\SYSTEM32\VERSION.dll
0x00007ffab8bf0000 - 0x00007ffab8c17000 	C:\WINDOWS\SYSTEM32\WINMM.dll
0x00007ffad1b50000 - 0x00007ffad1bbb000 	C:\WINDOWS\System32\WS2_32.dll
0x00007ffacf000000 - 0x00007ffacf012000 	C:\WINDOWS\SYSTEM32\kernel.appcore.dll
0x00007ffacaf90000 - 0x00007ffacafa1000 	C:\Program Files\Android\Android Studio\jre\bin\verify.dll
0x00007fface610000 - 0x00007fface7f4000 	C:\WINDOWS\SYSTEM32\DBGHELP.DLL
0x00007ffab9e20000 - 0x00007ffab9e54000 	C:\WINDOWS\SYSTEM32\dbgcore.DLL
0x00007ffad07d0000 - 0x00007ffad0852000 	C:\WINDOWS\System32\bcryptPrimitives.dll
0x00007ffac8390000 - 0x00007ffac83b9000 	C:\Program Files\Android\Android Studio\jre\bin\java.dll
0x00007ffacaf80000 - 0x00007ffacaf8b000 	C:\Program Files\Android\Android Studio\jre\bin\jimage.dll
0x00007ffab9ce0000 - 0x00007ffab9cf8000 	C:\Program Files\Android\Android Studio\jre\bin\zip.dll

dbghelp: loaded successfully - version: 4.0.5 - missing functions: none
symbol engine: initialized successfully - sym options: 0x614 - pdb path: .;C:\Program Files\Android\Android Studio\jre\bin;C:\WINDOWS\SYSTEM32;C:\Program Files\Avast Software\Avast;C:\WINDOWS\WinSxS\amd64_microsoft.windows.common-controls_6595b64144ccf1df_6.0.19041.1110_none_60b5254171f9507e;C:\Program Files\Android\Android Studio\jre\bin\server

VM Arguments:
java_command: org.jetbrains.kotlin.cli.jvm.K2JVMCompiler @E:\Kotlin Tutorials\Android\MyBasicApp\app\build\20231104_18219494575566614401.compiler.options
java_class_path (initial): C:\Users\HP\.gradle\caches\modules-2\files-2.1\org.jetbrains.kotlin\kotlin-compiler-embeddable\1.7.10\909803167c98606fcf22b4c848647c68e351d48d\kotlin-compiler-embeddable-1.7.10.jar;C:\Users\HP\.gradle\caches\modules-2\files-2.1\org.jetbrains.kotlin\kotlin-reflect\1.7.10\165e600dfea6185cf5efa700756294cc4904dbeb\kotlin-reflect-1.7.10.jar;C:\Users\HP\.gradle\caches\modules-2\files-2.1\org.jetbrains.kotlin\kotlin-stdlib\1.7.10\d2abf9e77736acc4450dc4a3f707fa2c10f5099d\kotlin-stdlib-1.7.10.jar;C:\Users\HP\.gradle\caches\modules-2\files-2.1\org.jetbrains.kotlin\kotlin-script-runtime\1.7.10\c99c87a6988d8fd8d5142e9ed5c9f34a7cf561ee\kotlin-script-runtime-1.7.10.jar;C:\Users\HP\.gradle\caches\modules-2\files-2.1\org.jetbrains.kotlin\kotlin-daemon-embeddable\1.7.10\3a9f7aef7080d3ae63126cbba4f827ed664f32fa\kotlin-daemon-embeddable-1.7.10.jar;C:\Users\HP\.gradle\caches\modules-2\files-2.1\org.jetbrains.intellij.deps\trove4j\1.0.20200330\3afb14d5f9ceb459d724e907a21145e8ff394f02\trove4j-1.0.20200330.jar;C:\Users\HP\.gradle\caches\modules-2\files-2.1\net.java.dev.jna\jna\5.6.0\330f2244e9030119ab3030fc3fededc86713d9cc\jna-5.6.0.jar;C:\Users\HP\.gradle\caches\modules-2\files-2.1\org.jetbrains.kotlin\kotlin-stdlib-common\1.7.10\bac80c520d0a9e3f3673bc2658c6ed02ef45a76a\kotlin-stdlib-common-1.7.10.jar;C:\Users\HP\.gradle\caches\modules-2\files-2.1\org.jetbrains\annotations\13.0\919f0dfe192fb4e063e7dacadee7f8bb9a2672a9\annotations-13.0.jar
Launcher Type: SUN_STANDARD

[Global flags]
     intx CICompilerCount                          = 4                                         {product} {ergonomic}
     uint ConcGCThreads                            = 2                                         {product} {ergonomic}
     uint G1ConcRefinementThreads                  = 8                                         {product} {ergonomic}
   size_t G1HeapRegionSize                         = 1048576                                   {product} {ergonomic}
    uintx GCDrainStackTargetSize                   = 64                                        {product} {ergonomic}
   size_t InitialHeapSize                          = 134217728                                 {product} {ergonomic}
   size_t MarkStackSize                            = 4194304                                   {product} {ergonomic}
   size_t MaxHeapSize                              = 2118123520                                {product} {ergonomic}
   size_t MinHeapDeltaBytes                        = 1048576                                   {product} {ergonomic}
    uintx NonNMethodCodeHeapSize                   = 5836300                                {pd product} {ergonomic}
    uintx NonProfiledCodeHeapSize                  = 122910970                              {pd product} {ergonomic}
    uintx ProfiledCodeHeapSize                     = 122910970                              {pd product} {ergonomic}
    uintx ReservedCodeCacheSize                    = 251658240                              {pd product} {ergonomic}
     bool SegmentedCodeCache                       = true                                      {product} {ergonomic}
     bool UseCompressedClassPointers               = true                                 {lp64_product} {ergonomic}
     bool UseCompressedOops                        = true                                 {lp64_product} {ergonomic}
     bool UseG1GC                                  = true                                      {product} {ergonomic}
     bool UseLargePagesIndividualAllocation        = false                                  {pd product} {ergonomic}

Logging:
Log output configuration:
 #0: stdout all=warning uptime,level,tags
 #1: stderr all=off uptime,level,tags

Environment Variables:
JAVA_HOME=C:\Program Files\Java\jdk-16.0.1
CLASSPATH=C:\Program Files\Apache Software Foundation\Tomcat 10.0\lib\servlet-api.jar;.;
PATH=C:\App\bin;C:\WINDOWS\system32;C:\WINDOWS;C:\WINDOWS\System32\Wbem;C:\WINDOWS\System32\WindowsPowerShell\v1.0\;C:\WINDOWS\System32\OpenSSH\;C:\Program Files\Java\jdk-16.0.1\bin;C:\Program Files\MySQL\MySQL Server 8.0\bin;E:\xampp\php;C:\ProgramData\ComposerSetup\bin;C:\Program Files\MySQL\MySQL Shell 8.0\bin\;C:\Users\HP\AppData\Local\Microsoft\WindowsApps;C:\Users\HP\AppData\Roaming\Composer\vendor\bin
USERNAME=HP
OS=Windows_NT
PROCESSOR_IDENTIFIER=Intel64 Family 6 Model 142 Stepping 12, GenuineIntel



---------------  S Y S T E M  ---------------

OS: Windows 10 , 64 bit Build 19041 (10.0.19041.3393)
OS uptime: 15 days 10:26 hours

CPU:total 8 (initial active 8) (4 cores per cpu, 2 threads per core) family 6 model 142 stepping 12 microcode 0xf8, cmov, cx8, fxsr, mmx, sse, sse2, sse3, ssse3, sse4.1, sse4.2, popcnt, avx, avx2, aes, clmul, erms, 3dnowpref, lzcnt, ht, tsc, tscinvbit, bmi1, bmi2, adx, fma

Memory: 4k page, system-wide physical 8073M (171M free)
TotalPageFile size 16260M (AvailPageFile size 36M)
current process WorkingSet (physical memory assigned to process): 10M, peak: 10M
current process commit charge ("private bytes"): 60M, peak: 188M

vm_info: OpenJDK 64-Bit Server VM (11.0.13+0-b1751.21-8125866) for windows-amd64 JRE (11.0.13+0-b1751.21-8125866), built on Feb  2 2022 03:00:22 by "builder" with MS VC++ 14.0 (VS2015)

END.
