#
# There is insufficient memory for the Java Runtime Environment to continue.
# Native memory allocation (malloc) failed to allocate 1249296 bytes for Chunk::new
# Possible reasons:
#   The system is out of physical RAM or swap space
#   The process is running with CompressedOops enabled, and the Java Heap may be blocking the growth of the native heap
# Possible solutions:
#   Reduce memory load on the system
#   Increase physical memory or swap space
#   Check if swap backing store is full
#   Decrease Java heap size (-Xmx/-Xms)
#   Decrease number of Java threads
#   Decrease Java thread stack sizes (-Xss)
#   Set larger code cache with -XX:ReservedCodeCacheSize=
#   JVM is running with Unscaled Compressed Oops mode in which the Java heap is
#     placed in the first 4GB address space. The Java Heap base address is the
#     maximum limit for the native heap growth. Please use -XX:HeapBaseMinAddress
#     to set the Java Heap base and to place the Java Heap above 4GB virtual address.
# This output file may be truncated or incomplete.
#
#  Out of Memory Error (./src/hotspot/share/memory/arena.cpp:197), pid=20844, tid=21940
#
# JRE version: OpenJDK Runtime Environment (11.0.13) (build 11.0.13+0-b1751.21-8125866)
# Java VM: OpenJDK 64-Bit Server VM (11.0.13+0-b1751.21-8125866, mixed mode, tiered, compressed oops, g1 gc, windows-amd64)
# No core dump will be written. Minidumps are not enabled by default on client versions of Windows
#

---------------  S U M M A R Y ------------

Command Line: org.jetbrains.kotlin.cli.jvm.K2JVMCompiler @E:\Kotlin Tutorials\Android\MyBasicApp\app\build\20231105_5884595027972274520.compiler.options

Host: Intel(R) Core(TM) i5-8265U CPU @ 1.60GHz, 8 cores, 7G,  Windows 10 , 64 bit Build 19041 (10.0.19041.3393)
Time: Sun Nov  5 11:44:59 2023 India Standard Time elapsed time: 2.140002 seconds (0d 0h 0m 2s)

---------------  T H R E A D  ---------------

Current thread (0x000001dcb33af800):  JavaThread "C2 CompilerThread0" daemon [_thread_in_native, id=21940, stack(0x0000005f75c00000,0x0000005f75d00000)]


Current CompileTask:
C2:   2140 2532   !   4       java.net.URL::<init> (543 bytes)

Stack: [0x0000005f75c00000,0x0000005f75d00000]
Native frames: (J=compiled Java code, j=interpreted, Vv=VM code, C=native code)
V  [jvm.dll+0x6100fa]
V  [jvm.dll+0x747090]
V  [jvm.dll+0x7486ad]
V  [jvm.dll+0x748d83]
V  [jvm.dll+0x24ab48]
V  [jvm.dll+0xc04dc]
V  [jvm.dll+0xc0a0c]
V  [jvm.dll+0x35eb5b]
V  [jvm.dll+0x32b833]
V  [jvm.dll+0x32ad2a]
V  [jvm.dll+0x2032b2]
V  [jvm.dll+0x202437]
V  [jvm.dll+0x188e01]
V  [jvm.dll+0x21106b]
V  [jvm.dll+0x20f8c1]
V  [jvm.dll+0x70de0f]
V  [jvm.dll+0x706a75]
V  [jvm.dll+0x60ed66]
C  [ucrtbase.dll+0x21bb2]
C  [KERNEL32.DLL+0x17344]
C  [ntdll.dll+0x526b1]


---------------  P R O C E S S  ---------------

Threads class SMR info:
_java_thread_list=0x000001dcb34fc960, length=10, elements={
0x000001dc98670800, 0x000001dcb2a30000, 0x000001dcb2a39000, 0x000001dcb33a7800,
0x000001dcb33aa000, 0x000001dcb33ab000, 0x000001dcb33af800, 0x000001dcb2a49800,
0x000001dcb2a4d000, 0x000001dcb3530800
}

Java Threads: ( => current thread )
  0x000001dc98670800 JavaThread "main" [_thread_in_vm, id=6768, stack(0x0000005f75000000,0x0000005f75100000)]
  0x000001dcb2a30000 JavaThread "Reference Handler" daemon [_thread_blocked, id=7996, stack(0x0000005f75700000,0x0000005f75800000)]
  0x000001dcb2a39000 JavaThread "Finalizer" daemon [_thread_blocked, id=16476, stack(0x0000005f75800000,0x0000005f75900000)]
  0x000001dcb33a7800 JavaThread "Signal Dispatcher" daemon [_thread_blocked, id=11748, stack(0x0000005f75900000,0x0000005f75a00000)]
  0x000001dcb33aa000 JavaThread "Attach Listener" daemon [_thread_blocked, id=10560, stack(0x0000005f75a00000,0x0000005f75b00000)]
  0x000001dcb33ab000 JavaThread "Service Thread" daemon [_thread_blocked, id=10040, stack(0x0000005f75b00000,0x0000005f75c00000)]
=>0x000001dcb33af800 JavaThread "C2 CompilerThread0" daemon [_thread_in_native, id=21940, stack(0x0000005f75c00000,0x0000005f75d00000)]
  0x000001dcb2a49800 JavaThread "C1 CompilerThread0" daemon [_thread_blocked, id=2740, stack(0x0000005f75d00000,0x0000005f75e00000)]
  0x000001dcb2a4d000 JavaThread "Sweeper thread" daemon [_thread_blocked, id=7796, stack(0x0000005f75e00000,0x0000005f75f00000)]
  0x000001dcb3530800 JavaThread "Common-Cleaner" daemon [_thread_blocked, id=14976, stack(0x0000005f76000000,0x0000005f76100000)]

Other Threads:
  0x000001dcb2a0d800 VMThread "VM Thread" [stack: 0x0000005f75600000,0x0000005f75700000] [id=2064]
  0x000001dcb3508800 WatcherThread [stack: 0x0000005f75f00000,0x0000005f76000000] [id=7932]
  0x000001dc98687800 GCTaskThread "GC Thread#0" [stack: 0x0000005f75100000,0x0000005f75200000] [id=16436]
  0x000001dcb3d5f800 GCTaskThread "GC Thread#1" [stack: 0x0000005f76100000,0x0000005f76200000] [id=5664]
  0x000001dcb3dd5000 GCTaskThread "GC Thread#2" [stack: 0x0000005f76200000,0x0000005f76300000] [id=14800]
  0x000001dc986b8000 ConcurrentGCThread "G1 Main Marker" [stack: 0x0000005f75200000,0x0000005f75300000] [id=18208]
  0x000001dc986ba800 ConcurrentGCThread "G1 Conc#0" [stack: 0x0000005f75300000,0x0000005f75400000] [id=22448]
  0x000001dcb4859800 ConcurrentGCThread "G1 Conc#1" [stack: 0x0000005f76300000,0x0000005f76400000] [id=19740]
  0x000001dcb2870800 ConcurrentGCThread "G1 Refine#0" [stack: 0x0000005f75400000,0x0000005f75500000] [id=10028]
  0x000001dcb551f800 ConcurrentGCThread "G1 Refine#1" [stack: 0x0000005f76400000,0x0000005f76500000] [id=14556]
  0x000001dcb2871800 ConcurrentGCThread "G1 Young RemSet Sampling" [stack: 0x0000005f75500000,0x0000005f75600000] [id=18700]

Threads with active compile tasks:
C2 CompilerThread0   2154 2532   !   4       java.net.URL::<init> (543 bytes)

VM state:not at safepoint (normal execution)

VM Mutex/Monitor currently owned by a thread: None

Heap address: 0x0000000081c00000, size: 2020 MB, Compressed Oops mode: 32-bit
Narrow klass base: 0x0000000000000000, Narrow klass shift: 3
Compressed class space size: 1073741824 Address: 0x0000000100000000

Heap:
 garbage-first heap   total 131072K, used 37772K [0x0000000081c00000, 0x0000000100000000)
  region size 1024K, 24 young (24576K), 7 survivors (7168K)
 Metaspace       used 38419K, capacity 38867K, committed 38960K, reserved 1083392K
  class space    used 4682K, capacity 4862K, committed 4912K, reserved 1048576K
Heap Regions: E=young(eden), S=young(survivor), O=old, HS=humongous(starts), HC=humongous(continues), CS=collection set, F=free, A=archive, TAMS=top-at-mark-start (previous, next)
|   0|0x0000000081c00000, 0x0000000081d00000, 0x0000000081d00000|100%|HS|  |TAMS 0x0000000081d00000, 0x0000000081c00000| Complete 
|   1|0x0000000081d00000, 0x0000000081e00000, 0x0000000081e00000|100%|HC|  |TAMS 0x0000000081e00000, 0x0000000081d00000| Complete 
|   2|0x0000000081e00000, 0x0000000081f00000, 0x0000000081f00000|100%|HC|  |TAMS 0x0000000081f00000, 0x0000000081e00000| Complete 
|   3|0x0000000081f00000, 0x0000000082000000, 0x0000000082000000|100%| O|  |TAMS 0x0000000082000000, 0x0000000081f00000| Untracked 
|   4|0x0000000082000000, 0x0000000082100000, 0x0000000082100000|100%| O|  |TAMS 0x0000000082100000, 0x0000000082000000| Untracked 
|   5|0x0000000082100000, 0x0000000082200000, 0x0000000082200000|100%|HS|  |TAMS 0x0000000082200000, 0x0000000082100000| Complete 
|   6|0x0000000082200000, 0x0000000082300000, 0x0000000082300000|100%|HC|  |TAMS 0x0000000082300000, 0x0000000082200000| Complete 
|   7|0x0000000082300000, 0x0000000082400000, 0x0000000082400000|100%|HC|  |TAMS 0x0000000082400000, 0x0000000082300000| Complete 
|   8|0x0000000082400000, 0x0000000082400000, 0x0000000082500000|  0%| F|  |TAMS 0x0000000082400000, 0x0000000082400000| Untracked 
|   9|0x0000000082500000, 0x0000000082500000, 0x0000000082600000|  0%| F|  |TAMS 0x0000000082500000, 0x0000000082500000| Untracked 
|  10|0x0000000082600000, 0x0000000082700000, 0x0000000082700000|100%| O|  |TAMS 0x0000000082700000, 0x0000000082600000| Untracked 
|  11|0x0000000082700000, 0x0000000082800000, 0x0000000082800000|100%| O|  |TAMS 0x0000000082800000, 0x0000000082700000| Untracked 
|  12|0x0000000082800000, 0x0000000082900000, 0x0000000082900000|100%| O|  |TAMS 0x0000000082900000, 0x0000000082800000| Untracked 
|  13|0x0000000082900000, 0x0000000082a00000, 0x0000000082a00000|100%| O|  |TAMS 0x0000000082a00000, 0x0000000082900000| Untracked 
|  14|0x0000000082a00000, 0x0000000082b00000, 0x0000000082b00000|100%| O|  |TAMS 0x0000000082b00000, 0x0000000082a00000| Untracked 
|  15|0x0000000082b00000, 0x0000000082c00000, 0x0000000082c00000|100%| O|  |TAMS 0x0000000082c00000, 0x0000000082b00000| Untracked 
|  16|0x0000000082c00000, 0x0000000082c68e00, 0x0000000082d00000| 40%| O|  |TAMS 0x0000000082c68e00, 0x0000000082c00000| Untracked 
|  17|0x0000000082d00000, 0x0000000082d00000, 0x0000000082e00000|  0%| F|  |TAMS 0x0000000082d00000, 0x0000000082d00000| Untracked 
|  18|0x0000000082e00000, 0x0000000082e00000, 0x0000000082f00000|  0%| F|  |TAMS 0x0000000082e00000, 0x0000000082e00000| Untracked 
|  19|0x0000000082f00000, 0x0000000082f00000, 0x0000000083000000|  0%| F|  |TAMS 0x0000000082f00000, 0x0000000082f00000| Untracked 
|  20|0x0000000083000000, 0x0000000083000000, 0x0000000083100000|  0%| F|  |TAMS 0x0000000083000000, 0x0000000083000000| Untracked 
|  21|0x0000000083100000, 0x0000000083100000, 0x0000000083200000|  0%| F|  |TAMS 0x0000000083100000, 0x0000000083100000| Untracked 
|  22|0x0000000083200000, 0x0000000083200000, 0x0000000083300000|  0%| F|  |TAMS 0x0000000083200000, 0x0000000083200000| Untracked 
|  23|0x0000000083300000, 0x0000000083300000, 0x0000000083400000|  0%| F|  |TAMS 0x0000000083300000, 0x0000000083300000| Untracked 
|  24|0x0000000083400000, 0x0000000083400000, 0x0000000083500000|  0%| F|  |TAMS 0x0000000083400000, 0x0000000083400000| Untracked 
|  25|0x0000000083500000, 0x0000000083500000, 0x0000000083600000|  0%| F|  |TAMS 0x0000000083500000, 0x0000000083500000| Untracked 
|  26|0x0000000083600000, 0x0000000083600000, 0x0000000083700000|  0%| F|  |TAMS 0x0000000083600000, 0x0000000083600000| Untracked 
|  27|0x0000000083700000, 0x0000000083700000, 0x0000000083800000|  0%| F|  |TAMS 0x0000000083700000, 0x0000000083700000| Untracked 
|  28|0x0000000083800000, 0x0000000083800000, 0x0000000083900000|  0%| F|  |TAMS 0x0000000083800000, 0x0000000083800000| Untracked 
|  29|0x0000000083900000, 0x0000000083900000, 0x0000000083a00000|  0%| F|  |TAMS 0x0000000083900000, 0x0000000083900000| Untracked 
|  30|0x0000000083a00000, 0x0000000083a00000, 0x0000000083b00000|  0%| F|  |TAMS 0x0000000083a00000, 0x0000000083a00000| Untracked 
|  31|0x0000000083b00000, 0x0000000083b00000, 0x0000000083c00000|  0%| F|  |TAMS 0x0000000083b00000, 0x0000000083b00000| Untracked 
|  32|0x0000000083c00000, 0x0000000083c00000, 0x0000000083d00000|  0%| F|  |TAMS 0x0000000083c00000, 0x0000000083c00000| Untracked 
|  33|0x0000000083d00000, 0x0000000083d00000, 0x0000000083e00000|  0%| F|  |TAMS 0x0000000083d00000, 0x0000000083d00000| Untracked 
|  34|0x0000000083e00000, 0x0000000083e00000, 0x0000000083f00000|  0%| F|  |TAMS 0x0000000083e00000, 0x0000000083e00000| Untracked 
|  35|0x0000000083f00000, 0x0000000083f00000, 0x0000000084000000|  0%| F|  |TAMS 0x0000000083f00000, 0x0000000083f00000| Untracked 
|  36|0x0000000084000000, 0x0000000084000000, 0x0000000084100000|  0%| F|  |TAMS 0x0000000084000000, 0x0000000084000000| Untracked 
|  37|0x0000000084100000, 0x0000000084100000, 0x0000000084200000|  0%| F|  |TAMS 0x0000000084100000, 0x0000000084100000| Untracked 
|  38|0x0000000084200000, 0x0000000084200000, 0x0000000084300000|  0%| F|  |TAMS 0x0000000084200000, 0x0000000084200000| Untracked 
|  39|0x0000000084300000, 0x0000000084300000, 0x0000000084400000|  0%| F|  |TAMS 0x0000000084300000, 0x0000000084300000| Untracked 
|  40|0x0000000084400000, 0x0000000084400000, 0x0000000084500000|  0%| F|  |TAMS 0x0000000084400000, 0x0000000084400000| Untracked 
|  41|0x0000000084500000, 0x0000000084500000, 0x0000000084600000|  0%| F|  |TAMS 0x0000000084500000, 0x0000000084500000| Untracked 
|  42|0x0000000084600000, 0x0000000084600000, 0x0000000084700000|  0%| F|  |TAMS 0x0000000084600000, 0x0000000084600000| Untracked 
|  43|0x0000000084700000, 0x0000000084700000, 0x0000000084800000|  0%| F|  |TAMS 0x0000000084700000, 0x0000000084700000| Untracked 
|  44|0x0000000084800000, 0x0000000084800000, 0x0000000084900000|  0%| F|  |TAMS 0x0000000084800000, 0x0000000084800000| Untracked 
|  45|0x0000000084900000, 0x0000000084900000, 0x0000000084a00000|  0%| F|  |TAMS 0x0000000084900000, 0x0000000084900000| Untracked 
|  46|0x0000000084a00000, 0x0000000084a00000, 0x0000000084b00000|  0%| F|  |TAMS 0x0000000084a00000, 0x0000000084a00000| Untracked 
|  47|0x0000000084b00000, 0x0000000084b00000, 0x0000000084c00000|  0%| F|  |TAMS 0x0000000084b00000, 0x0000000084b00000| Untracked 
|  48|0x0000000084c00000, 0x0000000084c00000, 0x0000000084d00000|  0%| F|  |TAMS 0x0000000084c00000, 0x0000000084c00000| Untracked 
|  49|0x0000000084d00000, 0x0000000084d00000, 0x0000000084e00000|  0%| F|  |TAMS 0x0000000084d00000, 0x0000000084d00000| Untracked 
|  50|0x0000000084e00000, 0x0000000084e00000, 0x0000000084f00000|  0%| F|  |TAMS 0x0000000084e00000, 0x0000000084e00000| Untracked 
|  51|0x0000000084f00000, 0x0000000084f00000, 0x0000000085000000|  0%| F|  |TAMS 0x0000000084f00000, 0x0000000084f00000| Untracked 
|  52|0x0000000085000000, 0x0000000085000000, 0x0000000085100000|  0%| F|  |TAMS 0x0000000085000000, 0x0000000085000000| Untracked 
|  53|0x0000000085100000, 0x0000000085100000, 0x0000000085200000|  0%| F|  |TAMS 0x0000000085100000, 0x0000000085100000| Untracked 
|  54|0x0000000085200000, 0x0000000085200000, 0x0000000085300000|  0%| F|  |TAMS 0x0000000085200000, 0x0000000085200000| Untracked 
|  55|0x0000000085300000, 0x0000000085300000, 0x0000000085400000|  0%| F|  |TAMS 0x0000000085300000, 0x0000000085300000| Untracked 
|  56|0x0000000085400000, 0x0000000085400000, 0x0000000085500000|  0%| F|  |TAMS 0x0000000085400000, 0x0000000085400000| Untracked 
|  57|0x0000000085500000, 0x0000000085500000, 0x0000000085600000|  0%| F|  |TAMS 0x0000000085500000, 0x0000000085500000| Untracked 
|  58|0x0000000085600000, 0x0000000085600000, 0x0000000085700000|  0%| F|  |TAMS 0x0000000085600000, 0x0000000085600000| Untracked 
|  59|0x0000000085700000, 0x0000000085700000, 0x0000000085800000|  0%| F|  |TAMS 0x0000000085700000, 0x0000000085700000| Untracked 
|  60|0x0000000085800000, 0x0000000085800000, 0x0000000085900000|  0%| F|  |TAMS 0x0000000085800000, 0x0000000085800000| Untracked 
|  61|0x0000000085900000, 0x0000000085900000, 0x0000000085a00000|  0%| F|  |TAMS 0x0000000085900000, 0x0000000085900000| Untracked 
|  62|0x0000000085a00000, 0x0000000085a00000, 0x0000000085b00000|  0%| F|  |TAMS 0x0000000085a00000, 0x0000000085a00000| Untracked 
|  63|0x0000000085b00000, 0x0000000085b00000, 0x0000000085c00000|  0%| F|  |TAMS 0x0000000085b00000, 0x0000000085b00000| Untracked 
|  64|0x0000000085c00000, 0x0000000085c00000, 0x0000000085d00000|  0%| F|  |TAMS 0x0000000085c00000, 0x0000000085c00000| Untracked 
|  65|0x0000000085d00000, 0x0000000085d00000, 0x0000000085e00000|  0%| F|  |TAMS 0x0000000085d00000, 0x0000000085d00000| Untracked 
|  66|0x0000000085e00000, 0x0000000085e00000, 0x0000000085f00000|  0%| F|  |TAMS 0x0000000085e00000, 0x0000000085e00000| Untracked 
|  67|0x0000000085f00000, 0x0000000085f00000, 0x0000000086000000|  0%| F|  |TAMS 0x0000000085f00000, 0x0000000085f00000| Untracked 
|  68|0x0000000086000000, 0x0000000086000000, 0x0000000086100000|  0%| F|  |TAMS 0x0000000086000000, 0x0000000086000000| Untracked 
|  69|0x0000000086100000, 0x0000000086100000, 0x0000000086200000|  0%| F|  |TAMS 0x0000000086100000, 0x0000000086100000| Untracked 
|  70|0x0000000086200000, 0x0000000086200000, 0x0000000086300000|  0%| F|  |TAMS 0x0000000086200000, 0x0000000086200000| Untracked 
|  71|0x0000000086300000, 0x0000000086300000, 0x0000000086400000|  0%| F|  |TAMS 0x0000000086300000, 0x0000000086300000| Untracked 
|  72|0x0000000086400000, 0x0000000086400000, 0x0000000086500000|  0%| F|  |TAMS 0x0000000086400000, 0x0000000086400000| Untracked 
|  73|0x0000000086500000, 0x0000000086500000, 0x0000000086600000|  0%| F|  |TAMS 0x0000000086500000, 0x0000000086500000| Untracked 
|  74|0x0000000086600000, 0x0000000086600000, 0x0000000086700000|  0%| F|  |TAMS 0x0000000086600000, 0x0000000086600000| Untracked 
|  75|0x0000000086700000, 0x0000000086700000, 0x0000000086800000|  0%| F|  |TAMS 0x0000000086700000, 0x0000000086700000| Untracked 
|  76|0x0000000086800000, 0x0000000086800000, 0x0000000086900000|  0%| F|  |TAMS 0x0000000086800000, 0x0000000086800000| Untracked 
|  77|0x0000000086900000, 0x0000000086900000, 0x0000000086a00000|  0%| F|  |TAMS 0x0000000086900000, 0x0000000086900000| Untracked 
|  78|0x0000000086a00000, 0x0000000086a00000, 0x0000000086b00000|  0%| F|  |TAMS 0x0000000086a00000, 0x0000000086a00000| Untracked 
|  79|0x0000000086b00000, 0x0000000086b00000, 0x0000000086c00000|  0%| F|  |TAMS 0x0000000086b00000, 0x0000000086b00000| Untracked 
|  80|0x0000000086c00000, 0x0000000086c00000, 0x0000000086d00000|  0%| F|  |TAMS 0x0000000086c00000, 0x0000000086c00000| Untracked 
|  81|0x0000000086d00000, 0x0000000086d00000, 0x0000000086e00000|  0%| F|  |TAMS 0x0000000086d00000, 0x0000000086d00000| Untracked 
|  82|0x0000000086e00000, 0x0000000086e00000, 0x0000000086f00000|  0%| F|  |TAMS 0x0000000086e00000, 0x0000000086e00000| Untracked 
|  83|0x0000000086f00000, 0x0000000086f00000, 0x0000000087000000|  0%| F|  |TAMS 0x0000000086f00000, 0x0000000086f00000| Untracked 
|  84|0x0000000087000000, 0x0000000087000000, 0x0000000087100000|  0%| F|  |TAMS 0x0000000087000000, 0x0000000087000000| Untracked 
|  85|0x0000000087100000, 0x0000000087100000, 0x0000000087200000|  0%| F|  |TAMS 0x0000000087100000, 0x0000000087100000| Untracked 
|  86|0x0000000087200000, 0x0000000087200000, 0x0000000087300000|  0%| F|  |TAMS 0x0000000087200000, 0x0000000087200000| Untracked 
|  87|0x0000000087300000, 0x0000000087300000, 0x0000000087400000|  0%| F|  |TAMS 0x0000000087300000, 0x0000000087300000| Untracked 
|  88|0x0000000087400000, 0x0000000087400000, 0x0000000087500000|  0%| F|  |TAMS 0x0000000087400000, 0x0000000087400000| Untracked 
|  89|0x0000000087500000, 0x0000000087500000, 0x0000000087600000|  0%| F|  |TAMS 0x0000000087500000, 0x0000000087500000| Untracked 
|  90|0x0000000087600000, 0x0000000087600000, 0x0000000087700000|  0%| F|  |TAMS 0x0000000087600000, 0x0000000087600000| Untracked 
|  91|0x0000000087700000, 0x0000000087700000, 0x0000000087800000|  0%| F|  |TAMS 0x0000000087700000, 0x0000000087700000| Untracked 
|  92|0x0000000087800000, 0x0000000087800000, 0x0000000087900000|  0%| F|  |TAMS 0x0000000087800000, 0x0000000087800000| Untracked 
|  93|0x0000000087900000, 0x0000000087900000, 0x0000000087a00000|  0%| F|  |TAMS 0x0000000087900000, 0x0000000087900000| Untracked 
|  94|0x0000000087a00000, 0x0000000087a00000, 0x0000000087b00000|  0%| F|  |TAMS 0x0000000087a00000, 0x0000000087a00000| Untracked 
|  95|0x0000000087b00000, 0x0000000087b00000, 0x0000000087c00000|  0%| F|  |TAMS 0x0000000087b00000, 0x0000000087b00000| Untracked 
|  96|0x0000000087c00000, 0x0000000087c00000, 0x0000000087d00000|  0%| F|  |TAMS 0x0000000087c00000, 0x0000000087c00000| Untracked 
|  97|0x0000000087d00000, 0x0000000087d00000, 0x0000000087e00000|  0%| F|  |TAMS 0x0000000087d00000, 0x0000000087d00000| Untracked 
|  98|0x0000000087e00000, 0x0000000087e00000, 0x0000000087f00000|  0%| F|  |TAMS 0x0000000087e00000, 0x0000000087e00000| Untracked 
|  99|0x0000000087f00000, 0x0000000087f00000, 0x0000000088000000|  0%| F|  |TAMS 0x0000000087f00000, 0x0000000087f00000| Untracked 
| 100|0x0000000088000000, 0x0000000088000000, 0x0000000088100000|  0%| F|  |TAMS 0x0000000088000000, 0x0000000088000000| Untracked 
| 101|0x0000000088100000, 0x0000000088100000, 0x0000000088200000|  0%| F|  |TAMS 0x0000000088100000, 0x0000000088100000| Untracked 
| 102|0x0000000088200000, 0x0000000088200000, 0x0000000088300000|  0%| F|  |TAMS 0x0000000088200000, 0x0000000088200000| Untracked 
| 103|0x0000000088300000, 0x000000008837a4e0, 0x0000000088400000| 47%| S|CS|TAMS 0x0000000088300000, 0x0000000088300000| Complete 
| 104|0x0000000088400000, 0x0000000088500000, 0x0000000088500000|100%| S|CS|TAMS 0x0000000088400000, 0x0000000088400000| Complete 
| 105|0x0000000088500000, 0x0000000088600000, 0x0000000088600000|100%| S|CS|TAMS 0x0000000088500000, 0x0000000088500000| Complete 
| 106|0x0000000088600000, 0x0000000088700000, 0x0000000088700000|100%| S|CS|TAMS 0x0000000088600000, 0x0000000088600000| Complete 
| 107|0x0000000088700000, 0x0000000088800000, 0x0000000088800000|100%| S|CS|TAMS 0x0000000088700000, 0x0000000088700000| Complete 
| 108|0x0000000088800000, 0x0000000088900000, 0x0000000088900000|100%| S|CS|TAMS 0x0000000088800000, 0x0000000088800000| Complete 
| 109|0x0000000088900000, 0x0000000088a00000, 0x0000000088a00000|100%| S|CS|TAMS 0x0000000088900000, 0x0000000088900000| Complete 
| 110|0x0000000088a00000, 0x0000000088a00000, 0x0000000088b00000|  0%| F|  |TAMS 0x0000000088a00000, 0x0000000088a00000| Untracked 
| 111|0x0000000088b00000, 0x0000000088c00000, 0x0000000088c00000|100%| E|  |TAMS 0x0000000088b00000, 0x0000000088b00000| Complete 
| 112|0x0000000088c00000, 0x0000000088d00000, 0x0000000088d00000|100%| E|CS|TAMS 0x0000000088c00000, 0x0000000088c00000| Complete 
| 113|0x0000000088d00000, 0x0000000088e00000, 0x0000000088e00000|100%| E|CS|TAMS 0x0000000088d00000, 0x0000000088d00000| Complete 
| 114|0x0000000088e00000, 0x0000000088f00000, 0x0000000088f00000|100%| E|CS|TAMS 0x0000000088e00000, 0x0000000088e00000| Complete 
| 115|0x0000000088f00000, 0x0000000089000000, 0x0000000089000000|100%| E|CS|TAMS 0x0000000088f00000, 0x0000000088f00000| Complete 
| 116|0x0000000089000000, 0x0000000089100000, 0x0000000089100000|100%| E|CS|TAMS 0x0000000089000000, 0x0000000089000000| Complete 
| 117|0x0000000089100000, 0x0000000089200000, 0x0000000089200000|100%| E|CS|TAMS 0x0000000089100000, 0x0000000089100000| Complete 
| 118|0x0000000089200000, 0x0000000089300000, 0x0000000089300000|100%| E|CS|TAMS 0x0000000089200000, 0x0000000089200000| Complete 
| 119|0x0000000089300000, 0x0000000089400000, 0x0000000089400000|100%| E|CS|TAMS 0x0000000089300000, 0x0000000089300000| Complete 
| 120|0x0000000089400000, 0x0000000089500000, 0x0000000089500000|100%| E|CS|TAMS 0x0000000089400000, 0x0000000089400000| Complete 
| 121|0x0000000089500000, 0x0000000089600000, 0x0000000089600000|100%| E|CS|TAMS 0x0000000089500000, 0x0000000089500000| Complete 
| 122|0x0000000089600000, 0x0000000089700000, 0x0000000089700000|100%| E|CS|TAMS 0x0000000089600000, 0x0000000089600000| Complete 
| 123|0x0000000089700000, 0x0000000089800000, 0x0000000089800000|100%| E|CS|TAMS 0x0000000089700000, 0x0000000089700000| Complete 
| 124|0x0000000089800000, 0x0000000089900000, 0x0000000089900000|100%| E|CS|TAMS 0x0000000089800000, 0x0000000089800000| Complete 
| 125|0x0000000089900000, 0x0000000089a00000, 0x0000000089a00000|100%| E|CS|TAMS 0x0000000089900000, 0x0000000089900000| Complete 
| 126|0x0000000089a00000, 0x0000000089b00000, 0x0000000089b00000|100%| E|CS|TAMS 0x0000000089a00000, 0x0000000089a00000| Complete 
| 127|0x0000000089b00000, 0x0000000089c00000, 0x0000000089c00000|100%| E|CS|TAMS 0x0000000089b00000, 0x0000000089b00000| Complete 

Card table byte_map: [0x000001dcab8c0000,0x000001dcabcc0000] _byte_map_base: 0x000001dcab4b2000

Marking Bits (Prev, Next): (CMBitMap*) 0x000001dc986af348, (CMBitMap*) 0x000001dc986af380
 Prev Bits: [0x000001dcac0c0000, 0x000001dcae050000)
 Next Bits: [0x000001dcae050000, 0x000001dcaffe0000)

Polling page: 0x000001dc97e50000

Metaspace:

Usage:
  Non-class:     33.27 MB capacity,    32.99 MB (>99%) used,   229.51 KB ( <1%) free+waste,    55.38 KB ( <1%) overhead. 
      Class:      4.75 MB capacity,     4.58 MB ( 96%) used,   149.22 KB (  3%) free+waste,    25.38 KB ( <1%) overhead. 
       Both:     38.02 MB capacity,    37.57 MB ( 99%) used,   378.73 KB ( <1%) free+waste,    80.75 KB ( <1%) overhead. 

Virtual space:
  Non-class space:       34.00 MB reserved,      33.50 MB ( 99%) committed 
      Class space:        1.00 GB reserved,       4.80 MB ( <1%) committed 
             Both:        1.03 GB reserved,      38.30 MB (  4%) committed 

Chunk freelists:
   Non-Class:  43.00 KB
       Class:  2.00 KB
        Both:  45.00 KB

MaxMetaspaceSize: 17179869184.00 GB
CompressedClassSpaceSize: 1.00 GB
Initial GC threshold: 20.80 MB
Current GC threshold: 58.83 MB
CDS: off

CodeHeap 'non-profiled nmethods': size=120000Kb used=906Kb max_used=906Kb free=119093Kb
 bounds [0x000001dca3c60000, 0x000001dca3ed0000, 0x000001dcab190000]
CodeHeap 'profiled nmethods': size=120000Kb used=5153Kb max_used=5153Kb free=114846Kb
 bounds [0x000001dc9c730000, 0x000001dc9cc40000, 0x000001dca3c60000]
CodeHeap 'non-nmethods': size=5760Kb used=1246Kb max_used=1293Kb free=4513Kb
 bounds [0x000001dc9c190000, 0x000001dc9c400000, 0x000001dc9c730000]
 total_blobs=3116 nmethods=2587 adapters=441
 compilation: enabled
              stopped_count=0, restarted_count=0
 full_count=0

Compilation events (20 events):
Event: 2.115 Thread 0x000001dcb2a49800 2588       3       java.lang.Class$AnnotationData::<init> (20 bytes)
Event: 2.115 Thread 0x000001dcb2a49800 nmethod 2588 0x000001dc9cc2dc90 code [0x000001dc9cc2de40, 0x000001dc9cc2e058]
Event: 2.117 Thread 0x000001dcb2a49800 2590   !   3       com.sun.proxy.$Proxy1::annotationType (29 bytes)
Event: 2.117 Thread 0x000001dcb2a49800 nmethod 2590 0x000001dc9cc2e110 code [0x000001dc9cc2e300, 0x000001dc9cc2e6d8]
Event: 2.117 Thread 0x000001dcb2a49800 2591       3       kotlin.collections.CollectionsKt___CollectionsKt::single (68 bytes)
Event: 2.118 Thread 0x000001dcb2a49800 nmethod 2591 0x000001dc9cc2e890 code [0x000001dc9cc2eb00, 0x000001dc9cc2f3f8]
Event: 2.119 Thread 0x000001dcb2a49800 2592       3       java.util.HashMap::putMapEntries (154 bytes)
Event: 2.119 Thread 0x000001dcb2a49800 nmethod 2592 0x000001dc9cc2f710 code [0x000001dc9cc2f9e0, 0x000001dc9cc30708]
Event: 2.120 Thread 0x000001dcb2a49800 2593       3       kotlin.sequences.GeneratorSequence::<init> (27 bytes)
Event: 2.120 Thread 0x000001dcb2a49800 nmethod 2593 0x000001dc9cc30a90 code [0x000001dc9cc30d40, 0x000001dc9cc31878]
Event: 2.122 Thread 0x000001dcb2a49800 2594       3       kotlin.collections.CollectionsKt___CollectionsKt::single (76 bytes)
Event: 2.123 Thread 0x000001dcb2a49800 nmethod 2594 0x000001dc9cc31c90 code [0x000001dc9cc31f60, 0x000001dc9cc32c68]
Event: 2.125 Thread 0x000001dcb2a49800 2596       3       kotlin.collections.EmptyList::iterator (7 bytes)
Event: 2.125 Thread 0x000001dcb2a49800 nmethod 2596 0x000001dc9cc33010 code [0x000001dc9cc331c0, 0x000001dc9cc332d8]
Event: 2.125 Thread 0x000001dcb2a49800 2597       3       org.jetbrains.kotlin.container.CacheKt::getInfo (14 bytes)
Event: 2.125 Thread 0x000001dcb2a49800 nmethod 2597 0x000001dc9cc33390 code [0x000001dc9cc335c0, 0x000001dc9cc33b48]
Event: 2.125 Thread 0x000001dcb2a49800 2598       3       org.jetbrains.kotlin.container.ClassTraversalCache::getClassInfo (43 bytes)
Event: 2.126 Thread 0x000001dcb2a49800 nmethod 2598 0x000001dc9cc33d90 code [0x000001dc9cc340a0, 0x000001dc9cc35008]
Event: 2.134 Thread 0x000001dcb2a49800 2600       3       java.util.LinkedHashSet::<init> (10 bytes)
Event: 2.134 Thread 0x000001dcb2a49800 nmethod 2600 0x000001dc9cc35590 code [0x000001dc9cc357a0, 0x000001dc9cc35ba8]

GC Heap History (8 events):
Event: 0.512 GC heap before
{Heap before GC invocations=0 (full 0):
 garbage-first heap   total 131072K, used 27648K [0x0000000081c00000, 0x0000000100000000)
  region size 1024K, 24 young (24576K), 0 survivors (0K)
 Metaspace       used 12531K, capacity 12631K, committed 12800K, reserved 1060864K
  class space    used 1133K, capacity 1184K, committed 1280K, reserved 1048576K
}
Event: 0.516 GC heap after
{Heap after GC invocations=1 (full 0):
 garbage-first heap   total 131072K, used 6406K [0x0000000081c00000, 0x0000000100000000)
  region size 1024K, 3 young (3072K), 3 survivors (3072K)
 Metaspace       used 12531K, capacity 12631K, committed 12800K, reserved 1060864K
  class space    used 1133K, capacity 1184K, committed 1280K, reserved 1048576K
}
Event: 1.039 GC heap before
{Heap before GC invocations=1 (full 0):
 garbage-first heap   total 131072K, used 43270K [0x0000000081c00000, 0x0000000100000000)
  region size 1024K, 40 young (40960K), 3 survivors (3072K)
 Metaspace       used 21044K, capacity 21205K, committed 21296K, reserved 1069056K
  class space    used 2217K, capacity 2307K, committed 2352K, reserved 1048576K
}
Event: 1.049 GC heap after
{Heap after GC invocations=2 (full 0):
 garbage-first heap   total 131072K, used 9855K [0x0000000081c00000, 0x0000000100000000)
  region size 1024K, 7 young (7168K), 7 survivors (7168K)
 Metaspace       used 21044K, capacity 21205K, committed 21296K, reserved 1069056K
  class space    used 2217K, capacity 2307K, committed 2352K, reserved 1048576K
}
Event: 1.722 GC heap before
{Heap before GC invocations=3 (full 0):
 garbage-first heap   total 131072K, used 63103K [0x0000000081c00000, 0x0000000100000000)
  region size 1024K, 54 young (55296K), 7 survivors (7168K)
 Metaspace       used 31866K, capacity 32293K, committed 32432K, reserved 1077248K
  class space    used 3963K, capacity 4145K, committed 4272K, reserved 1048576K
}
Event: 1.736 GC heap after
{Heap after GC invocations=4 (full 0):
 garbage-first heap   total 131072K, used 20944K [0x0000000081c00000, 0x0000000100000000)
  region size 1024K, 7 young (7168K), 7 survivors (7168K)
 Metaspace       used 31866K, capacity 32293K, committed 32432K, reserved 1077248K
  class space    used 3963K, capacity 4145K, committed 4272K, reserved 1048576K
}
Event: 1.959 GC heap before
{Heap before GC invocations=4 (full 0):
 garbage-first heap   total 131072K, used 38352K [0x0000000081c00000, 0x0000000100000000)
  region size 1024K, 25 young (25600K), 7 survivors (7168K)
 Metaspace       used 35335K, capacity 35765K, committed 35888K, reserved 1081344K
  class space    used 4354K, capacity 4535K, committed 4656K, reserved 1048576K
}
Event: 1.968 GC heap after
{Heap after GC invocations=5 (full 0):
 garbage-first heap   total 131072K, used 21388K [0x0000000081c00000, 0x0000000100000000)
  region size 1024K, 7 young (7168K), 7 survivors (7168K)
 Metaspace       used 35335K, capacity 35765K, committed 35888K, reserved 1081344K
  class space    used 4354K, capacity 4535K, committed 4656K, reserved 1048576K
}

Deoptimization events (20 events):
Event: 1.931 Thread 0x000001dc98670800 Uncommon trap: trap_request=0xffffffde fr.pc=0x000001dca3d33f80 relative=0x0000000000000580
Event: 1.931 Thread 0x000001dc98670800 Uncommon trap: reason=class_check action=maybe_recompile pc=0x000001dca3d33f80 method=org.jetbrains.kotlin.protobuf.CodedInputStream.tryRefillBuffer(I)Z @ 177 c2
Event: 1.931 Thread 0x000001dc98670800 DEOPT PACKING pc=0x000001dca3d33f80 sp=0x0000005f750fdb70
Event: 1.931 Thread 0x000001dc98670800 DEOPT UNPACKING pc=0x000001dc9c1da1af sp=0x0000005f750fda58 mode 2
Event: 1.931 Thread 0x000001dc98670800 Uncommon trap: trap_request=0xffffffde fr.pc=0x000001dca3d33f80 relative=0x0000000000000580
Event: 1.931 Thread 0x000001dc98670800 Uncommon trap: reason=class_check action=maybe_recompile pc=0x000001dca3d33f80 method=org.jetbrains.kotlin.protobuf.CodedInputStream.tryRefillBuffer(I)Z @ 177 c2
Event: 1.931 Thread 0x000001dc98670800 DEOPT PACKING pc=0x000001dca3d33f80 sp=0x0000005f750fdb70
Event: 1.931 Thread 0x000001dc98670800 DEOPT UNPACKING pc=0x000001dc9c1da1af sp=0x0000005f750fda58 mode 2
Event: 1.932 Thread 0x000001dc98670800 Uncommon trap: trap_request=0xffffffde fr.pc=0x000001dca3d33f80 relative=0x0000000000000580
Event: 1.932 Thread 0x000001dc98670800 Uncommon trap: reason=class_check action=maybe_recompile pc=0x000001dca3d33f80 method=org.jetbrains.kotlin.protobuf.CodedInputStream.tryRefillBuffer(I)Z @ 177 c2
Event: 1.932 Thread 0x000001dc98670800 DEOPT PACKING pc=0x000001dca3d33f80 sp=0x0000005f750fdb70
Event: 1.932 Thread 0x000001dc98670800 DEOPT UNPACKING pc=0x000001dc9c1da1af sp=0x0000005f750fda58 mode 2
Event: 1.932 Thread 0x000001dc98670800 Uncommon trap: trap_request=0xffffffde fr.pc=0x000001dca3d33f80 relative=0x0000000000000580
Event: 1.932 Thread 0x000001dc98670800 Uncommon trap: reason=class_check action=maybe_recompile pc=0x000001dca3d33f80 method=org.jetbrains.kotlin.protobuf.CodedInputStream.tryRefillBuffer(I)Z @ 177 c2
Event: 1.932 Thread 0x000001dc98670800 DEOPT PACKING pc=0x000001dca3d33f80 sp=0x0000005f750fdb70
Event: 1.932 Thread 0x000001dc98670800 DEOPT UNPACKING pc=0x000001dc9c1da1af sp=0x0000005f750fda58 mode 2
Event: 2.017 Thread 0x000001dc98670800 Uncommon trap: trap_request=0xffffff4d fr.pc=0x000001dca3c938f0 relative=0x00000000000003b0
Event: 2.017 Thread 0x000001dc98670800 Uncommon trap: reason=unstable_if action=reinterpret pc=0x000001dca3c938f0 method=java.util.concurrent.ConcurrentHashMap.get(Ljava/lang/Object;)Ljava/lang/Object; @ 76 c2
Event: 2.017 Thread 0x000001dc98670800 DEOPT PACKING pc=0x000001dca3c938f0 sp=0x0000005f750fa120
Event: 2.017 Thread 0x000001dc98670800 DEOPT UNPACKING pc=0x000001dc9c1da1af sp=0x0000005f750fa0a8 mode 2

Classes redefined (0 events):
No events

Internal exceptions (20 events):
Event: 0.852 Thread 0x000001dc98670800 Exception <a 'java/lang/NoSuchMethodError'{0x00000000884a2a20}: 'long java.lang.invoke.DelegatingMethodHandle$Holder.reinvoke_L(java.lang.Object, java.lang.Object, java.lang.Object)'> (0x00000000884a2a20) thrown at [./src/hotspot/share/interpreter/linkResolver.cpp, line 773]
Event: 0.853 Thread 0x000001dc98670800 Exception <a 'java/lang/NoSuchMethodError'{0x00000000884ac6e0}: 'int java.lang.invoke.DirectMethodHandle$Holder.invokeSpecial(java.lang.Object, java.lang.Object, java.lang.Object, java.lang.Object)'> (0x00000000884ac6e0) thrown at [./src/hotspot/share/interpreter/linkResolver.cpp, line 773]
Event: 0.854 Thread 0x000001dc98670800 Exception <a 'java/lang/NoSuchMethodError'{0x00000000884bb4c0}: 'int java.lang.invoke.DelegatingMethodHandle$Holder.reinvoke_L(java.lang.Object, java.lang.Object, java.lang.Object, long, int)'> (0x00000000884bb4c0) thrown at [./src/hotspot/share/interpreter/linkResolver.cpp, line 773]
Event: 0.941 Thread 0x000001dc98670800 Exception <a 'java/lang/NoSuchMethodError'{0x0000000087dfb2a0}: 'int java.lang.invoke.DirectMethodHandle$Holder.invokeSpecialIFC(java.lang.Object, java.lang.Object, int)'> (0x0000000087dfb2a0) thrown at [./src/hotspot/share/interpreter/linkResolver.cpp, line 773]
Event: 1.029 Thread 0x000001dc98670800 Exception <a 'java/lang/NoSuchMethodError'{0x0000000087553db8}: 'java.lang.Object java.lang.invoke.DirectMethodHandle$Holder.invokeStaticInit(java.lang.Object, int)'> (0x0000000087553db8) thrown at [./src/hotspot/share/interpreter/linkResolver.cpp, line 773]
Event: 1.066 Thread 0x000001dc98670800 Exception <a 'java/lang/NoSuchMethodError'{0x0000000089bf9770}: 'long java.lang.invoke.DirectMethodHandle$Holder.invokeStatic(java.lang.Object)'> (0x0000000089bf9770) thrown at [./src/hotspot/share/interpreter/linkResolver.cpp, line 773]
Event: 1.067 Thread 0x000001dc98670800 Exception <a 'java/lang/NoSuchMethodError'{0x0000000089bfc5c8}: 'long java.lang.invoke.DirectMethodHandle$Holder.invokeStaticInit(java.lang.Object)'> (0x0000000089bfc5c8) thrown at [./src/hotspot/share/interpreter/linkResolver.cpp, line 773]
Event: 1.113 Thread 0x000001dc98670800 Exception <a 'java/lang/NoSuchMethodError'{0x00000000897a7fe8}: 'int java.lang.invoke.DirectMethodHandle$Holder.invokeStaticInit(java.lang.Object, java.lang.Object, java.lang.Object)'> (0x00000000897a7fe8) thrown at [./src/hotspot/share/interpreter/linkResolver.cpp, line 773]
Event: 1.117 Thread 0x000001dc98670800 Exception <a 'java/lang/NoSuchMethodError'{0x00000000897d3638}: 'int java.lang.invoke.DirectMethodHandle$Holder.invokeStaticInit(java.lang.Object, java.lang.Object)'> (0x00000000897d3638) thrown at [./src/hotspot/share/interpreter/linkResolver.cpp, line 773]
Event: 1.157 Thread 0x000001dc98670800 Exception <a 'java/lang/NoSuchMethodError'{0x00000000895e3f30}: 'void java.lang.invoke.DirectMethodHandle$Holder.invokeSpecial(java.lang.Object, java.lang.Object)'> (0x00000000895e3f30) thrown at [./src/hotspot/share/interpreter/linkResolver.cpp, line 773]
Event: 1.289 Thread 0x000001dc98670800 Exception <a 'java/lang/NoSuchMethodError'{0x0000000088c43a28}: 'java.lang.Object java.lang.invoke.DirectMethodHandle$Holder.invokeStatic(java.lang.Object, java.lang.Object, java.lang.Object, java.lang.Object, java.lang.Object, java.lang.Object, java.lang.Object, java.lang.Object, java.lang.Object, java.lang.Object, java.lang.Object, java.lang.Object, java.lang.Object, java.lang.Object, java.lang.Object)'> (0x0000000088c43a28) thrown at [./src/hotspot/share/interpreter/linkResolver.cpp, line 773]
Event: 1.290 Thread 0x000001dc98670800 Exception <a 'java/lang/NoSuchMethodError'{0x0000000088c51a30}: 'java.lang.Object java.lang.invoke.DirectMethodHandle$Holder.invokeStatic(java.lang.Object, java.lang.Object, java.lang.Object, java.lang.Object, java.lang.Object, java.lang.Object, java.lang.Object, java.lang.Object, java.lang.Object, java.lang.Object, java.lang.Object, java.lang.Object, java.lang.Object, java.lang.Object, java.lang.Object, java.lang.Object)'> (0x0000000088c51a30) thrown at [./src/hotspot/share/interpreter/linkResolver.cpp, l
Event: 1.291 Thread 0x000001dc98670800 Exception <a 'java/lang/NoSuchMethodError'{0x0000000088c5f948}: 'java.lang.Object java.lang.invoke.DirectMethodHandle$Holder.invokeSpecial(java.lang.Object, java.lang.Object, int, int, java.lang.Object, java.lang.Object, java.lang.Object)'> (0x0000000088c5f948) thrown at [./src/hotspot/share/interpreter/linkResolver.cpp, line 773]
Event: 1.291 Thread 0x000001dc98670800 Exception <a 'java/lang/NoSuchMethodError'{0x0000000088c63180}: 'java.lang.Object java.lang.invoke.DelegatingMethodHandle$Holder.reinvoke_L(java.lang.Object, int, int, java.lang.Object, java.lang.Object, java.lang.Object)'> (0x0000000088c63180) thrown at [./src/hotspot/share/interpreter/linkResolver.cpp, line 773]
Event: 1.291 Thread 0x000001dc98670800 Exception <a 'java/lang/NoSuchMethodError'{0x0000000088c67508}: 'java.lang.Object java.lang.invoke.DirectMethodHandle$Holder.invokeStatic(java.lang.Object, java.lang.Object, java.lang.Object, java.lang.Object, int)'> (0x0000000088c67508) thrown at [./src/hotspot/share/interpreter/linkResolver.cpp, line 773]
Event: 1.324 Thread 0x000001dc98670800 Exception <a 'java/lang/NoSuchMethodError'{0x0000000088b8c0d0}: 'void java.lang.invoke.DirectMethodHandle$Holder.invokeStatic(java.lang.Object, java.lang.Object, java.lang.Object, java.lang.Object)'> (0x0000000088b8c0d0) thrown at [./src/hotspot/share/interpreter/linkResolver.cpp, line 773]
Event: 1.372 Thread 0x000001dc98670800 Exception <a 'java/lang/NoSuchMethodError'{0x000000008876ade8}: 'void java.lang.invoke.DirectMethodHandle$Holder.invokeStaticInit(java.lang.Object, java.lang.Object)'> (0x000000008876ade8) thrown at [./src/hotspot/share/interpreter/linkResolver.cpp, line 773]
Event: 1.428 Thread 0x000001dc98670800 Exception <a 'java/lang/NoSuchMethodError'{0x00000000883942e8}: 'void java.lang.invoke.DirectMethodHandle$Holder.invokeVirtual(java.lang.Object, java.lang.Object)'> (0x00000000883942e8) thrown at [./src/hotspot/share/interpreter/linkResolver.cpp, line 773]
Event: 1.435 Thread 0x000001dc98670800 Exception <a 'java/lang/NoSuchMethodError'{0x000000008821d750}: 'int java.lang.invoke.DirectMethodHandle$Holder.invokeVirtual(java.lang.Object, java.lang.Object)'> (0x000000008821d750) thrown at [./src/hotspot/share/interpreter/linkResolver.cpp, line 773]
Event: 1.924 Thread 0x000001dc98670800 Exception <a 'java/lang/NoSuchMethodError'{0x0000000088db3d30}: 'java.lang.Object java.lang.invoke.DirectMethodHandle$Holder.invokeVirtual(java.lang.Object, java.lang.Object, java.lang.Object)'> (0x0000000088db3d30) thrown at [./src/hotspot/share/interpreter/linkResolver.cpp, line 773]

Events (20 events):
Event: 2.135 loading class org/jetbrains/kotlin/resolve/QualifiedExpressionResolver$TypeQualifierResolutionResult
Event: 2.135 loading class org/jetbrains/kotlin/resolve/QualifiedExpressionResolver$TypeQualifierResolutionResult done
Event: 2.136 loading class org/jetbrains/kotlin/resolve/PossiblyBareType
Event: 2.136 loading class org/jetbrains/kotlin/resolve/PossiblyBareType done
Event: 2.136 loading class org/jetbrains/kotlin/psi/KtProjectionKind
Event: 2.136 loading class org/jetbrains/kotlin/psi/KtProjectionKind done
Event: 2.137 loading class org/jetbrains/kotlin/resolve/QualifiedExpressionResolver$QualifierPart
Event: 2.137 loading class org/jetbrains/kotlin/resolve/QualifiedExpressionResolver$QualifierPart done
Event: 2.137 loading class org/jetbrains/kotlin/resolve/scopes/receivers/Qualifier
Event: 2.137 loading class org/jetbrains/kotlin/resolve/scopes/receivers/Qualifier done
Event: 2.137 loading class org/jetbrains/kotlin/resolve/scopes/receivers/QualifierReceiver
Event: 2.137 loading class org/jetbrains/kotlin/resolve/scopes/receivers/QualifierReceiver done
Event: 2.137 loading class org/jetbrains/kotlin/resolve/scopes/receivers/DetailedReceiver
Event: 2.137 loading class org/jetbrains/kotlin/resolve/scopes/receivers/DetailedReceiver done
Event: 2.137 loading class org/jetbrains/kotlin/incremental/KotlinLookupLocation
Event: 2.137 loading class org/jetbrains/kotlin/incremental/KotlinLookupLocation done
Event: 2.137 loading class org/jetbrains/kotlin/resolve/QualifiedExpressionResolver$QualifiedExpressionResolveResult
Event: 2.137 loading class org/jetbrains/kotlin/resolve/QualifiedExpressionResolver$QualifiedExpressionResolveResult done
Event: 2.138 loading class org/jetbrains/kotlin/resolve/scopes/ImportingScope
Event: 2.138 loading class org/jetbrains/kotlin/resolve/scopes/ImportingScope done


Dynamic libraries:
0x00007ff7e2020000 - 0x00007ff7e202a000 	C:\Program Files\Android\Android Studio\jre\bin\java.exe
0x00007ffad30f0000 - 0x00007ffad32e8000 	C:\WINDOWS\SYSTEM32\ntdll.dll
0x00007ffacb1f0000 - 0x00007ffacb209000 	C:\Program Files\Avast Software\Avast\aswhook.dll
0x00007ffad1bc0000 - 0x00007ffad1c7d000 	C:\WINDOWS\System32\KERNEL32.DLL
0x00007ffad0bd0000 - 0x00007ffad0ec6000 	C:\WINDOWS\System32\KERNELBASE.dll
0x00007ffad0950000 - 0x00007ffad0a50000 	C:\WINDOWS\System32\ucrtbase.dll
0x00007ffacaf20000 - 0x00007ffacaf39000 	C:\Program Files\Android\Android Studio\jre\bin\jli.dll
0x00007ffacaf00000 - 0x00007ffacaf17000 	C:\Program Files\Android\Android Studio\jre\bin\VCRUNTIME140.dll
0x00007ffad1340000 - 0x00007ffad14de000 	C:\WINDOWS\System32\USER32.dll
0x00007ffad0af0000 - 0x00007ffad0b12000 	C:\WINDOWS\System32\win32u.dll
0x00007ffab8800000 - 0x00007ffab8a9a000 	C:\WINDOWS\WinSxS\amd64_microsoft.windows.common-controls_6595b64144ccf1df_6.0.19041.1110_none_60b5254171f9507e\COMCTL32.dll
0x00007ffad2db0000 - 0x00007ffad2ddc000 	C:\WINDOWS\System32\GDI32.dll
0x00007ffad19f0000 - 0x00007ffad1a8e000 	C:\WINDOWS\System32\msvcrt.dll
0x00007ffad0ed0000 - 0x00007ffad0fea000 	C:\WINDOWS\System32\gdi32full.dll
0x00007ffad0a50000 - 0x00007ffad0aed000 	C:\WINDOWS\System32\msvcp_win.dll
0x00007ffad27f0000 - 0x00007ffad2820000 	C:\WINDOWS\System32\IMM32.DLL
0x00007ffa98a20000 - 0x00007ffa98abd000 	C:\Program Files\Android\Android Studio\jre\bin\msvcp140.dll
0x00007ffa87f60000 - 0x00007ffa88a62000 	C:\Program Files\Android\Android Studio\jre\bin\server\jvm.dll
0x00007ffad2580000 - 0x00007ffad262e000 	C:\WINDOWS\System32\ADVAPI32.dll
0x00007ffad2de0000 - 0x00007ffad2e7c000 	C:\WINDOWS\System32\sechost.dll
0x00007ffad2f20000 - 0x00007ffad3046000 	C:\WINDOWS\System32\RPCRT4.dll
0x00007ffad2e90000 - 0x00007ffad2e98000 	C:\WINDOWS\System32\PSAPI.DLL
0x00007ffab6230000 - 0x00007ffab6239000 	C:\WINDOWS\SYSTEM32\WSOCK32.dll
0x00007ffac9980000 - 0x00007ffac998a000 	C:\WINDOWS\SYSTEM32\VERSION.dll
0x00007ffab8bf0000 - 0x00007ffab8c17000 	C:\WINDOWS\SYSTEM32\WINMM.dll
0x00007ffad1b50000 - 0x00007ffad1bbb000 	C:\WINDOWS\System32\WS2_32.dll
0x00007ffacf000000 - 0x00007ffacf012000 	C:\WINDOWS\SYSTEM32\kernel.appcore.dll
0x00007ffacaf90000 - 0x00007ffacafa1000 	C:\Program Files\Android\Android Studio\jre\bin\verify.dll
0x00007fface610000 - 0x00007fface7f4000 	C:\WINDOWS\SYSTEM32\DBGHELP.DLL
0x00007ffab9e20000 - 0x00007ffab9e54000 	C:\WINDOWS\SYSTEM32\dbgcore.DLL
0x00007ffad07d0000 - 0x00007ffad0852000 	C:\WINDOWS\System32\bcryptPrimitives.dll
0x00007ffab9cd0000 - 0x00007ffab9cf9000 	C:\Program Files\Android\Android Studio\jre\bin\java.dll
0x00007ffacdbd0000 - 0x00007ffacdbdb000 	C:\Program Files\Android\Android Studio\jre\bin\jimage.dll
0x00007ffab80f0000 - 0x00007ffab8108000 	C:\Program Files\Android\Android Studio\jre\bin\zip.dll
0x00007ffad1c80000 - 0x00007ffad23c4000 	C:\WINDOWS\System32\SHELL32.dll
0x00007fface800000 - 0x00007ffacef9b000 	C:\WINDOWS\SYSTEM32\windows.storage.dll
0x00007ffad1670000 - 0x00007ffad19c4000 	C:\WINDOWS\System32\combase.dll
0x00007ffad0140000 - 0x00007ffad016d000 	C:\WINDOWS\SYSTEM32\Wldp.dll
0x00007ffad1290000 - 0x00007ffad133d000 	C:\WINDOWS\System32\SHCORE.dll
0x00007ffad3050000 - 0x00007ffad30a5000 	C:\WINDOWS\System32\shlwapi.dll
0x00007ffad0700000 - 0x00007ffad0725000 	C:\WINDOWS\SYSTEM32\profapi.dll
0x00007ffab80d0000 - 0x00007ffab80ea000 	C:\Program Files\Android\Android Studio\jre\bin\net.dll
0x00007ffac8cd0000 - 0x00007ffac8dda000 	C:\WINDOWS\SYSTEM32\WINHTTP.dll
0x00007ffacfea0000 - 0x00007ffacff0a000 	C:\WINDOWS\system32\mswsock.dll
0x00007ffab80b0000 - 0x00007ffab80c4000 	C:\Program Files\Android\Android Studio\jre\bin\nio.dll

dbghelp: loaded successfully - version: 4.0.5 - missing functions: none
symbol engine: initialized successfully - sym options: 0x614 - pdb path: .;C:\Program Files\Android\Android Studio\jre\bin;C:\WINDOWS\SYSTEM32;C:\Program Files\Avast Software\Avast;C:\WINDOWS\WinSxS\amd64_microsoft.windows.common-controls_6595b64144ccf1df_6.0.19041.1110_none_60b5254171f9507e;C:\Program Files\Android\Android Studio\jre\bin\server

VM Arguments:
java_command: org.jetbrains.kotlin.cli.jvm.K2JVMCompiler @E:\Kotlin Tutorials\Android\MyBasicApp\app\build\20231105_5884595027972274520.compiler.options
java_class_path (initial): C:\Users\HP\.gradle\caches\modules-2\files-2.1\org.jetbrains.kotlin\kotlin-compiler-embeddable\1.7.10\909803167c98606fcf22b4c848647c68e351d48d\kotlin-compiler-embeddable-1.7.10.jar;C:\Users\HP\.gradle\caches\modules-2\files-2.1\org.jetbrains.kotlin\kotlin-reflect\1.7.10\165e600dfea6185cf5efa700756294cc4904dbeb\kotlin-reflect-1.7.10.jar;C:\Users\HP\.gradle\caches\modules-2\files-2.1\org.jetbrains.kotlin\kotlin-stdlib\1.7.10\d2abf9e77736acc4450dc4a3f707fa2c10f5099d\kotlin-stdlib-1.7.10.jar;C:\Users\HP\.gradle\caches\modules-2\files-2.1\org.jetbrains.kotlin\kotlin-script-runtime\1.7.10\c99c87a6988d8fd8d5142e9ed5c9f34a7cf561ee\kotlin-script-runtime-1.7.10.jar;C:\Users\HP\.gradle\caches\modules-2\files-2.1\org.jetbrains.kotlin\kotlin-daemon-embeddable\1.7.10\3a9f7aef7080d3ae63126cbba4f827ed664f32fa\kotlin-daemon-embeddable-1.7.10.jar;C:\Users\HP\.gradle\caches\modules-2\files-2.1\org.jetbrains.intellij.deps\trove4j\1.0.20200330\3afb14d5f9ceb459d724e907a21145e8ff394f02\trove4j-1.0.20200330.jar;C:\Users\HP\.gradle\caches\modules-2\files-2.1\net.java.dev.jna\jna\5.6.0\330f2244e9030119ab3030fc3fededc86713d9cc\jna-5.6.0.jar;C:\Users\HP\.gradle\caches\modules-2\files-2.1\org.jetbrains.kotlin\kotlin-stdlib-common\1.7.10\bac80c520d0a9e3f3673bc2658c6ed02ef45a76a\kotlin-stdlib-common-1.7.10.jar;C:\Users\HP\.gradle\caches\modules-2\files-2.1\org.jetbrains\annotations\13.0\919f0dfe192fb4e063e7dacadee7f8bb9a2672a9\annotations-13.0.jar
Launcher Type: SUN_STANDARD

[Global flags]
     intx CICompilerCount                          = 4                                         {product} {ergonomic}
     uint ConcGCThreads                            = 2                                         {product} {ergonomic}
     uint G1ConcRefinementThreads                  = 8                                         {product} {ergonomic}
   size_t G1HeapRegionSize                         = 1048576                                   {product} {ergonomic}
    uintx GCDrainStackTargetSize                   = 64                                        {product} {ergonomic}
   size_t InitialHeapSize                          = 134217728                                 {product} {ergonomic}
   size_t MarkStackSize                            = 4194304                                   {product} {ergonomic}
   size_t MaxHeapSize                              = 2118123520                                {product} {ergonomic}
   size_t MaxNewSize                               = 1270874112                                {product} {ergonomic}
   size_t MinHeapDeltaBytes                        = 1048576                                   {product} {ergonomic}
    uintx NonNMethodCodeHeapSize                   = 5836300                                {pd product} {ergonomic}
    uintx NonProfiledCodeHeapSize                  = 122910970                              {pd product} {ergonomic}
    uintx ProfiledCodeHeapSize                     = 122910970                              {pd product} {ergonomic}
    uintx ReservedCodeCacheSize                    = 251658240                              {pd product} {ergonomic}
     bool SegmentedCodeCache                       = true                                      {product} {ergonomic}
     bool UseCompressedClassPointers               = true                                 {lp64_product} {ergonomic}
     bool UseCompressedOops                        = true                                 {lp64_product} {ergonomic}
     bool UseG1GC                                  = true                                      {product} {ergonomic}
     bool UseLargePagesIndividualAllocation        = false                                  {pd product} {ergonomic}

Logging:
Log output configuration:
 #0: stdout all=warning uptime,level,tags
 #1: stderr all=off uptime,level,tags

Environment Variables:
JAVA_HOME=C:\Program Files\Java\jdk-16.0.1
CLASSPATH=C:\Program Files\Apache Software Foundation\Tomcat 10.0\lib\servlet-api.jar;.;
PATH=C:\App\bin;C:\WINDOWS\system32;C:\WINDOWS;C:\WINDOWS\System32\Wbem;C:\WINDOWS\System32\WindowsPowerShell\v1.0\;C:\WINDOWS\System32\OpenSSH\;C:\Program Files\Java\jdk-16.0.1\bin;C:\Program Files\MySQL\MySQL Server 8.0\bin;E:\xampp\php;C:\ProgramData\ComposerSetup\bin;C:\Program Files\MySQL\MySQL Shell 8.0\bin\;C:\Users\HP\AppData\Local\Microsoft\WindowsApps;C:\Users\HP\AppData\Roaming\Composer\vendor\bin
USERNAME=HP
OS=Windows_NT
PROCESSOR_IDENTIFIER=Intel64 Family 6 Model 142 Stepping 12, GenuineIntel



---------------  S Y S T E M  ---------------

OS: Windows 10 , 64 bit Build 19041 (10.0.19041.3393)
OS uptime: 16 days 1:52 hours

CPU:total 8 (initial active 8) (4 cores per cpu, 2 threads per core) family 6 model 142 stepping 12 microcode 0xf8, cmov, cx8, fxsr, mmx, sse, sse2, sse3, ssse3, sse4.1, sse4.2, popcnt, avx, avx2, aes, clmul, erms, 3dnowpref, lzcnt, ht, tsc, tscinvbit, bmi1, bmi2, adx, fma

Memory: 4k page, system-wide physical 8073M (237M free)
TotalPageFile size 16265M (AvailPageFile size 4M)
current process WorkingSet (physical memory assigned to process): 200M, peak: 200M
current process commit charge ("private bytes"): 289M, peak: 289M

vm_info: OpenJDK 64-Bit Server VM (11.0.13+0-b1751.21-8125866) for windows-amd64 JRE (11.0.13+0-b1751.21-8125866), built on Feb  2 2022 03:00:22 by "builder" with MS VC++ 14.0 (VS2015)

END.
